ARM GAS  C:\Users\Ray\AppData\Local\Temp\ccRtpTzd.s 			page 1


   1              		.syntax unified
   2              		.cpu cortex-m0
   3              		.fpu softvfp
   4              		.eabi_attribute 20, 1
   5              		.eabi_attribute 21, 1
   6              		.eabi_attribute 23, 3
   7              		.eabi_attribute 24, 1
   8              		.eabi_attribute 25, 1
   9              		.eabi_attribute 26, 1
  10              		.eabi_attribute 30, 4
  11              		.eabi_attribute 34, 0
  12              		.eabi_attribute 18, 4
  13              		.thumb
  14              		.syntax unified
  15              		.file	"hmac.c"
  16              		.text
  17              	.Ltext0:
  18              		.cfi_sections	.debug_frame
  19              		.section	.text.HMAC_partial,"ax",%progbits
  20              		.align	1
  21              		.global	HMAC_partial
  22              		.code	16
  23              		.thumb_func
  24              		.type	HMAC_partial, %function
  25              	HMAC_partial:
  26              	.LFB1:
  27              		.file 1 "strong-arm\\src\\hmac\\hmac.c"
   1:strong-arm\src\hmac/hmac.c **** #include <string.h>
   2:strong-arm\src\hmac/hmac.c **** #include <strong-arm/hmac.h>
   3:strong-arm\src\hmac/hmac.c **** #include <strong-arm/sha256.h>
   4:strong-arm\src\hmac/hmac.c **** 
   5:strong-arm\src\hmac/hmac.c **** 
   6:strong-arm\src\hmac/hmac.c **** void HMAC (uint8_t *const hash, uint8_t const *const key, uint32_t klen, uint8_t const *const msg, 
   7:strong-arm\src\hmac/hmac.c **** {
   8:strong-arm\src\hmac/hmac.c **** 	HMAC_STATE state;
   9:strong-arm\src\hmac/hmac.c **** 
  10:strong-arm\src\hmac/hmac.c **** 	HMAC_partial (hash, &state, key, klen, msg, mlen, true, true);
  11:strong-arm\src\hmac/hmac.c **** }
  12:strong-arm\src\hmac/hmac.c **** 
  13:strong-arm\src\hmac/hmac.c **** 
  14:strong-arm\src\hmac/hmac.c **** void HMAC_partial (void *hash, HMAC_STATE *const state, void const *const key, size_t klen, void co
  15:strong-arm\src\hmac/hmac.c **** {
  28              		.loc 1 15 0
  29              		.cfi_startproc
  30              		@ args = 16, pretend = 0, frame = 8
  31              		@ frame_needed = 0, uses_anonymous_args = 0
  32              	.LVL0:
  33 0000 F0B5     		push	{r4, r5, r6, r7, lr}
  34              		.cfi_def_cfa_offset 20
  35              		.cfi_offset 4, -20
  36              		.cfi_offset 5, -16
  37              		.cfi_offset 6, -12
  38              		.cfi_offset 7, -8
  39              		.cfi_offset 14, -4
  40 0002 85B0     		sub	sp, sp, #20
  41              		.cfi_def_cfa_offset 40
  42              		.loc 1 15 0
ARM GAS  C:\Users\Ray\AppData\Local\Temp\ccRtpTzd.s 			page 2


  43 0004 0292     		str	r2, [sp, #8]
  44 0006 1F00     		movs	r7, r3
  45 0008 0DAA     		add	r2, sp, #52
  46              	.LVL1:
  47 000a 0CAB     		add	r3, sp, #48
  48              	.LVL2:
  49 000c 1278     		ldrb	r2, [r2]
  50              	.LVL3:
  51 000e 1B78     		ldrb	r3, [r3]
  52              	.LVL4:
  53 0010 0600     		movs	r6, r0
  54 0012 0C00     		movs	r4, r1
  55 0014 0392     		str	r2, [sp, #12]
  16:strong-arm\src\hmac/hmac.c **** 	if (first)
  56              		.loc 1 16 0
  57 0016 002B     		cmp	r3, #0
  58 0018 23D0     		beq	.L2
  59 001a 2500     		movs	r5, r4
  17:strong-arm\src\hmac/hmac.c **** 	{
  18:strong-arm\src\hmac/hmac.c **** 		memset (state, 0, sizeof (HMAC_STATE));
  60              		.loc 1 18 0
  61 001c A822     		movs	r2, #168
  62 001e 0021     		movs	r1, #0
  63              	.LVL5:
  64 0020 2000     		movs	r0, r4
  65              	.LVL6:
  66 0022 6835     		adds	r5, r5, #104
  67 0024 FFF7FEFF 		bl	memset
  68              	.LVL7:
  19:strong-arm\src\hmac/hmac.c **** 	
  20:strong-arm\src\hmac/hmac.c **** 		/* If the key is longer than the SHA256 block size, hash it and pad with 0s.
  21:strong-arm\src\hmac/hmac.c **** 		 * Otherwise, just pad with 0s. */
  22:strong-arm\src\hmac/hmac.c **** 		if (klen > 64)
  23:strong-arm\src\hmac/hmac.c **** 			SHA256 (state->padded_key, key, klen);
  69              		.loc 1 23 0
  70 0028 3A00     		movs	r2, r7
  71 002a 0299     		ldr	r1, [sp, #8]
  72 002c 2800     		movs	r0, r5
  22:strong-arm\src\hmac/hmac.c **** 			SHA256 (state->padded_key, key, klen);
  73              		.loc 1 22 0
  74 002e 402F     		cmp	r7, #64
  75 0030 02D9     		bls	.L3
  76              		.loc 1 23 0
  77 0032 FFF7FEFF 		bl	SHA256
  78              	.LVL8:
  79 0036 01E0     		b	.L4
  80              	.LVL9:
  81              	.L3:
  24:strong-arm\src\hmac/hmac.c **** 		else
  25:strong-arm\src\hmac/hmac.c **** 			memmove (state->padded_key, key, klen);
  82              		.loc 1 25 0
  83 0038 FFF7FEFF 		bl	memmove
  84              	.LVL10:
  85              	.L4:
  86 003c 2100     		movs	r1, r4
  87 003e 2B00     		movs	r3, r5
  88              	.LBB2:
ARM GAS  C:\Users\Ray\AppData\Local\Temp\ccRtpTzd.s 			page 3


  26:strong-arm\src\hmac/hmac.c **** 	
  27:strong-arm\src\hmac/hmac.c **** 		/* Inner hash */
  28:strong-arm\src\hmac/hmac.c **** 		for (uint32_t i = 0; i < 64; ++i)
  29:strong-arm\src\hmac/hmac.c **** 			state->padded_key[i] ^= 0x36;
  89              		.loc 1 29 0 discriminator 1
  90 0040 3620     		movs	r0, #54
  91 0042 A831     		adds	r1, r1, #168
  92              	.LVL11:
  93              	.L5:
  94              		.loc 1 29 0 is_stmt 0 discriminator 3
  95 0044 1A78     		ldrb	r2, [r3]
  96 0046 4240     		eors	r2, r0
  97 0048 1A70     		strb	r2, [r3]
  98              	.LVL12:
  99 004a 0133     		adds	r3, r3, #1
 100              	.LVL13:
  28:strong-arm\src\hmac/hmac.c **** 			state->padded_key[i] ^= 0x36;
 101              		.loc 1 28 0 is_stmt 1 discriminator 3
 102 004c 8B42     		cmp	r3, r1
 103 004e F9D1     		bne	.L5
 104              	.LBE2:
  30:strong-arm\src\hmac/hmac.c **** 
  31:strong-arm\src\hmac/hmac.c **** 		SHA256_partial (0, &(state->sha256_state), state->padded_key, 64, true, false);
 105              		.loc 1 31 0
 106 0050 0123     		movs	r3, #1
 107              	.LVL14:
 108 0052 0020     		movs	r0, #0
 109 0054 0093     		str	r3, [sp]
 110 0056 0190     		str	r0, [sp, #4]
 111 0058 3F33     		adds	r3, r3, #63
 112 005a 2A00     		movs	r2, r5
 113 005c 2100     		movs	r1, r4
 114 005e FFF7FEFF 		bl	SHA256_partial
 115              	.LVL15:
 116              	.L2:
  32:strong-arm\src\hmac/hmac.c **** 	}
  33:strong-arm\src\hmac/hmac.c **** 
  34:strong-arm\src\hmac/hmac.c **** 	/* Add msg */
  35:strong-arm\src\hmac/hmac.c **** 	SHA256_partial (hash, &(state->sha256_state), msg, mlen, false, last);
 117              		.loc 1 35 0
 118 0062 039B     		ldr	r3, [sp, #12]
 119 0064 0A9A     		ldr	r2, [sp, #40]
 120 0066 0193     		str	r3, [sp, #4]
 121 0068 0023     		movs	r3, #0
 122 006a 2100     		movs	r1, r4
 123 006c 0093     		str	r3, [sp]
 124 006e 3000     		movs	r0, r6
 125 0070 0B9B     		ldr	r3, [sp, #44]
 126 0072 FFF7FEFF 		bl	SHA256_partial
 127              	.LVL16:
  36:strong-arm\src\hmac/hmac.c **** 
  37:strong-arm\src\hmac/hmac.c **** 	if (!last)
 128              		.loc 1 37 0
 129 0076 039B     		ldr	r3, [sp, #12]
 130 0078 002B     		cmp	r3, #0
 131 007a 1CD0     		beq	.L1
 132 007c 2300     		movs	r3, r4
ARM GAS  C:\Users\Ray\AppData\Local\Temp\ccRtpTzd.s 			page 4


 133 007e 2000     		movs	r0, r4
 134 0080 6833     		adds	r3, r3, #104
 135 0082 1A00     		movs	r2, r3
 136              	.LBB3:
  38:strong-arm\src\hmac/hmac.c **** 		return;
  39:strong-arm\src\hmac/hmac.c **** 	
  40:strong-arm\src\hmac/hmac.c **** 	/* Outer hash */
  41:strong-arm\src\hmac/hmac.c **** 	/* We XOR with 0x36 to remove the previous XOR */
  42:strong-arm\src\hmac/hmac.c **** 	for (uint32_t i = 0; i < 64; ++i)
  43:strong-arm\src\hmac/hmac.c **** 		state->padded_key[i] ^= 0x36 ^ 0x5C;
 137              		.loc 1 43 0
 138 0084 6A25     		movs	r5, #106
 139 0086 A830     		adds	r0, r0, #168
 140              	.L7:
 141              	.LVL17:
 142              		.loc 1 43 0 is_stmt 0 discriminator 3
 143 0088 1978     		ldrb	r1, [r3]
 144 008a 6940     		eors	r1, r5
 145 008c 1970     		strb	r1, [r3]
 146              	.LVL18:
 147 008e 0133     		adds	r3, r3, #1
 148              	.LVL19:
  42:strong-arm\src\hmac/hmac.c **** 		state->padded_key[i] ^= 0x36 ^ 0x5C;
 149              		.loc 1 42 0 is_stmt 1 discriminator 3
 150 0090 8342     		cmp	r3, r0
 151 0092 F9D1     		bne	.L7
 152              	.LBE3:
  44:strong-arm\src\hmac/hmac.c **** 	SHA256_partial (NULL, &(state->sha256_state), state->padded_key, 64, true, false);
 153              		.loc 1 44 0
 154 0094 0025     		movs	r5, #0
 155 0096 0127     		movs	r7, #1
 156              	.LVL20:
 157 0098 4023     		movs	r3, #64
 158              	.LVL21:
 159 009a 2100     		movs	r1, r4
 160 009c 2800     		movs	r0, r5
 161 009e 0195     		str	r5, [sp, #4]
 162 00a0 0097     		str	r7, [sp]
 163 00a2 FFF7FEFF 		bl	SHA256_partial
 164              	.LVL22:
  45:strong-arm\src\hmac/hmac.c **** 	SHA256_partial (hash, &(state->sha256_state), hash, 32, false, true);
 165              		.loc 1 45 0
 166 00a6 0197     		str	r7, [sp, #4]
 167 00a8 0095     		str	r5, [sp]
 168 00aa 2023     		movs	r3, #32
 169 00ac 3200     		movs	r2, r6
 170 00ae 2100     		movs	r1, r4
 171 00b0 3000     		movs	r0, r6
 172 00b2 FFF7FEFF 		bl	SHA256_partial
 173              	.LVL23:
 174              	.L1:
  46:strong-arm\src\hmac/hmac.c **** 	
  47:strong-arm\src\hmac/hmac.c **** 	/* Result is now in (hash) */
  48:strong-arm\src\hmac/hmac.c **** }
 175              		.loc 1 48 0
 176 00b6 05B0     		add	sp, sp, #20
 177              		@ sp needed
ARM GAS  C:\Users\Ray\AppData\Local\Temp\ccRtpTzd.s 			page 5


 178              	.LVL24:
 179              	.LVL25:
 180 00b8 F0BD     		pop	{r4, r5, r6, r7, pc}
 181              		.cfi_endproc
 182              	.LFE1:
 183              		.size	HMAC_partial, .-HMAC_partial
 184              		.section	.text.HMAC,"ax",%progbits
 185              		.align	1
 186              		.global	HMAC
 187              		.code	16
 188              		.thumb_func
 189              		.type	HMAC, %function
 190              	HMAC:
 191              	.LFB0:
   7:strong-arm\src\hmac/hmac.c **** 	HMAC_STATE state;
 192              		.loc 1 7 0
 193              		.cfi_startproc
 194              		@ args = 4, pretend = 0, frame = 168
 195              		@ frame_needed = 0, uses_anonymous_args = 0
 196              	.LVL26:
 197 0000 10B5     		push	{r4, lr}
 198              		.cfi_def_cfa_offset 8
 199              		.cfi_offset 4, -8
 200              		.cfi_offset 14, -4
  10:strong-arm\src\hmac/hmac.c **** }
 201              		.loc 1 10 0
 202 0002 0124     		movs	r4, #1
   7:strong-arm\src\hmac/hmac.c **** 	HMAC_STATE state;
 203              		.loc 1 7 0
 204 0004 AEB0     		sub	sp, sp, #184
 205              		.cfi_def_cfa_offset 192
  10:strong-arm\src\hmac/hmac.c **** }
 206              		.loc 1 10 0
 207 0006 0394     		str	r4, [sp, #12]
 208 0008 0294     		str	r4, [sp, #8]
 209 000a 309C     		ldr	r4, [sp, #192]
 210 000c 0093     		str	r3, [sp]
 211 000e 0194     		str	r4, [sp, #4]
 212 0010 1300     		movs	r3, r2
 213              	.LVL27:
 214 0012 0A00     		movs	r2, r1
 215              	.LVL28:
 216 0014 04A9     		add	r1, sp, #16
 217              	.LVL29:
 218 0016 FFF7FEFF 		bl	HMAC_partial
 219              	.LVL30:
  11:strong-arm\src\hmac/hmac.c **** 
 220              		.loc 1 11 0
 221 001a 2EB0     		add	sp, sp, #184
 222              		@ sp needed
 223 001c 10BD     		pop	{r4, pc}
 224              		.cfi_endproc
 225              	.LFE0:
 226              		.size	HMAC, .-HMAC
 227              		.text
 228              	.Letext0:
 229              		.file 2 "c:\\program files (x86)\\cypress\\psoc creator\\4.1\\psoc creator\\import\\gnu\\arm\\5.4.
ARM GAS  C:\Users\Ray\AppData\Local\Temp\ccRtpTzd.s 			page 6


 230              		.file 3 "c:\\program files (x86)\\cypress\\psoc creator\\4.1\\psoc creator\\import\\gnu\\arm\\5.4.
 231              		.file 4 "c:\\program files (x86)\\cypress\\psoc creator\\4.1\\psoc creator\\import\\gnu\\arm\\5.4.
 232              		.file 5 ".\\strong-arm\\include/strong-arm/sha256.h"
 233              		.file 6 ".\\strong-arm\\include/strong-arm/hmac.h"
 234              		.file 7 "c:\\program files (x86)\\cypress\\psoc creator\\4.1\\psoc creator\\import\\gnu\\arm\\5.4.
 235              		.section	.debug_info,"",%progbits
 236              	.Ldebug_info0:
 237 0000 3F040000 		.4byte	0x43f
 238 0004 0400     		.2byte	0x4
 239 0006 00000000 		.4byte	.Ldebug_abbrev0
 240 000a 04       		.byte	0x4
 241 000b 01       		.uleb128 0x1
 242 000c D4010000 		.4byte	.LASF36
 243 0010 0C       		.byte	0xc
 244 0011 11010000 		.4byte	.LASF37
 245 0015 A0000000 		.4byte	.LASF38
 246 0019 00000000 		.4byte	.Ldebug_ranges0+0
 247 001d 00000000 		.4byte	0
 248 0021 00000000 		.4byte	.Ldebug_line0
 249 0025 02       		.uleb128 0x2
 250 0026 04       		.byte	0x4
 251 0027 05       		.byte	0x5
 252 0028 696E7400 		.ascii	"int\000"
 253 002c 03       		.uleb128 0x3
 254 002d 12000000 		.4byte	.LASF4
 255 0031 02       		.byte	0x2
 256 0032 D8       		.byte	0xd8
 257 0033 37000000 		.4byte	0x37
 258 0037 04       		.uleb128 0x4
 259 0038 04       		.byte	0x4
 260 0039 07       		.byte	0x7
 261 003a 32010000 		.4byte	.LASF0
 262 003e 04       		.uleb128 0x4
 263 003f 08       		.byte	0x8
 264 0040 05       		.byte	0x5
 265 0041 88010000 		.4byte	.LASF1
 266 0045 04       		.uleb128 0x4
 267 0046 08       		.byte	0x8
 268 0047 04       		.byte	0x4
 269 0048 BC010000 		.4byte	.LASF2
 270 004c 04       		.uleb128 0x4
 271 004d 01       		.byte	0x1
 272 004e 06       		.byte	0x6
 273 004f C8010000 		.4byte	.LASF3
 274 0053 03       		.uleb128 0x3
 275 0054 08000000 		.4byte	.LASF5
 276 0058 03       		.byte	0x3
 277 0059 1D       		.byte	0x1d
 278 005a 5E000000 		.4byte	0x5e
 279 005e 04       		.uleb128 0x4
 280 005f 01       		.byte	0x1
 281 0060 08       		.byte	0x8
 282 0061 63000000 		.4byte	.LASF6
 283 0065 04       		.uleb128 0x4
 284 0066 02       		.byte	0x2
 285 0067 05       		.byte	0x5
 286 0068 A0010000 		.4byte	.LASF7
ARM GAS  C:\Users\Ray\AppData\Local\Temp\ccRtpTzd.s 			page 7


 287 006c 04       		.uleb128 0x4
 288 006d 02       		.byte	0x2
 289 006e 07       		.byte	0x7
 290 006f 8D000000 		.4byte	.LASF8
 291 0073 04       		.uleb128 0x4
 292 0074 04       		.byte	0x4
 293 0075 05       		.byte	0x5
 294 0076 B3010000 		.4byte	.LASF9
 295 007a 03       		.uleb128 0x3
 296 007b 06010000 		.4byte	.LASF10
 297 007f 03       		.byte	0x3
 298 0080 41       		.byte	0x41
 299 0081 85000000 		.4byte	0x85
 300 0085 04       		.uleb128 0x4
 301 0086 04       		.byte	0x4
 302 0087 07       		.byte	0x7
 303 0088 7B000000 		.4byte	.LASF11
 304 008c 04       		.uleb128 0x4
 305 008d 08       		.byte	0x8
 306 008e 07       		.byte	0x7
 307 008f 3F010000 		.4byte	.LASF12
 308 0093 04       		.uleb128 0x4
 309 0094 04       		.byte	0x4
 310 0095 07       		.byte	0x7
 311 0096 72010000 		.4byte	.LASF13
 312 009a 05       		.uleb128 0x5
 313 009b 04       		.byte	0x4
 314 009c 04       		.uleb128 0x4
 315 009d 01       		.byte	0x1
 316 009e 08       		.byte	0x8
 317 009f 96010000 		.4byte	.LASF14
 318 00a3 06       		.uleb128 0x6
 319 00a4 04       		.byte	0x4
 320 00a5 A9000000 		.4byte	0xa9
 321 00a9 07       		.uleb128 0x7
 322 00aa 03       		.uleb128 0x3
 323 00ab 56010000 		.4byte	.LASF15
 324 00af 04       		.byte	0x4
 325 00b0 18       		.byte	0x18
 326 00b1 53000000 		.4byte	0x53
 327 00b5 03       		.uleb128 0x3
 328 00b6 AA010000 		.4byte	.LASF16
 329 00ba 04       		.byte	0x4
 330 00bb 30       		.byte	0x30
 331 00bc 7A000000 		.4byte	0x7a
 332 00c0 08       		.uleb128 0x8
 333 00c1 68       		.byte	0x68
 334 00c2 05       		.byte	0x5
 335 00c3 08       		.byte	0x8
 336 00c4 F9000000 		.4byte	0xf9
 337 00c8 09       		.uleb128 0x9
 338 00c9 19000000 		.4byte	.LASF17
 339 00cd 05       		.byte	0x5
 340 00ce 09       		.byte	0x9
 341 00cf F9000000 		.4byte	0xf9
 342 00d3 00       		.byte	0
 343 00d4 09       		.uleb128 0x9
ARM GAS  C:\Users\Ray\AppData\Local\Temp\ccRtpTzd.s 			page 8


 344 00d5 2C010000 		.4byte	.LASF18
 345 00d9 05       		.byte	0x5
 346 00da 0A       		.byte	0xa
 347 00db 09010000 		.4byte	0x109
 348 00df 20       		.byte	0x20
 349 00e0 09       		.uleb128 0x9
 350 00e1 71000000 		.4byte	.LASF19
 351 00e5 05       		.byte	0x5
 352 00e6 0B       		.byte	0xb
 353 00e7 B5000000 		.4byte	0xb5
 354 00eb 60       		.byte	0x60
 355 00ec 09       		.uleb128 0x9
 356 00ed 2B000000 		.4byte	.LASF20
 357 00f1 05       		.byte	0x5
 358 00f2 0C       		.byte	0xc
 359 00f3 B5000000 		.4byte	0xb5
 360 00f7 64       		.byte	0x64
 361 00f8 00       		.byte	0
 362 00f9 0A       		.uleb128 0xa
 363 00fa B5000000 		.4byte	0xb5
 364 00fe 09010000 		.4byte	0x109
 365 0102 0B       		.uleb128 0xb
 366 0103 93000000 		.4byte	0x93
 367 0107 07       		.byte	0x7
 368 0108 00       		.byte	0
 369 0109 0A       		.uleb128 0xa
 370 010a B5000000 		.4byte	0xb5
 371 010e 19010000 		.4byte	0x119
 372 0112 0B       		.uleb128 0xb
 373 0113 93000000 		.4byte	0x93
 374 0117 0F       		.byte	0xf
 375 0118 00       		.byte	0
 376 0119 03       		.uleb128 0x3
 377 011a 34000000 		.4byte	.LASF21
 378 011e 05       		.byte	0x5
 379 011f 0D       		.byte	0xd
 380 0120 C0000000 		.4byte	0xc0
 381 0124 08       		.uleb128 0x8
 382 0125 A8       		.byte	0xa8
 383 0126 06       		.byte	0x6
 384 0127 0E       		.byte	0xe
 385 0128 45010000 		.4byte	0x145
 386 012c 09       		.uleb128 0x9
 387 012d 46000000 		.4byte	.LASF22
 388 0131 06       		.byte	0x6
 389 0132 0F       		.byte	0xf
 390 0133 19010000 		.4byte	0x119
 391 0137 00       		.byte	0
 392 0138 09       		.uleb128 0x9
 393 0139 58000000 		.4byte	.LASF23
 394 013d 06       		.byte	0x6
 395 013e 10       		.byte	0x10
 396 013f 45010000 		.4byte	0x145
 397 0143 68       		.byte	0x68
 398 0144 00       		.byte	0
 399 0145 0A       		.uleb128 0xa
 400 0146 AA000000 		.4byte	0xaa
ARM GAS  C:\Users\Ray\AppData\Local\Temp\ccRtpTzd.s 			page 9


 401 014a 55010000 		.4byte	0x155
 402 014e 0B       		.uleb128 0xb
 403 014f 93000000 		.4byte	0x93
 404 0153 3F       		.byte	0x3f
 405 0154 00       		.byte	0
 406 0155 03       		.uleb128 0x3
 407 0156 F4000000 		.4byte	.LASF24
 408 015a 06       		.byte	0x6
 409 015b 11       		.byte	0x11
 410 015c 24010000 		.4byte	0x124
 411 0160 0C       		.uleb128 0xc
 412 0161 7B010000 		.4byte	.LASF31
 413 0165 01       		.byte	0x1
 414 0166 0E       		.byte	0xe
 415 0167 00000000 		.4byte	.LFB1
 416 016b BA000000 		.4byte	.LFE1-.LFB1
 417 016f 01       		.uleb128 0x1
 418 0170 9C       		.byte	0x9c
 419 0171 31030000 		.4byte	0x331
 420 0175 0D       		.uleb128 0xd
 421 0176 6D010000 		.4byte	.LASF25
 422 017a 01       		.byte	0x1
 423 017b 0E       		.byte	0xe
 424 017c 9A000000 		.4byte	0x9a
 425 0180 00000000 		.4byte	.LLST0
 426 0184 0D       		.uleb128 0xd
 427 0185 19000000 		.4byte	.LASF17
 428 0189 01       		.byte	0x1
 429 018a 0E       		.byte	0xe
 430 018b 37030000 		.4byte	0x337
 431 018f 2C000000 		.4byte	.LLST1
 432 0193 0E       		.uleb128 0xe
 433 0194 6B657900 		.ascii	"key\000"
 434 0198 01       		.byte	0x1
 435 0199 0E       		.byte	0xe
 436 019a 3C030000 		.4byte	0x33c
 437 019e 58000000 		.4byte	.LLST2
 438 01a2 0D       		.uleb128 0xd
 439 01a3 9B010000 		.4byte	.LASF26
 440 01a7 01       		.byte	0x1
 441 01a8 0E       		.byte	0xe
 442 01a9 2C000000 		.4byte	0x2c
 443 01ad 77000000 		.4byte	.LLST3
 444 01b1 0F       		.uleb128 0xf
 445 01b2 6D736700 		.ascii	"msg\000"
 446 01b6 01       		.byte	0x1
 447 01b7 0E       		.byte	0xe
 448 01b8 A3000000 		.4byte	0xa3
 449 01bc 02       		.uleb128 0x2
 450 01bd 91       		.byte	0x91
 451 01be 00       		.sleb128 0
 452 01bf 10       		.uleb128 0x10
 453 01c0 41000000 		.4byte	.LASF27
 454 01c4 01       		.byte	0x1
 455 01c5 0E       		.byte	0xe
 456 01c6 2C000000 		.4byte	0x2c
 457 01ca 02       		.uleb128 0x2
ARM GAS  C:\Users\Ray\AppData\Local\Temp\ccRtpTzd.s 			page 10


 458 01cb 91       		.byte	0x91
 459 01cc 04       		.sleb128 4
 460 01cd 0D       		.uleb128 0xd
 461 01ce 25000000 		.4byte	.LASF28
 462 01d2 01       		.byte	0x1
 463 01d3 0E       		.byte	0xe
 464 01d4 48030000 		.4byte	0x348
 465 01d8 B9000000 		.4byte	.LLST4
 466 01dc 0D       		.uleb128 0xd
 467 01dd 62020000 		.4byte	.LASF29
 468 01e1 01       		.byte	0x1
 469 01e2 0E       		.byte	0xe
 470 01e3 48030000 		.4byte	0x348
 471 01e7 E5000000 		.4byte	.LLST5
 472 01eb 11       		.uleb128 0x11
 473 01ec 40000000 		.4byte	.LBB2
 474 01f0 10000000 		.4byte	.LBE2-.LBB2
 475 01f4 06020000 		.4byte	0x206
 476 01f8 12       		.uleb128 0x12
 477 01f9 6900     		.ascii	"i\000"
 478 01fb 01       		.byte	0x1
 479 01fc 1C       		.byte	0x1c
 480 01fd B5000000 		.4byte	0xb5
 481 0201 11010000 		.4byte	.LLST6
 482 0205 00       		.byte	0
 483 0206 11       		.uleb128 0x11
 484 0207 84000000 		.4byte	.LBB3
 485 020b 10000000 		.4byte	.LBE3-.LBB3
 486 020f 21020000 		.4byte	0x221
 487 0213 12       		.uleb128 0x12
 488 0214 6900     		.ascii	"i\000"
 489 0216 01       		.byte	0x1
 490 0217 2A       		.byte	0x2a
 491 0218 B5000000 		.4byte	0xb5
 492 021c 5E010000 		.4byte	.LLST7
 493 0220 00       		.byte	0
 494 0221 13       		.uleb128 0x13
 495 0222 28000000 		.4byte	.LVL7
 496 0226 18040000 		.4byte	0x418
 497 022a 40020000 		.4byte	0x240
 498 022e 14       		.uleb128 0x14
 499 022f 01       		.uleb128 0x1
 500 0230 50       		.byte	0x50
 501 0231 02       		.uleb128 0x2
 502 0232 74       		.byte	0x74
 503 0233 00       		.sleb128 0
 504 0234 14       		.uleb128 0x14
 505 0235 01       		.uleb128 0x1
 506 0236 51       		.byte	0x51
 507 0237 01       		.uleb128 0x1
 508 0238 30       		.byte	0x30
 509 0239 14       		.uleb128 0x14
 510 023a 01       		.uleb128 0x1
 511 023b 52       		.byte	0x52
 512 023c 02       		.uleb128 0x2
 513 023d 08       		.byte	0x8
 514 023e A8       		.byte	0xa8
ARM GAS  C:\Users\Ray\AppData\Local\Temp\ccRtpTzd.s 			page 11


 515 023f 00       		.byte	0
 516 0240 13       		.uleb128 0x13
 517 0241 36000000 		.4byte	.LVL8
 518 0245 21040000 		.4byte	0x421
 519 0249 61020000 		.4byte	0x261
 520 024d 14       		.uleb128 0x14
 521 024e 01       		.uleb128 0x1
 522 024f 50       		.byte	0x50
 523 0250 02       		.uleb128 0x2
 524 0251 75       		.byte	0x75
 525 0252 00       		.sleb128 0
 526 0253 14       		.uleb128 0x14
 527 0254 01       		.uleb128 0x1
 528 0255 51       		.byte	0x51
 529 0256 03       		.uleb128 0x3
 530 0257 91       		.byte	0x91
 531 0258 60       		.sleb128 -32
 532 0259 06       		.byte	0x6
 533 025a 14       		.uleb128 0x14
 534 025b 01       		.uleb128 0x1
 535 025c 52       		.byte	0x52
 536 025d 02       		.uleb128 0x2
 537 025e 77       		.byte	0x77
 538 025f 00       		.sleb128 0
 539 0260 00       		.byte	0
 540 0261 15       		.uleb128 0x15
 541 0262 3C000000 		.4byte	.LVL10
 542 0266 2C040000 		.4byte	0x42c
 543 026a 13       		.uleb128 0x13
 544 026b 62000000 		.4byte	.LVL15
 545 026f 37040000 		.4byte	0x437
 546 0273 9B020000 		.4byte	0x29b
 547 0277 14       		.uleb128 0x14
 548 0278 01       		.uleb128 0x1
 549 0279 50       		.byte	0x50
 550 027a 01       		.uleb128 0x1
 551 027b 30       		.byte	0x30
 552 027c 14       		.uleb128 0x14
 553 027d 01       		.uleb128 0x1
 554 027e 51       		.byte	0x51
 555 027f 02       		.uleb128 0x2
 556 0280 74       		.byte	0x74
 557 0281 00       		.sleb128 0
 558 0282 14       		.uleb128 0x14
 559 0283 01       		.uleb128 0x1
 560 0284 52       		.byte	0x52
 561 0285 02       		.uleb128 0x2
 562 0286 75       		.byte	0x75
 563 0287 00       		.sleb128 0
 564 0288 14       		.uleb128 0x14
 565 0289 01       		.uleb128 0x1
 566 028a 53       		.byte	0x53
 567 028b 02       		.uleb128 0x2
 568 028c 08       		.byte	0x8
 569 028d 40       		.byte	0x40
 570 028e 14       		.uleb128 0x14
 571 028f 02       		.uleb128 0x2
ARM GAS  C:\Users\Ray\AppData\Local\Temp\ccRtpTzd.s 			page 12


 572 0290 7D       		.byte	0x7d
 573 0291 00       		.sleb128 0
 574 0292 01       		.uleb128 0x1
 575 0293 31       		.byte	0x31
 576 0294 14       		.uleb128 0x14
 577 0295 02       		.uleb128 0x2
 578 0296 7D       		.byte	0x7d
 579 0297 04       		.sleb128 4
 580 0298 01       		.uleb128 0x1
 581 0299 30       		.byte	0x30
 582 029a 00       		.byte	0
 583 029b 13       		.uleb128 0x13
 584 029c 76000000 		.4byte	.LVL16
 585 02a0 37040000 		.4byte	0x437
 586 02a4 D2020000 		.4byte	0x2d2
 587 02a8 14       		.uleb128 0x14
 588 02a9 01       		.uleb128 0x1
 589 02aa 50       		.byte	0x50
 590 02ab 02       		.uleb128 0x2
 591 02ac 76       		.byte	0x76
 592 02ad 00       		.sleb128 0
 593 02ae 14       		.uleb128 0x14
 594 02af 01       		.uleb128 0x1
 595 02b0 51       		.byte	0x51
 596 02b1 02       		.uleb128 0x2
 597 02b2 74       		.byte	0x74
 598 02b3 00       		.sleb128 0
 599 02b4 14       		.uleb128 0x14
 600 02b5 01       		.uleb128 0x1
 601 02b6 52       		.byte	0x52
 602 02b7 03       		.uleb128 0x3
 603 02b8 91       		.byte	0x91
 604 02b9 00       		.sleb128 0
 605 02ba 06       		.byte	0x6
 606 02bb 14       		.uleb128 0x14
 607 02bc 01       		.uleb128 0x1
 608 02bd 53       		.byte	0x53
 609 02be 03       		.uleb128 0x3
 610 02bf 91       		.byte	0x91
 611 02c0 04       		.sleb128 4
 612 02c1 06       		.byte	0x6
 613 02c2 14       		.uleb128 0x14
 614 02c3 02       		.uleb128 0x2
 615 02c4 7D       		.byte	0x7d
 616 02c5 00       		.sleb128 0
 617 02c6 01       		.uleb128 0x1
 618 02c7 30       		.byte	0x30
 619 02c8 14       		.uleb128 0x14
 620 02c9 02       		.uleb128 0x2
 621 02ca 7D       		.byte	0x7d
 622 02cb 04       		.sleb128 4
 623 02cc 04       		.uleb128 0x4
 624 02cd 91       		.byte	0x91
 625 02ce 64       		.sleb128 -28
 626 02cf 94       		.byte	0x94
 627 02d0 01       		.byte	0x1
 628 02d1 00       		.byte	0
ARM GAS  C:\Users\Ray\AppData\Local\Temp\ccRtpTzd.s 			page 13


 629 02d2 13       		.uleb128 0x13
 630 02d3 A6000000 		.4byte	.LVL22
 631 02d7 37040000 		.4byte	0x437
 632 02db 00030000 		.4byte	0x300
 633 02df 14       		.uleb128 0x14
 634 02e0 01       		.uleb128 0x1
 635 02e1 50       		.byte	0x50
 636 02e2 02       		.uleb128 0x2
 637 02e3 75       		.byte	0x75
 638 02e4 00       		.sleb128 0
 639 02e5 14       		.uleb128 0x14
 640 02e6 01       		.uleb128 0x1
 641 02e7 51       		.byte	0x51
 642 02e8 02       		.uleb128 0x2
 643 02e9 74       		.byte	0x74
 644 02ea 00       		.sleb128 0
 645 02eb 14       		.uleb128 0x14
 646 02ec 01       		.uleb128 0x1
 647 02ed 53       		.byte	0x53
 648 02ee 02       		.uleb128 0x2
 649 02ef 08       		.byte	0x8
 650 02f0 40       		.byte	0x40
 651 02f1 14       		.uleb128 0x14
 652 02f2 02       		.uleb128 0x2
 653 02f3 7D       		.byte	0x7d
 654 02f4 00       		.sleb128 0
 655 02f5 02       		.uleb128 0x2
 656 02f6 77       		.byte	0x77
 657 02f7 00       		.sleb128 0
 658 02f8 14       		.uleb128 0x14
 659 02f9 02       		.uleb128 0x2
 660 02fa 7D       		.byte	0x7d
 661 02fb 04       		.sleb128 4
 662 02fc 02       		.uleb128 0x2
 663 02fd 75       		.byte	0x75
 664 02fe 00       		.sleb128 0
 665 02ff 00       		.byte	0
 666 0300 16       		.uleb128 0x16
 667 0301 B6000000 		.4byte	.LVL23
 668 0305 37040000 		.4byte	0x437
 669 0309 14       		.uleb128 0x14
 670 030a 01       		.uleb128 0x1
 671 030b 50       		.byte	0x50
 672 030c 02       		.uleb128 0x2
 673 030d 76       		.byte	0x76
 674 030e 00       		.sleb128 0
 675 030f 14       		.uleb128 0x14
 676 0310 01       		.uleb128 0x1
 677 0311 51       		.byte	0x51
 678 0312 02       		.uleb128 0x2
 679 0313 74       		.byte	0x74
 680 0314 00       		.sleb128 0
 681 0315 14       		.uleb128 0x14
 682 0316 01       		.uleb128 0x1
 683 0317 52       		.byte	0x52
 684 0318 02       		.uleb128 0x2
 685 0319 76       		.byte	0x76
ARM GAS  C:\Users\Ray\AppData\Local\Temp\ccRtpTzd.s 			page 14


 686 031a 00       		.sleb128 0
 687 031b 14       		.uleb128 0x14
 688 031c 01       		.uleb128 0x1
 689 031d 53       		.byte	0x53
 690 031e 02       		.uleb128 0x2
 691 031f 08       		.byte	0x8
 692 0320 20       		.byte	0x20
 693 0321 14       		.uleb128 0x14
 694 0322 02       		.uleb128 0x2
 695 0323 7D       		.byte	0x7d
 696 0324 00       		.sleb128 0
 697 0325 02       		.uleb128 0x2
 698 0326 75       		.byte	0x75
 699 0327 00       		.sleb128 0
 700 0328 14       		.uleb128 0x14
 701 0329 02       		.uleb128 0x2
 702 032a 7D       		.byte	0x7d
 703 032b 04       		.sleb128 4
 704 032c 02       		.uleb128 0x2
 705 032d 77       		.byte	0x77
 706 032e 00       		.sleb128 0
 707 032f 00       		.byte	0
 708 0330 00       		.byte	0
 709 0331 06       		.uleb128 0x6
 710 0332 04       		.byte	0x4
 711 0333 55010000 		.4byte	0x155
 712 0337 17       		.uleb128 0x17
 713 0338 31030000 		.4byte	0x331
 714 033c 17       		.uleb128 0x17
 715 033d A3000000 		.4byte	0xa3
 716 0341 04       		.uleb128 0x4
 717 0342 01       		.byte	0x1
 718 0343 02       		.byte	0x2
 719 0344 1F000000 		.4byte	.LASF30
 720 0348 17       		.uleb128 0x17
 721 0349 41030000 		.4byte	0x341
 722 034d 0C       		.uleb128 0xc
 723 034e 53000000 		.4byte	.LASF32
 724 0352 01       		.byte	0x1
 725 0353 06       		.byte	0x6
 726 0354 00000000 		.4byte	.LFB0
 727 0358 1E000000 		.4byte	.LFE0-.LFB0
 728 035c 01       		.uleb128 0x1
 729 035d 9C       		.byte	0x9c
 730 035e FD030000 		.4byte	0x3fd
 731 0362 0D       		.uleb128 0xd
 732 0363 6D010000 		.4byte	.LASF25
 733 0367 01       		.byte	0x1
 734 0368 06       		.byte	0x6
 735 0369 03040000 		.4byte	0x403
 736 036d 9F010000 		.4byte	.LLST8
 737 0371 0E       		.uleb128 0xe
 738 0372 6B657900 		.ascii	"key\000"
 739 0376 01       		.byte	0x1
 740 0377 06       		.byte	0x6
 741 0378 13040000 		.4byte	0x413
 742 037c C0010000 		.4byte	.LLST9
ARM GAS  C:\Users\Ray\AppData\Local\Temp\ccRtpTzd.s 			page 15


 743 0380 0D       		.uleb128 0xd
 744 0381 9B010000 		.4byte	.LASF26
 745 0385 01       		.byte	0x1
 746 0386 06       		.byte	0x6
 747 0387 B5000000 		.4byte	0xb5
 748 038b EC010000 		.4byte	.LLST10
 749 038f 0E       		.uleb128 0xe
 750 0390 6D736700 		.ascii	"msg\000"
 751 0394 01       		.byte	0x1
 752 0395 06       		.byte	0x6
 753 0396 13040000 		.4byte	0x413
 754 039a 18020000 		.4byte	.LLST11
 755 039e 10       		.uleb128 0x10
 756 039f 41000000 		.4byte	.LASF27
 757 03a3 01       		.byte	0x1
 758 03a4 06       		.byte	0x6
 759 03a5 B5000000 		.4byte	0xb5
 760 03a9 02       		.uleb128 0x2
 761 03aa 91       		.byte	0x91
 762 03ab 00       		.sleb128 0
 763 03ac 18       		.uleb128 0x18
 764 03ad 19000000 		.4byte	.LASF17
 765 03b1 01       		.byte	0x1
 766 03b2 08       		.byte	0x8
 767 03b3 55010000 		.4byte	0x155
 768 03b7 03       		.uleb128 0x3
 769 03b8 91       		.byte	0x91
 770 03b9 D07E     		.sleb128 -176
 771 03bb 16       		.uleb128 0x16
 772 03bc 1A000000 		.4byte	.LVL30
 773 03c0 60010000 		.4byte	0x160
 774 03c4 14       		.uleb128 0x14
 775 03c5 01       		.uleb128 0x1
 776 03c6 50       		.byte	0x50
 777 03c7 03       		.uleb128 0x3
 778 03c8 F3       		.byte	0xf3
 779 03c9 01       		.uleb128 0x1
 780 03ca 50       		.byte	0x50
 781 03cb 14       		.uleb128 0x14
 782 03cc 01       		.uleb128 0x1
 783 03cd 51       		.byte	0x51
 784 03ce 03       		.uleb128 0x3
 785 03cf 91       		.byte	0x91
 786 03d0 D07E     		.sleb128 -176
 787 03d2 14       		.uleb128 0x14
 788 03d3 01       		.uleb128 0x1
 789 03d4 52       		.byte	0x52
 790 03d5 03       		.uleb128 0x3
 791 03d6 F3       		.byte	0xf3
 792 03d7 01       		.uleb128 0x1
 793 03d8 51       		.byte	0x51
 794 03d9 14       		.uleb128 0x14
 795 03da 01       		.uleb128 0x1
 796 03db 53       		.byte	0x53
 797 03dc 03       		.uleb128 0x3
 798 03dd F3       		.byte	0xf3
 799 03de 01       		.uleb128 0x1
ARM GAS  C:\Users\Ray\AppData\Local\Temp\ccRtpTzd.s 			page 16


 800 03df 52       		.byte	0x52
 801 03e0 14       		.uleb128 0x14
 802 03e1 02       		.uleb128 0x2
 803 03e2 7D       		.byte	0x7d
 804 03e3 00       		.sleb128 0
 805 03e4 03       		.uleb128 0x3
 806 03e5 F3       		.byte	0xf3
 807 03e6 01       		.uleb128 0x1
 808 03e7 53       		.byte	0x53
 809 03e8 14       		.uleb128 0x14
 810 03e9 02       		.uleb128 0x2
 811 03ea 7D       		.byte	0x7d
 812 03eb 04       		.sleb128 4
 813 03ec 02       		.uleb128 0x2
 814 03ed 74       		.byte	0x74
 815 03ee 00       		.sleb128 0
 816 03ef 14       		.uleb128 0x14
 817 03f0 02       		.uleb128 0x2
 818 03f1 7D       		.byte	0x7d
 819 03f2 08       		.sleb128 8
 820 03f3 01       		.uleb128 0x1
 821 03f4 31       		.byte	0x31
 822 03f5 14       		.uleb128 0x14
 823 03f6 02       		.uleb128 0x2
 824 03f7 7D       		.byte	0x7d
 825 03f8 0C       		.sleb128 12
 826 03f9 01       		.uleb128 0x1
 827 03fa 31       		.byte	0x31
 828 03fb 00       		.byte	0
 829 03fc 00       		.byte	0
 830 03fd 06       		.uleb128 0x6
 831 03fe 04       		.byte	0x4
 832 03ff AA000000 		.4byte	0xaa
 833 0403 17       		.uleb128 0x17
 834 0404 FD030000 		.4byte	0x3fd
 835 0408 06       		.uleb128 0x6
 836 0409 04       		.byte	0x4
 837 040a 0E040000 		.4byte	0x40e
 838 040e 17       		.uleb128 0x17
 839 040f AA000000 		.4byte	0xaa
 840 0413 17       		.uleb128 0x17
 841 0414 08040000 		.4byte	0x408
 842 0418 19       		.uleb128 0x19
 843 0419 ED000000 		.4byte	.LASF39
 844 041d ED000000 		.4byte	.LASF39
 845 0421 1A       		.uleb128 0x1a
 846 0422 FF000000 		.4byte	.LASF33
 847 0426 FF000000 		.4byte	.LASF33
 848 042a 05       		.byte	0x5
 849 042b 11       		.byte	0x11
 850 042c 1A       		.uleb128 0x1a
 851 042d 00000000 		.4byte	.LASF34
 852 0431 00000000 		.4byte	.LASF34
 853 0435 07       		.byte	0x7
 854 0436 18       		.byte	0x18
 855 0437 1A       		.uleb128 0x1a
 856 0438 5E010000 		.4byte	.LASF35
ARM GAS  C:\Users\Ray\AppData\Local\Temp\ccRtpTzd.s 			page 17


 857 043c 5E010000 		.4byte	.LASF35
 858 0440 05       		.byte	0x5
 859 0441 1A       		.byte	0x1a
 860 0442 00       		.byte	0
 861              		.section	.debug_abbrev,"",%progbits
 862              	.Ldebug_abbrev0:
 863 0000 01       		.uleb128 0x1
 864 0001 11       		.uleb128 0x11
 865 0002 01       		.byte	0x1
 866 0003 25       		.uleb128 0x25
 867 0004 0E       		.uleb128 0xe
 868 0005 13       		.uleb128 0x13
 869 0006 0B       		.uleb128 0xb
 870 0007 03       		.uleb128 0x3
 871 0008 0E       		.uleb128 0xe
 872 0009 1B       		.uleb128 0x1b
 873 000a 0E       		.uleb128 0xe
 874 000b 55       		.uleb128 0x55
 875 000c 17       		.uleb128 0x17
 876 000d 11       		.uleb128 0x11
 877 000e 01       		.uleb128 0x1
 878 000f 10       		.uleb128 0x10
 879 0010 17       		.uleb128 0x17
 880 0011 00       		.byte	0
 881 0012 00       		.byte	0
 882 0013 02       		.uleb128 0x2
 883 0014 24       		.uleb128 0x24
 884 0015 00       		.byte	0
 885 0016 0B       		.uleb128 0xb
 886 0017 0B       		.uleb128 0xb
 887 0018 3E       		.uleb128 0x3e
 888 0019 0B       		.uleb128 0xb
 889 001a 03       		.uleb128 0x3
 890 001b 08       		.uleb128 0x8
 891 001c 00       		.byte	0
 892 001d 00       		.byte	0
 893 001e 03       		.uleb128 0x3
 894 001f 16       		.uleb128 0x16
 895 0020 00       		.byte	0
 896 0021 03       		.uleb128 0x3
 897 0022 0E       		.uleb128 0xe
 898 0023 3A       		.uleb128 0x3a
 899 0024 0B       		.uleb128 0xb
 900 0025 3B       		.uleb128 0x3b
 901 0026 0B       		.uleb128 0xb
 902 0027 49       		.uleb128 0x49
 903 0028 13       		.uleb128 0x13
 904 0029 00       		.byte	0
 905 002a 00       		.byte	0
 906 002b 04       		.uleb128 0x4
 907 002c 24       		.uleb128 0x24
 908 002d 00       		.byte	0
 909 002e 0B       		.uleb128 0xb
 910 002f 0B       		.uleb128 0xb
 911 0030 3E       		.uleb128 0x3e
 912 0031 0B       		.uleb128 0xb
 913 0032 03       		.uleb128 0x3
ARM GAS  C:\Users\Ray\AppData\Local\Temp\ccRtpTzd.s 			page 18


 914 0033 0E       		.uleb128 0xe
 915 0034 00       		.byte	0
 916 0035 00       		.byte	0
 917 0036 05       		.uleb128 0x5
 918 0037 0F       		.uleb128 0xf
 919 0038 00       		.byte	0
 920 0039 0B       		.uleb128 0xb
 921 003a 0B       		.uleb128 0xb
 922 003b 00       		.byte	0
 923 003c 00       		.byte	0
 924 003d 06       		.uleb128 0x6
 925 003e 0F       		.uleb128 0xf
 926 003f 00       		.byte	0
 927 0040 0B       		.uleb128 0xb
 928 0041 0B       		.uleb128 0xb
 929 0042 49       		.uleb128 0x49
 930 0043 13       		.uleb128 0x13
 931 0044 00       		.byte	0
 932 0045 00       		.byte	0
 933 0046 07       		.uleb128 0x7
 934 0047 26       		.uleb128 0x26
 935 0048 00       		.byte	0
 936 0049 00       		.byte	0
 937 004a 00       		.byte	0
 938 004b 08       		.uleb128 0x8
 939 004c 13       		.uleb128 0x13
 940 004d 01       		.byte	0x1
 941 004e 0B       		.uleb128 0xb
 942 004f 0B       		.uleb128 0xb
 943 0050 3A       		.uleb128 0x3a
 944 0051 0B       		.uleb128 0xb
 945 0052 3B       		.uleb128 0x3b
 946 0053 0B       		.uleb128 0xb
 947 0054 01       		.uleb128 0x1
 948 0055 13       		.uleb128 0x13
 949 0056 00       		.byte	0
 950 0057 00       		.byte	0
 951 0058 09       		.uleb128 0x9
 952 0059 0D       		.uleb128 0xd
 953 005a 00       		.byte	0
 954 005b 03       		.uleb128 0x3
 955 005c 0E       		.uleb128 0xe
 956 005d 3A       		.uleb128 0x3a
 957 005e 0B       		.uleb128 0xb
 958 005f 3B       		.uleb128 0x3b
 959 0060 0B       		.uleb128 0xb
 960 0061 49       		.uleb128 0x49
 961 0062 13       		.uleb128 0x13
 962 0063 38       		.uleb128 0x38
 963 0064 0B       		.uleb128 0xb
 964 0065 00       		.byte	0
 965 0066 00       		.byte	0
 966 0067 0A       		.uleb128 0xa
 967 0068 01       		.uleb128 0x1
 968 0069 01       		.byte	0x1
 969 006a 49       		.uleb128 0x49
 970 006b 13       		.uleb128 0x13
ARM GAS  C:\Users\Ray\AppData\Local\Temp\ccRtpTzd.s 			page 19


 971 006c 01       		.uleb128 0x1
 972 006d 13       		.uleb128 0x13
 973 006e 00       		.byte	0
 974 006f 00       		.byte	0
 975 0070 0B       		.uleb128 0xb
 976 0071 21       		.uleb128 0x21
 977 0072 00       		.byte	0
 978 0073 49       		.uleb128 0x49
 979 0074 13       		.uleb128 0x13
 980 0075 2F       		.uleb128 0x2f
 981 0076 0B       		.uleb128 0xb
 982 0077 00       		.byte	0
 983 0078 00       		.byte	0
 984 0079 0C       		.uleb128 0xc
 985 007a 2E       		.uleb128 0x2e
 986 007b 01       		.byte	0x1
 987 007c 3F       		.uleb128 0x3f
 988 007d 19       		.uleb128 0x19
 989 007e 03       		.uleb128 0x3
 990 007f 0E       		.uleb128 0xe
 991 0080 3A       		.uleb128 0x3a
 992 0081 0B       		.uleb128 0xb
 993 0082 3B       		.uleb128 0x3b
 994 0083 0B       		.uleb128 0xb
 995 0084 27       		.uleb128 0x27
 996 0085 19       		.uleb128 0x19
 997 0086 11       		.uleb128 0x11
 998 0087 01       		.uleb128 0x1
 999 0088 12       		.uleb128 0x12
 1000 0089 06       		.uleb128 0x6
 1001 008a 40       		.uleb128 0x40
 1002 008b 18       		.uleb128 0x18
 1003 008c 9742     		.uleb128 0x2117
 1004 008e 19       		.uleb128 0x19
 1005 008f 01       		.uleb128 0x1
 1006 0090 13       		.uleb128 0x13
 1007 0091 00       		.byte	0
 1008 0092 00       		.byte	0
 1009 0093 0D       		.uleb128 0xd
 1010 0094 05       		.uleb128 0x5
 1011 0095 00       		.byte	0
 1012 0096 03       		.uleb128 0x3
 1013 0097 0E       		.uleb128 0xe
 1014 0098 3A       		.uleb128 0x3a
 1015 0099 0B       		.uleb128 0xb
 1016 009a 3B       		.uleb128 0x3b
 1017 009b 0B       		.uleb128 0xb
 1018 009c 49       		.uleb128 0x49
 1019 009d 13       		.uleb128 0x13
 1020 009e 02       		.uleb128 0x2
 1021 009f 17       		.uleb128 0x17
 1022 00a0 00       		.byte	0
 1023 00a1 00       		.byte	0
 1024 00a2 0E       		.uleb128 0xe
 1025 00a3 05       		.uleb128 0x5
 1026 00a4 00       		.byte	0
 1027 00a5 03       		.uleb128 0x3
ARM GAS  C:\Users\Ray\AppData\Local\Temp\ccRtpTzd.s 			page 20


 1028 00a6 08       		.uleb128 0x8
 1029 00a7 3A       		.uleb128 0x3a
 1030 00a8 0B       		.uleb128 0xb
 1031 00a9 3B       		.uleb128 0x3b
 1032 00aa 0B       		.uleb128 0xb
 1033 00ab 49       		.uleb128 0x49
 1034 00ac 13       		.uleb128 0x13
 1035 00ad 02       		.uleb128 0x2
 1036 00ae 17       		.uleb128 0x17
 1037 00af 00       		.byte	0
 1038 00b0 00       		.byte	0
 1039 00b1 0F       		.uleb128 0xf
 1040 00b2 05       		.uleb128 0x5
 1041 00b3 00       		.byte	0
 1042 00b4 03       		.uleb128 0x3
 1043 00b5 08       		.uleb128 0x8
 1044 00b6 3A       		.uleb128 0x3a
 1045 00b7 0B       		.uleb128 0xb
 1046 00b8 3B       		.uleb128 0x3b
 1047 00b9 0B       		.uleb128 0xb
 1048 00ba 49       		.uleb128 0x49
 1049 00bb 13       		.uleb128 0x13
 1050 00bc 02       		.uleb128 0x2
 1051 00bd 18       		.uleb128 0x18
 1052 00be 00       		.byte	0
 1053 00bf 00       		.byte	0
 1054 00c0 10       		.uleb128 0x10
 1055 00c1 05       		.uleb128 0x5
 1056 00c2 00       		.byte	0
 1057 00c3 03       		.uleb128 0x3
 1058 00c4 0E       		.uleb128 0xe
 1059 00c5 3A       		.uleb128 0x3a
 1060 00c6 0B       		.uleb128 0xb
 1061 00c7 3B       		.uleb128 0x3b
 1062 00c8 0B       		.uleb128 0xb
 1063 00c9 49       		.uleb128 0x49
 1064 00ca 13       		.uleb128 0x13
 1065 00cb 02       		.uleb128 0x2
 1066 00cc 18       		.uleb128 0x18
 1067 00cd 00       		.byte	0
 1068 00ce 00       		.byte	0
 1069 00cf 11       		.uleb128 0x11
 1070 00d0 0B       		.uleb128 0xb
 1071 00d1 01       		.byte	0x1
 1072 00d2 11       		.uleb128 0x11
 1073 00d3 01       		.uleb128 0x1
 1074 00d4 12       		.uleb128 0x12
 1075 00d5 06       		.uleb128 0x6
 1076 00d6 01       		.uleb128 0x1
 1077 00d7 13       		.uleb128 0x13
 1078 00d8 00       		.byte	0
 1079 00d9 00       		.byte	0
 1080 00da 12       		.uleb128 0x12
 1081 00db 34       		.uleb128 0x34
 1082 00dc 00       		.byte	0
 1083 00dd 03       		.uleb128 0x3
 1084 00de 08       		.uleb128 0x8
ARM GAS  C:\Users\Ray\AppData\Local\Temp\ccRtpTzd.s 			page 21


 1085 00df 3A       		.uleb128 0x3a
 1086 00e0 0B       		.uleb128 0xb
 1087 00e1 3B       		.uleb128 0x3b
 1088 00e2 0B       		.uleb128 0xb
 1089 00e3 49       		.uleb128 0x49
 1090 00e4 13       		.uleb128 0x13
 1091 00e5 02       		.uleb128 0x2
 1092 00e6 17       		.uleb128 0x17
 1093 00e7 00       		.byte	0
 1094 00e8 00       		.byte	0
 1095 00e9 13       		.uleb128 0x13
 1096 00ea 898201   		.uleb128 0x4109
 1097 00ed 01       		.byte	0x1
 1098 00ee 11       		.uleb128 0x11
 1099 00ef 01       		.uleb128 0x1
 1100 00f0 31       		.uleb128 0x31
 1101 00f1 13       		.uleb128 0x13
 1102 00f2 01       		.uleb128 0x1
 1103 00f3 13       		.uleb128 0x13
 1104 00f4 00       		.byte	0
 1105 00f5 00       		.byte	0
 1106 00f6 14       		.uleb128 0x14
 1107 00f7 8A8201   		.uleb128 0x410a
 1108 00fa 00       		.byte	0
 1109 00fb 02       		.uleb128 0x2
 1110 00fc 18       		.uleb128 0x18
 1111 00fd 9142     		.uleb128 0x2111
 1112 00ff 18       		.uleb128 0x18
 1113 0100 00       		.byte	0
 1114 0101 00       		.byte	0
 1115 0102 15       		.uleb128 0x15
 1116 0103 898201   		.uleb128 0x4109
 1117 0106 00       		.byte	0
 1118 0107 11       		.uleb128 0x11
 1119 0108 01       		.uleb128 0x1
 1120 0109 31       		.uleb128 0x31
 1121 010a 13       		.uleb128 0x13
 1122 010b 00       		.byte	0
 1123 010c 00       		.byte	0
 1124 010d 16       		.uleb128 0x16
 1125 010e 898201   		.uleb128 0x4109
 1126 0111 01       		.byte	0x1
 1127 0112 11       		.uleb128 0x11
 1128 0113 01       		.uleb128 0x1
 1129 0114 31       		.uleb128 0x31
 1130 0115 13       		.uleb128 0x13
 1131 0116 00       		.byte	0
 1132 0117 00       		.byte	0
 1133 0118 17       		.uleb128 0x17
 1134 0119 26       		.uleb128 0x26
 1135 011a 00       		.byte	0
 1136 011b 49       		.uleb128 0x49
 1137 011c 13       		.uleb128 0x13
 1138 011d 00       		.byte	0
 1139 011e 00       		.byte	0
 1140 011f 18       		.uleb128 0x18
 1141 0120 34       		.uleb128 0x34
ARM GAS  C:\Users\Ray\AppData\Local\Temp\ccRtpTzd.s 			page 22


 1142 0121 00       		.byte	0
 1143 0122 03       		.uleb128 0x3
 1144 0123 0E       		.uleb128 0xe
 1145 0124 3A       		.uleb128 0x3a
 1146 0125 0B       		.uleb128 0xb
 1147 0126 3B       		.uleb128 0x3b
 1148 0127 0B       		.uleb128 0xb
 1149 0128 49       		.uleb128 0x49
 1150 0129 13       		.uleb128 0x13
 1151 012a 02       		.uleb128 0x2
 1152 012b 18       		.uleb128 0x18
 1153 012c 00       		.byte	0
 1154 012d 00       		.byte	0
 1155 012e 19       		.uleb128 0x19
 1156 012f 2E       		.uleb128 0x2e
 1157 0130 00       		.byte	0
 1158 0131 3F       		.uleb128 0x3f
 1159 0132 19       		.uleb128 0x19
 1160 0133 3C       		.uleb128 0x3c
 1161 0134 19       		.uleb128 0x19
 1162 0135 6E       		.uleb128 0x6e
 1163 0136 0E       		.uleb128 0xe
 1164 0137 03       		.uleb128 0x3
 1165 0138 0E       		.uleb128 0xe
 1166 0139 00       		.byte	0
 1167 013a 00       		.byte	0
 1168 013b 1A       		.uleb128 0x1a
 1169 013c 2E       		.uleb128 0x2e
 1170 013d 00       		.byte	0
 1171 013e 3F       		.uleb128 0x3f
 1172 013f 19       		.uleb128 0x19
 1173 0140 3C       		.uleb128 0x3c
 1174 0141 19       		.uleb128 0x19
 1175 0142 6E       		.uleb128 0x6e
 1176 0143 0E       		.uleb128 0xe
 1177 0144 03       		.uleb128 0x3
 1178 0145 0E       		.uleb128 0xe
 1179 0146 3A       		.uleb128 0x3a
 1180 0147 0B       		.uleb128 0xb
 1181 0148 3B       		.uleb128 0x3b
 1182 0149 0B       		.uleb128 0xb
 1183 014a 00       		.byte	0
 1184 014b 00       		.byte	0
 1185 014c 00       		.byte	0
 1186              		.section	.debug_loc,"",%progbits
 1187              	.Ldebug_loc0:
 1188              	.LLST0:
 1189 0000 00000000 		.4byte	.LVL0
 1190 0004 22000000 		.4byte	.LVL6
 1191 0008 0100     		.2byte	0x1
 1192 000a 50       		.byte	0x50
 1193 000b 22000000 		.4byte	.LVL6
 1194 000f B8000000 		.4byte	.LVL25
 1195 0013 0100     		.2byte	0x1
 1196 0015 56       		.byte	0x56
 1197 0016 B8000000 		.4byte	.LVL25
 1198 001a BA000000 		.4byte	.LFE1
ARM GAS  C:\Users\Ray\AppData\Local\Temp\ccRtpTzd.s 			page 23


 1199 001e 0400     		.2byte	0x4
 1200 0020 F3       		.byte	0xf3
 1201 0021 01       		.uleb128 0x1
 1202 0022 50       		.byte	0x50
 1203 0023 9F       		.byte	0x9f
 1204 0024 00000000 		.4byte	0
 1205 0028 00000000 		.4byte	0
 1206              	.LLST1:
 1207 002c 00000000 		.4byte	.LVL0
 1208 0030 20000000 		.4byte	.LVL5
 1209 0034 0100     		.2byte	0x1
 1210 0036 51       		.byte	0x51
 1211 0037 20000000 		.4byte	.LVL5
 1212 003b B8000000 		.4byte	.LVL24
 1213 003f 0100     		.2byte	0x1
 1214 0041 54       		.byte	0x54
 1215 0042 B8000000 		.4byte	.LVL24
 1216 0046 BA000000 		.4byte	.LFE1
 1217 004a 0400     		.2byte	0x4
 1218 004c F3       		.byte	0xf3
 1219 004d 01       		.uleb128 0x1
 1220 004e 51       		.byte	0x51
 1221 004f 9F       		.byte	0x9f
 1222 0050 00000000 		.4byte	0
 1223 0054 00000000 		.4byte	0
 1224              	.LLST2:
 1225 0058 00000000 		.4byte	.LVL0
 1226 005c 0A000000 		.4byte	.LVL1
 1227 0060 0100     		.2byte	0x1
 1228 0062 52       		.byte	0x52
 1229 0063 0A000000 		.4byte	.LVL1
 1230 0067 BA000000 		.4byte	.LFE1
 1231 006b 0200     		.2byte	0x2
 1232 006d 91       		.byte	0x91
 1233 006e 60       		.sleb128 -32
 1234 006f 00000000 		.4byte	0
 1235 0073 00000000 		.4byte	0
 1236              	.LLST3:
 1237 0077 00000000 		.4byte	.LVL0
 1238 007b 0C000000 		.4byte	.LVL2
 1239 007f 0100     		.2byte	0x1
 1240 0081 53       		.byte	0x53
 1241 0082 0C000000 		.4byte	.LVL2
 1242 0086 38000000 		.4byte	.LVL9
 1243 008a 0100     		.2byte	0x1
 1244 008c 57       		.byte	0x57
 1245 008d 38000000 		.4byte	.LVL9
 1246 0091 3B000000 		.4byte	.LVL10-1
 1247 0095 0100     		.2byte	0x1
 1248 0097 52       		.byte	0x52
 1249 0098 3B000000 		.4byte	.LVL10-1
 1250 009c 98000000 		.4byte	.LVL20
 1251 00a0 0100     		.2byte	0x1
 1252 00a2 57       		.byte	0x57
 1253 00a3 98000000 		.4byte	.LVL20
 1254 00a7 BA000000 		.4byte	.LFE1
 1255 00ab 0400     		.2byte	0x4
ARM GAS  C:\Users\Ray\AppData\Local\Temp\ccRtpTzd.s 			page 24


 1256 00ad F3       		.byte	0xf3
 1257 00ae 01       		.uleb128 0x1
 1258 00af 53       		.byte	0x53
 1259 00b0 9F       		.byte	0x9f
 1260 00b1 00000000 		.4byte	0
 1261 00b5 00000000 		.4byte	0
 1262              	.LLST4:
 1263 00b9 00000000 		.4byte	.LVL0
 1264 00bd 0C000000 		.4byte	.LVL2
 1265 00c1 0200     		.2byte	0x2
 1266 00c3 91       		.byte	0x91
 1267 00c4 08       		.sleb128 8
 1268 00c5 0C000000 		.4byte	.LVL2
 1269 00c9 10000000 		.4byte	.LVL4
 1270 00cd 0200     		.2byte	0x2
 1271 00cf 73       		.byte	0x73
 1272 00d0 00       		.sleb128 0
 1273 00d1 10000000 		.4byte	.LVL4
 1274 00d5 BA000000 		.4byte	.LFE1
 1275 00d9 0200     		.2byte	0x2
 1276 00db 91       		.byte	0x91
 1277 00dc 08       		.sleb128 8
 1278 00dd 00000000 		.4byte	0
 1279 00e1 00000000 		.4byte	0
 1280              	.LLST5:
 1281 00e5 00000000 		.4byte	.LVL0
 1282 00e9 0A000000 		.4byte	.LVL1
 1283 00ed 0200     		.2byte	0x2
 1284 00ef 91       		.byte	0x91
 1285 00f0 0C       		.sleb128 12
 1286 00f1 0A000000 		.4byte	.LVL1
 1287 00f5 0E000000 		.4byte	.LVL3
 1288 00f9 0200     		.2byte	0x2
 1289 00fb 72       		.byte	0x72
 1290 00fc 00       		.sleb128 0
 1291 00fd 0E000000 		.4byte	.LVL3
 1292 0101 BA000000 		.4byte	.LFE1
 1293 0105 0200     		.2byte	0x2
 1294 0107 91       		.byte	0x91
 1295 0108 0C       		.sleb128 12
 1296 0109 00000000 		.4byte	0
 1297 010d 00000000 		.4byte	0
 1298              	.LLST6:
 1299 0111 3C000000 		.4byte	.LVL10
 1300 0115 44000000 		.4byte	.LVL11
 1301 0119 0200     		.2byte	0x2
 1302 011b 30       		.byte	0x30
 1303 011c 9F       		.byte	0x9f
 1304 011d 44000000 		.4byte	.LVL11
 1305 0121 4A000000 		.4byte	.LVL12
 1306 0125 0900     		.2byte	0x9
 1307 0127 73       		.byte	0x73
 1308 0128 00       		.sleb128 0
 1309 0129 74       		.byte	0x74
 1310 012a 00       		.sleb128 0
 1311 012b 1C       		.byte	0x1c
 1312 012c 08       		.byte	0x8
ARM GAS  C:\Users\Ray\AppData\Local\Temp\ccRtpTzd.s 			page 25


 1313 012d 68       		.byte	0x68
 1314 012e 1C       		.byte	0x1c
 1315 012f 9F       		.byte	0x9f
 1316 0130 4A000000 		.4byte	.LVL12
 1317 0134 4C000000 		.4byte	.LVL13
 1318 0138 0900     		.2byte	0x9
 1319 013a 73       		.byte	0x73
 1320 013b 00       		.sleb128 0
 1321 013c 74       		.byte	0x74
 1322 013d 00       		.sleb128 0
 1323 013e 1C       		.byte	0x1c
 1324 013f 08       		.byte	0x8
 1325 0140 67       		.byte	0x67
 1326 0141 1C       		.byte	0x1c
 1327 0142 9F       		.byte	0x9f
 1328 0143 4C000000 		.4byte	.LVL13
 1329 0147 52000000 		.4byte	.LVL14
 1330 014b 0900     		.2byte	0x9
 1331 014d 73       		.byte	0x73
 1332 014e 00       		.sleb128 0
 1333 014f 74       		.byte	0x74
 1334 0150 00       		.sleb128 0
 1335 0151 1C       		.byte	0x1c
 1336 0152 08       		.byte	0x8
 1337 0153 68       		.byte	0x68
 1338 0154 1C       		.byte	0x1c
 1339 0155 9F       		.byte	0x9f
 1340 0156 00000000 		.4byte	0
 1341 015a 00000000 		.4byte	0
 1342              	.LLST7:
 1343 015e 88000000 		.4byte	.LVL17
 1344 0162 8E000000 		.4byte	.LVL18
 1345 0166 0900     		.2byte	0x9
 1346 0168 73       		.byte	0x73
 1347 0169 00       		.sleb128 0
 1348 016a 74       		.byte	0x74
 1349 016b 00       		.sleb128 0
 1350 016c 1C       		.byte	0x1c
 1351 016d 08       		.byte	0x8
 1352 016e 68       		.byte	0x68
 1353 016f 1C       		.byte	0x1c
 1354 0170 9F       		.byte	0x9f
 1355 0171 8E000000 		.4byte	.LVL18
 1356 0175 90000000 		.4byte	.LVL19
 1357 0179 0900     		.2byte	0x9
 1358 017b 73       		.byte	0x73
 1359 017c 00       		.sleb128 0
 1360 017d 74       		.byte	0x74
 1361 017e 00       		.sleb128 0
 1362 017f 1C       		.byte	0x1c
 1363 0180 08       		.byte	0x8
 1364 0181 67       		.byte	0x67
 1365 0182 1C       		.byte	0x1c
 1366 0183 9F       		.byte	0x9f
 1367 0184 90000000 		.4byte	.LVL19
 1368 0188 9A000000 		.4byte	.LVL21
 1369 018c 0900     		.2byte	0x9
ARM GAS  C:\Users\Ray\AppData\Local\Temp\ccRtpTzd.s 			page 26


 1370 018e 73       		.byte	0x73
 1371 018f 00       		.sleb128 0
 1372 0190 74       		.byte	0x74
 1373 0191 00       		.sleb128 0
 1374 0192 1C       		.byte	0x1c
 1375 0193 08       		.byte	0x8
 1376 0194 68       		.byte	0x68
 1377 0195 1C       		.byte	0x1c
 1378 0196 9F       		.byte	0x9f
 1379 0197 00000000 		.4byte	0
 1380 019b 00000000 		.4byte	0
 1381              	.LLST8:
 1382 019f 00000000 		.4byte	.LVL26
 1383 01a3 19000000 		.4byte	.LVL30-1
 1384 01a7 0100     		.2byte	0x1
 1385 01a9 50       		.byte	0x50
 1386 01aa 19000000 		.4byte	.LVL30-1
 1387 01ae 1E000000 		.4byte	.LFE0
 1388 01b2 0400     		.2byte	0x4
 1389 01b4 F3       		.byte	0xf3
 1390 01b5 01       		.uleb128 0x1
 1391 01b6 50       		.byte	0x50
 1392 01b7 9F       		.byte	0x9f
 1393 01b8 00000000 		.4byte	0
 1394 01bc 00000000 		.4byte	0
 1395              	.LLST9:
 1396 01c0 00000000 		.4byte	.LVL26
 1397 01c4 16000000 		.4byte	.LVL29
 1398 01c8 0100     		.2byte	0x1
 1399 01ca 51       		.byte	0x51
 1400 01cb 16000000 		.4byte	.LVL29
 1401 01cf 19000000 		.4byte	.LVL30-1
 1402 01d3 0100     		.2byte	0x1
 1403 01d5 52       		.byte	0x52
 1404 01d6 19000000 		.4byte	.LVL30-1
 1405 01da 1E000000 		.4byte	.LFE0
 1406 01de 0400     		.2byte	0x4
 1407 01e0 F3       		.byte	0xf3
 1408 01e1 01       		.uleb128 0x1
 1409 01e2 51       		.byte	0x51
 1410 01e3 9F       		.byte	0x9f
 1411 01e4 00000000 		.4byte	0
 1412 01e8 00000000 		.4byte	0
 1413              	.LLST10:
 1414 01ec 00000000 		.4byte	.LVL26
 1415 01f0 14000000 		.4byte	.LVL28
 1416 01f4 0100     		.2byte	0x1
 1417 01f6 52       		.byte	0x52
 1418 01f7 14000000 		.4byte	.LVL28
 1419 01fb 19000000 		.4byte	.LVL30-1
 1420 01ff 0100     		.2byte	0x1
 1421 0201 53       		.byte	0x53
 1422 0202 19000000 		.4byte	.LVL30-1
 1423 0206 1E000000 		.4byte	.LFE0
 1424 020a 0400     		.2byte	0x4
 1425 020c F3       		.byte	0xf3
 1426 020d 01       		.uleb128 0x1
ARM GAS  C:\Users\Ray\AppData\Local\Temp\ccRtpTzd.s 			page 27


 1427 020e 52       		.byte	0x52
 1428 020f 9F       		.byte	0x9f
 1429 0210 00000000 		.4byte	0
 1430 0214 00000000 		.4byte	0
 1431              	.LLST11:
 1432 0218 00000000 		.4byte	.LVL26
 1433 021c 12000000 		.4byte	.LVL27
 1434 0220 0100     		.2byte	0x1
 1435 0222 53       		.byte	0x53
 1436 0223 12000000 		.4byte	.LVL27
 1437 0227 19000000 		.4byte	.LVL30-1
 1438 022b 0200     		.2byte	0x2
 1439 022d 7D       		.byte	0x7d
 1440 022e 00       		.sleb128 0
 1441 022f 19000000 		.4byte	.LVL30-1
 1442 0233 1E000000 		.4byte	.LFE0
 1443 0237 0400     		.2byte	0x4
 1444 0239 F3       		.byte	0xf3
 1445 023a 01       		.uleb128 0x1
 1446 023b 53       		.byte	0x53
 1447 023c 9F       		.byte	0x9f
 1448 023d 00000000 		.4byte	0
 1449 0241 00000000 		.4byte	0
 1450              		.section	.debug_aranges,"",%progbits
 1451 0000 24000000 		.4byte	0x24
 1452 0004 0200     		.2byte	0x2
 1453 0006 00000000 		.4byte	.Ldebug_info0
 1454 000a 04       		.byte	0x4
 1455 000b 00       		.byte	0
 1456 000c 0000     		.2byte	0
 1457 000e 0000     		.2byte	0
 1458 0010 00000000 		.4byte	.LFB1
 1459 0014 BA000000 		.4byte	.LFE1-.LFB1
 1460 0018 00000000 		.4byte	.LFB0
 1461 001c 1E000000 		.4byte	.LFE0-.LFB0
 1462 0020 00000000 		.4byte	0
 1463 0024 00000000 		.4byte	0
 1464              		.section	.debug_ranges,"",%progbits
 1465              	.Ldebug_ranges0:
 1466 0000 00000000 		.4byte	.LFB1
 1467 0004 BA000000 		.4byte	.LFE1
 1468 0008 00000000 		.4byte	.LFB0
 1469 000c 1E000000 		.4byte	.LFE0
 1470 0010 00000000 		.4byte	0
 1471 0014 00000000 		.4byte	0
 1472              		.section	.debug_line,"",%progbits
 1473              	.Ldebug_line0:
 1474 0000 AB020000 		.section	.debug_str,"MS",%progbits,1
 1474      02005A02 
 1474      00000201 
 1474      FB0E0D00 
 1474      01010101 
 1475              	.LASF34:
 1476 0000 6D656D6D 		.ascii	"memmove\000"
 1476      6F766500 
 1477              	.LASF5:
 1478 0008 5F5F7569 		.ascii	"__uint8_t\000"
ARM GAS  C:\Users\Ray\AppData\Local\Temp\ccRtpTzd.s 			page 28


 1478      6E74385F 
 1478      7400
 1479              	.LASF4:
 1480 0012 73697A65 		.ascii	"size_t\000"
 1480      5F7400
 1481              	.LASF17:
 1482 0019 73746174 		.ascii	"state\000"
 1482      6500
 1483              	.LASF30:
 1484 001f 5F426F6F 		.ascii	"_Bool\000"
 1484      6C00
 1485              	.LASF28:
 1486 0025 66697273 		.ascii	"first\000"
 1486      7400
 1487              	.LASF20:
 1488 002b 746F7461 		.ascii	"totallen\000"
 1488      6C6C656E 
 1488      00
 1489              	.LASF21:
 1490 0034 53484132 		.ascii	"SHA256_STATE\000"
 1490      35365F53 
 1490      54415445 
 1490      00
 1491              	.LASF27:
 1492 0041 6D6C656E 		.ascii	"mlen\000"
 1492      00
 1493              	.LASF22:
 1494 0046 73686132 		.ascii	"sha256_state\000"
 1494      35365F73 
 1494      74617465 
 1494      00
 1495              	.LASF32:
 1496 0053 484D4143 		.ascii	"HMAC\000"
 1496      00
 1497              	.LASF23:
 1498 0058 70616464 		.ascii	"padded_key\000"
 1498      65645F6B 
 1498      657900
 1499              	.LASF6:
 1500 0063 756E7369 		.ascii	"unsigned char\000"
 1500      676E6564 
 1500      20636861 
 1500      7200
 1501              	.LASF19:
 1502 0071 6368756E 		.ascii	"chunk_len\000"
 1502      6B5F6C65 
 1502      6E00
 1503              	.LASF11:
 1504 007b 6C6F6E67 		.ascii	"long unsigned int\000"
 1504      20756E73 
 1504      69676E65 
 1504      6420696E 
 1504      7400
 1505              	.LASF8:
 1506 008d 73686F72 		.ascii	"short unsigned int\000"
 1506      7420756E 
 1506      7369676E 
ARM GAS  C:\Users\Ray\AppData\Local\Temp\ccRtpTzd.s 			page 29


 1506      65642069 
 1506      6E7400
 1507              	.LASF38:
 1508 00a0 5C5C5642 		.ascii	"\\\\VBOXSVR\\raywang\\Dropbox (MIT)\\CTFs\\eCTF\\ec"
 1508      4F585356 
 1508      525C7261 
 1508      7977616E 
 1508      675C4472 
 1509 00cc 74662D32 		.ascii	"tf-2018-techsec\\strong-arm.cylib\000"
 1509      3031382D 
 1509      74656368 
 1509      7365635C 
 1509      7374726F 
 1510              	.LASF39:
 1511 00ed 6D656D73 		.ascii	"memset\000"
 1511      657400
 1512              	.LASF24:
 1513 00f4 484D4143 		.ascii	"HMAC_STATE\000"
 1513      5F535441 
 1513      544500
 1514              	.LASF33:
 1515 00ff 53484132 		.ascii	"SHA256\000"
 1515      353600
 1516              	.LASF10:
 1517 0106 5F5F7569 		.ascii	"__uint32_t\000"
 1517      6E743332 
 1517      5F7400
 1518              	.LASF37:
 1519 0111 7374726F 		.ascii	"strong-arm\\src\\hmac\\hmac.c\000"
 1519      6E672D61 
 1519      726D5C73 
 1519      72635C68 
 1519      6D61635C 
 1520              	.LASF18:
 1521 012c 6368756E 		.ascii	"chunk\000"
 1521      6B00
 1522              	.LASF0:
 1523 0132 756E7369 		.ascii	"unsigned int\000"
 1523      676E6564 
 1523      20696E74 
 1523      00
 1524              	.LASF12:
 1525 013f 6C6F6E67 		.ascii	"long long unsigned int\000"
 1525      206C6F6E 
 1525      6720756E 
 1525      7369676E 
 1525      65642069 
 1526              	.LASF15:
 1527 0156 75696E74 		.ascii	"uint8_t\000"
 1527      385F7400 
 1528              	.LASF35:
 1529 015e 53484132 		.ascii	"SHA256_partial\000"
 1529      35365F70 
 1529      61727469 
 1529      616C00
 1530              	.LASF25:
 1531 016d 68617368 		.ascii	"hash\000"
ARM GAS  C:\Users\Ray\AppData\Local\Temp\ccRtpTzd.s 			page 30


 1531      00
 1532              	.LASF13:
 1533 0172 73697A65 		.ascii	"sizetype\000"
 1533      74797065 
 1533      00
 1534              	.LASF31:
 1535 017b 484D4143 		.ascii	"HMAC_partial\000"
 1535      5F706172 
 1535      7469616C 
 1535      00
 1536              	.LASF1:
 1537 0188 6C6F6E67 		.ascii	"long long int\000"
 1537      206C6F6E 
 1537      6720696E 
 1537      7400
 1538              	.LASF14:
 1539 0196 63686172 		.ascii	"char\000"
 1539      00
 1540              	.LASF26:
 1541 019b 6B6C656E 		.ascii	"klen\000"
 1541      00
 1542              	.LASF7:
 1543 01a0 73686F72 		.ascii	"short int\000"
 1543      7420696E 
 1543      7400
 1544              	.LASF16:
 1545 01aa 75696E74 		.ascii	"uint32_t\000"
 1545      33325F74 
 1545      00
 1546              	.LASF9:
 1547 01b3 6C6F6E67 		.ascii	"long int\000"
 1547      20696E74 
 1547      00
 1548              	.LASF2:
 1549 01bc 6C6F6E67 		.ascii	"long double\000"
 1549      20646F75 
 1549      626C6500 
 1550              	.LASF3:
 1551 01c8 7369676E 		.ascii	"signed char\000"
 1551      65642063 
 1551      68617200 
 1552              	.LASF36:
 1553 01d4 474E5520 		.ascii	"GNU C11 5.4.1 20160609 (release) [ARM/embedded-5-br"
 1553      43313120 
 1553      352E342E 
 1553      31203230 
 1553      31363036 
 1554 0207 616E6368 		.ascii	"anch revision 237715] -mcpu=cortex-m0 -mthumb -g -O"
 1554      20726576 
 1554      6973696F 
 1554      6E203233 
 1554      37373135 
 1555 023a 73202D66 		.ascii	"s -ffunction-sections -ffat-lto-objects\000"
 1555      66756E63 
 1555      74696F6E 
 1555      2D736563 
 1555      74696F6E 
ARM GAS  C:\Users\Ray\AppData\Local\Temp\ccRtpTzd.s 			page 31


 1556              	.LASF29:
 1557 0262 6C617374 		.ascii	"last\000"
 1557      00
 1558              		.ident	"GCC: (GNU Tools for ARM Embedded Processors) 5.4.1 20160609 (release) [ARM/embedded-5-bran
