ARM GAS  C:\Users\Ray\AppData\Local\Temp\ccI6quwJ.s 			page 1


   1              		.syntax unified
   2              		.cpu cortex-m0
   3              		.fpu softvfp
   4              		.eabi_attribute 20, 1
   5              		.eabi_attribute 21, 1
   6              		.eabi_attribute 23, 3
   7              		.eabi_attribute 24, 1
   8              		.eabi_attribute 25, 1
   9              		.eabi_attribute 26, 1
  10              		.eabi_attribute 30, 1
  11              		.eabi_attribute 34, 0
  12              		.eabi_attribute 18, 4
  13              		.thumb
  14              		.syntax unified
  15              		.file	"main.c"
  16              		.text
  17              	.Ltext0:
  18              		.cfi_sections	.debug_frame
  19              		.section	.text.Reset_ISR,"ax",%progbits
  20              		.align	2
  21              		.global	Reset_ISR
  22              		.code	16
  23              		.thumb_func
  24              		.type	Reset_ISR, %function
  25              	Reset_ISR:
  26              	.LFB37:
  27              		.file 1 "main.c"
   1:main.c        **** /* ========================================
   2:main.c        ****  *
   3:main.c        ****  * Copyright YOUR COMPANY, THE YEAR
   4:main.c        ****  * All Rights Reserved
   5:main.c        ****  * UNPUBLISHED, LICENSED SOFTWARE.
   6:main.c        ****  *
   7:main.c        ****  * CONFIDENTIAL AND PROPRIETARY INFORMATION
   8:main.c        ****  * WHICH IS THE PROPERTY OF your company.
   9:main.c        ****  *
  10:main.c        ****  * ========================================
  11:main.c        **** */
  12:main.c        **** 
  13:main.c        **** #include "project.h"
  14:main.c        **** #include <stdlib.h>
  15:main.c        **** #include "usbserialprotocol.h"
  16:main.c        **** #include "SW1.h"
  17:main.c        **** #include "Reset_isr.h"
  18:main.c        **** #include <strong-arm/sha256.h>
  19:main.c        **** #include <strong-arm/aes.h>
  20:main.c        **** #include <strong-arm/random.h>
  21:main.c        **** #include <strong-arm/hmac.h>
  22:main.c        **** #include <stdio.h>
  23:main.c        **** 
  24:main.c        **** #define PIN_LEN 8
  25:main.c        **** #define UUID_LEN 36
  26:main.c        **** #define PINCHG_SUC "SUCCESS"
  27:main.c        **** #define PROV_MSG "P"
  28:main.c        **** #define RECV_OK "K"
  29:main.c        **** #define NONCE_OK "OK"
  30:main.c        **** #define COMPUTE_HMAC '2'
ARM GAS  C:\Users\Ray\AppData\Local\Temp\ccI6quwJ.s 			page 2


  31:main.c        **** #define GET_UUID '3'
  32:main.c        **** 
  33:main.c        **** //CARD
  34:main.c        **** 
  35:main.c        **** /* 
  36:main.c        ****  * How to read from EEPROM (persistent memory):
  37:main.c        ****  * 
  38:main.c        ****  * // read variable:
  39:main.c        ****  * static const uint8 EEPROM_BUF_VAR[len] = { val1, val2, ... };
  40:main.c        ****  * // write variable:
  41:main.c        ****  * volatile const uint8 *ptr = EEPROM_BUF_VAR;
  42:main.c        ****  * 
  43:main.c        ****  * uint8 val1 = *ptr;
  44:main.c        ****  * uint8 buf[4] = { 0x01, 0x02, 0x03, 0x04 };
  45:main.c        ****  * USER_INFO_Write(message, EEPROM_BUF_VAR, 4u); 
  46:main.c        ****  */
  47:main.c        **** 
  48:main.c        **** // global EEPROM read variables
  49:main.c        **** static const uint8 PIN[PIN_LEN] = {0x36, 0x35, 0x34, 0x33, 0x35, 0x34, 0x34, 0x36}; //eCTF
  50:main.c        **** static const uint8 UUID[UUID_LEN] = {0x37, 0x33, 0x36, 0x35, 0x36, 0x33, 0x37, 0x35, 0x37, 0x32, 0x
  51:main.c        **** static const uint8 BANK_AES_KEY[33] = { 0x00 };
  52:main.c        **** 
  53:main.c        **** 
  54:main.c        **** uint8_t hex2byte(char upper_digit, char lower_digit)
  55:main.c        **** {
  56:main.c        ****     uint8_t value = 0;
  57:main.c        ****     
  58:main.c        ****     // Lower nybble.
  59:main.c        ****     if(lower_digit >= '0' && lower_digit <= '9')
  60:main.c        ****     {
  61:main.c        ****         value = lower_digit - '0';
  62:main.c        ****     }
  63:main.c        ****     else if(lower_digit >= 'a' && lower_digit <= 'f')
  64:main.c        ****     {
  65:main.c        ****         value = lower_digit - 'a' + 0xA;
  66:main.c        ****     }
  67:main.c        ****     else if(lower_digit >= 'A' && lower_digit <= 'F')
  68:main.c        ****     {
  69:main.c        ****         value = lower_digit - 'A' + 0xA;
  70:main.c        ****     }
  71:main.c        ****     
  72:main.c        ****     // Upper nybble.
  73:main.c        ****     if(upper_digit >= '0' && upper_digit <= '9')
  74:main.c        ****     {
  75:main.c        ****         value |= (upper_digit - '0') << 4;
  76:main.c        ****     }
  77:main.c        ****     else if(upper_digit >= 'a' && upper_digit <= 'f')
  78:main.c        ****     {
  79:main.c        ****         value |= (upper_digit - 'a' + 0xA) << 4;
  80:main.c        ****     }
  81:main.c        ****     else if(upper_digit >= 'A' && upper_digit <= 'F')
  82:main.c        ****     {
  83:main.c        ****         value |= (upper_digit - 'A' + 0xA) << 4;
  84:main.c        ****     }
  85:main.c        ****     
  86:main.c        ****     // Return result.
  87:main.c        ****     return value;
ARM GAS  C:\Users\Ray\AppData\Local\Temp\ccI6quwJ.s 			page 3


  88:main.c        **** }
  89:main.c        **** 
  90:main.c        **** void bytes2hex(uint8_t byte, char* dest)
  91:main.c        **** {       
  92:main.c        ****     sprintf(dest, "%02X", byte);
  93:main.c        **** }
  94:main.c        **** 
  95:main.c        **** 
  96:main.c        **** // reset interrupt on button press
  97:main.c        **** CY_ISR(Reset_ISR)
  98:main.c        **** {
  28              		.loc 1 98 0
  29              		.cfi_startproc
  30              		@ args = 0, pretend = 0, frame = 0
  31              		@ frame_needed = 0, uses_anonymous_args = 0
  32 0000 10B5     		push	{r4, lr}
  33              		.cfi_def_cfa_offset 8
  34              		.cfi_offset 4, -8
  35              		.cfi_offset 14, -4
  99:main.c        ****     pushMessage((uint8*)"In interrupt\n", strlen("In interrupt\n"));
  36              		.loc 1 99 0
  37 0002 0D21     		movs	r1, #13
  38 0004 0348     		ldr	r0, .L2
  39 0006 FFF7FEFF 		bl	pushMessage
  40              	.LVL0:
 100:main.c        ****     SW1_ClearInterrupt();
  41              		.loc 1 100 0
  42 000a FFF7FEFF 		bl	SW1_ClearInterrupt
  43              	.LVL1:
 101:main.c        ****     CySoftwareReset();
  44              		.loc 1 101 0
  45 000e FFF7FEFF 		bl	CySoftwareReset
  46              	.LVL2:
 102:main.c        **** }
  47              		.loc 1 102 0
  48              		@ sp needed
  49 0012 10BD     		pop	{r4, pc}
  50              	.L3:
  51              		.align	2
  52              	.L2:
  53 0014 00000000 		.word	.LC0
  54              		.cfi_endproc
  55              	.LFE37:
  56              		.size	Reset_ISR, .-Reset_ISR
  57              		.section	.text.hex2byte,"ax",%progbits
  58              		.align	2
  59              		.global	hex2byte
  60              		.code	16
  61              		.thumb_func
  62              		.type	hex2byte, %function
  63              	hex2byte:
  64              	.LFB35:
  55:main.c        ****     uint8_t value = 0;
  65              		.loc 1 55 0
  66              		.cfi_startproc
  67              		@ args = 0, pretend = 0, frame = 0
  68              		@ frame_needed = 0, uses_anonymous_args = 0
ARM GAS  C:\Users\Ray\AppData\Local\Temp\ccI6quwJ.s 			page 4


  69              		@ link register save eliminated.
  70              	.LVL3:
  71 0000 0300     		movs	r3, r0
  72              	.LVL4:
  59:main.c        ****     {
  73              		.loc 1 59 0
  74 0002 0800     		movs	r0, r1
  75              	.LVL5:
  76 0004 3038     		subs	r0, r0, #48
  77 0006 C0B2     		uxtb	r0, r0
  78 0008 0928     		cmp	r0, #9
  79 000a 10D9     		bls	.L5
  63:main.c        ****     {
  80              		.loc 1 63 0
  81 000c 0A00     		movs	r2, r1
  82 000e 613A     		subs	r2, r2, #97
  83 0010 D2B2     		uxtb	r2, r2
  84 0012 052A     		cmp	r2, #5
  85 0014 02D8     		bhi	.L6
  65:main.c        ****     }
  86              		.loc 1 65 0
  87 0016 5739     		subs	r1, r1, #87
  88              	.LVL6:
  89 0018 C8B2     		uxtb	r0, r1
  90              	.LVL7:
  91 001a 08E0     		b	.L5
  92              	.LVL8:
  93              	.L6:
  67:main.c        ****     {
  94              		.loc 1 67 0
  95 001c 0A00     		movs	r2, r1
  96 001e 413A     		subs	r2, r2, #65
  97 0020 D2B2     		uxtb	r2, r2
  98 0022 052A     		cmp	r2, #5
  99 0024 02D8     		bhi	.L10
  69:main.c        ****     }
 100              		.loc 1 69 0
 101 0026 3739     		subs	r1, r1, #55
 102              	.LVL9:
 103 0028 C8B2     		uxtb	r0, r1
 104              	.LVL10:
 105 002a 00E0     		b	.L5
 106              	.LVL11:
 107              	.L10:
  56:main.c        ****     
 108              		.loc 1 56 0
 109 002c 0020     		movs	r0, #0
 110              	.LVL12:
 111              	.L5:
  73:main.c        ****     {
 112              		.loc 1 73 0
 113 002e 1A00     		movs	r2, r3
 114 0030 303A     		subs	r2, r2, #48
 115 0032 D2B2     		uxtb	r2, r2
 116 0034 092A     		cmp	r2, #9
 117 0036 04D8     		bhi	.L7
  75:main.c        ****     }
ARM GAS  C:\Users\Ray\AppData\Local\Temp\ccI6quwJ.s 			page 5


 118              		.loc 1 75 0
 119 0038 303B     		subs	r3, r3, #48
 120 003a 1B01     		lsls	r3, r3, #4
 121 003c 1843     		orrs	r0, r3
 122              	.LVL13:
 123 003e C0B2     		uxtb	r0, r0
 124              	.LVL14:
 125 0040 12E0     		b	.L8
 126              	.L7:
  77:main.c        ****     {
 127              		.loc 1 77 0
 128 0042 1A00     		movs	r2, r3
 129 0044 613A     		subs	r2, r2, #97
 130 0046 D2B2     		uxtb	r2, r2
 131 0048 052A     		cmp	r2, #5
 132 004a 04D8     		bhi	.L9
  79:main.c        ****     }
 133              		.loc 1 79 0
 134 004c 573B     		subs	r3, r3, #87
 135 004e 1B01     		lsls	r3, r3, #4
 136 0050 1843     		orrs	r0, r3
 137              	.LVL15:
 138 0052 C0B2     		uxtb	r0, r0
 139              	.LVL16:
 140 0054 08E0     		b	.L8
 141              	.L9:
  81:main.c        ****     {
 142              		.loc 1 81 0
 143 0056 1A00     		movs	r2, r3
 144 0058 413A     		subs	r2, r2, #65
 145 005a D2B2     		uxtb	r2, r2
 146 005c 052A     		cmp	r2, #5
 147 005e 03D8     		bhi	.L8
  83:main.c        ****     }
 148              		.loc 1 83 0
 149 0060 373B     		subs	r3, r3, #55
 150 0062 1B01     		lsls	r3, r3, #4
 151 0064 1843     		orrs	r0, r3
 152              	.LVL17:
 153 0066 C0B2     		uxtb	r0, r0
 154              	.LVL18:
 155              	.L8:
  88:main.c        **** 
 156              		.loc 1 88 0
 157              		@ sp needed
 158 0068 7047     		bx	lr
 159              		.cfi_endproc
 160              	.LFE35:
 161              		.size	hex2byte, .-hex2byte
 162 006a C046     		.section	.text.bytes2hex,"ax",%progbits
 163              		.align	2
 164              		.global	bytes2hex
 165              		.code	16
 166              		.thumb_func
 167              		.type	bytes2hex, %function
 168              	bytes2hex:
 169              	.LFB36:
ARM GAS  C:\Users\Ray\AppData\Local\Temp\ccI6quwJ.s 			page 6


  91:main.c        ****     sprintf(dest, "%02X", byte);
 170              		.loc 1 91 0
 171              		.cfi_startproc
 172              		@ args = 0, pretend = 0, frame = 0
 173              		@ frame_needed = 0, uses_anonymous_args = 0
 174              	.LVL19:
 175 0000 10B5     		push	{r4, lr}
 176              		.cfi_def_cfa_offset 8
 177              		.cfi_offset 4, -8
 178              		.cfi_offset 14, -4
 179 0002 0200     		movs	r2, r0
 180 0004 0800     		movs	r0, r1
 181              	.LVL20:
  92:main.c        **** }
 182              		.loc 1 92 0
 183 0006 0249     		ldr	r1, .L12
 184              	.LVL21:
 185 0008 FFF7FEFF 		bl	sprintf
 186              	.LVL22:
  93:main.c        **** 
 187              		.loc 1 93 0
 188              		@ sp needed
 189 000c 10BD     		pop	{r4, pc}
 190              	.L13:
 191 000e C046     		.align	2
 192              	.L12:
 193 0010 10000000 		.word	.LC2
 194              		.cfi_endproc
 195              	.LFE36:
 196              		.size	bytes2hex, .-bytes2hex
 197              		.section	.text.provision,"ax",%progbits
 198              		.align	2
 199              		.global	provision
 200              		.code	16
 201              		.thumb_func
 202              		.type	provision, %function
 203              	provision:
 204              	.LFB38:
 103:main.c        **** 
 104:main.c        **** // provisions card (should only ever be called once)
 105:main.c        **** void provision()
 106:main.c        **** {
 205              		.loc 1 106 0
 206              		.cfi_startproc
 207              		@ args = 0, pretend = 0, frame = 208
 208              		@ frame_needed = 0, uses_anonymous_args = 0
 209 0000 10B5     		push	{r4, lr}
 210              		.cfi_def_cfa_offset 8
 211              		.cfi_offset 4, -8
 212              		.cfi_offset 14, -4
 213 0002 B4B0     		sub	sp, sp, #208
 214              		.cfi_def_cfa_offset 216
 107:main.c        ****     uint8 message[109] = {0x00};
 215              		.loc 1 107 0
 216 0004 6D22     		movs	r2, #109
 217 0006 0021     		movs	r1, #0
 218 0008 18A8     		add	r0, sp, #96
ARM GAS  C:\Users\Ray\AppData\Local\Temp\ccI6quwJ.s 			page 7


 219 000a FFF7FEFF 		bl	memset
 220              	.LVL23:
 108:main.c        ****     
 109:main.c        ****     // synchronize with bank
 110:main.c        ****     syncConnection(SYNC_PROV);
 221              		.loc 1 110 0
 222 000e 0120     		movs	r0, #1
 223 0010 FFF7FEFF 		bl	syncConnection
 224              	.LVL24:
 111:main.c        ****  
 112:main.c        ****     pushMessage((uint8*)PROV_MSG, (uint8)strlen(PROV_MSG));
 225              		.loc 1 112 0
 226 0014 0121     		movs	r1, #1
 227 0016 1548     		ldr	r0, .L17
 228 0018 FFF7FEFF 		bl	pushMessage
 229              	.LVL25:
 113:main.c        ****         
 114:main.c        ****     // set PIN
 115:main.c        ****     // pullMessage(message);
 116:main.c        ****     // USER_INFO_Write(message, PIN, PIN_LEN);
 117:main.c        ****     // pushMessage((uint8*)RECV_OK, strlen(RECV_OK));
 118:main.c        ****     
 119:main.c        ****     // set account number
 120:main.c        ****     pullMessage(message);
 230              		.loc 1 120 0
 231 001c 18A8     		add	r0, sp, #96
 232 001e FFF7FEFF 		bl	pullMessage
 233              	.LVL26:
 121:main.c        ****     char hex_bank_key[64];
 122:main.c        ****     memcpy(hex_bank_key, message, sizeof(hex_bank_key));
 234              		.loc 1 122 0
 235 0022 4022     		movs	r2, #64
 236 0024 18A9     		add	r1, sp, #96
 237 0026 08A8     		add	r0, sp, #32
 238 0028 FFF7FEFF 		bl	memcpy
 239              	.LVL27:
 240              	.LBB2:
 123:main.c        **** 
 124:main.c        ****     uint8_t bank_key[32];
 125:main.c        **** 
 126:main.c        ****     for(int i = 0; i < 32; ++i)
 241              		.loc 1 126 0
 242 002c 0024     		movs	r4, #0
 243 002e 09E0     		b	.L15
 244              	.LVL28:
 245              	.L16:
 127:main.c        ****     {
 128:main.c        ****         bank_key[i] = hex2byte(hex_bank_key[2*i], hex_bank_key[2*i + 1]);
 246              		.loc 1 128 0 discriminator 3
 247 0030 6300     		lsls	r3, r4, #1
 248 0032 591C     		adds	r1, r3, #1
 249 0034 08AA     		add	r2, sp, #32
 250 0036 515C     		ldrb	r1, [r2, r1]
 251 0038 D05C     		ldrb	r0, [r2, r3]
 252 003a FFF7FEFF 		bl	hex2byte
 253              	.LVL29:
 254 003e 6B46     		mov	r3, sp
ARM GAS  C:\Users\Ray\AppData\Local\Temp\ccI6quwJ.s 			page 8


 255 0040 1855     		strb	r0, [r3, r4]
 126:main.c        ****     {
 256              		.loc 1 126 0 discriminator 3
 257 0042 0134     		adds	r4, r4, #1
 258              	.LVL30:
 259              	.L15:
 126:main.c        ****     {
 260              		.loc 1 126 0 is_stmt 0 discriminator 1
 261 0044 1F2C     		cmp	r4, #31
 262 0046 F3DD     		ble	.L16
 263              	.LBE2:
 129:main.c        ****     }
 130:main.c        **** 
 131:main.c        ****     USER_INFO_Write(bank_key, BANK_AES_KEY, sizeof(bank_key));
 264              		.loc 1 131 0 is_stmt 1
 265 0048 094C     		ldr	r4, .L17+4
 266              	.LVL31:
 267 004a 2022     		movs	r2, #32
 268 004c 2100     		movs	r1, r4
 269 004e 6846     		mov	r0, sp
 270 0050 FFF7FEFF 		bl	USER_INFO_Write
 271              	.LVL32:
 132:main.c        ****     USER_INFO_Write(message + sizeof(hex_bank_key), UUID, UUID_LEN);
 272              		.loc 1 132 0
 273 0054 2100     		movs	r1, r4
 274 0056 2431     		adds	r1, r1, #36
 275 0058 2422     		movs	r2, #36
 276 005a 28A8     		add	r0, sp, #160
 277 005c FFF7FEFF 		bl	USER_INFO_Write
 278              	.LVL33:
 133:main.c        **** 
 134:main.c        ****     pushMessage((uint8*)RECV_OK, strlen(RECV_OK));
 279              		.loc 1 134 0
 280 0060 0121     		movs	r1, #1
 281 0062 0448     		ldr	r0, .L17+8
 282 0064 FFF7FEFF 		bl	pushMessage
 283              	.LVL34:
 135:main.c        **** }
 284              		.loc 1 135 0
 285 0068 34B0     		add	sp, sp, #208
 286              		@ sp needed
 287 006a 10BD     		pop	{r4, pc}
 288              	.L18:
 289              		.align	2
 290              	.L17:
 291 006c 18000000 		.word	.LC4
 292 0070 00000000 		.word	.LANCHOR0
 293 0074 1C000000 		.word	.LC7
 294              		.cfi_endproc
 295              	.LFE38:
 296              		.size	provision, .-provision
 297              		.section	.text.main,"ax",%progbits
 298              		.align	2
 299              		.global	main
 300              		.code	16
 301              		.thumb_func
 302              		.type	main, %function
ARM GAS  C:\Users\Ray\AppData\Local\Temp\ccI6quwJ.s 			page 9


 303              	main:
 304              	.LFB39:
 136:main.c        **** 
 137:main.c        **** 
 138:main.c        **** int main(void)
 139:main.c        **** {
 305              		.loc 1 139 0
 306              		.cfi_startproc
 307              		@ args = 0, pretend = 0, frame = 208
 308              		@ frame_needed = 0, uses_anonymous_args = 0
 309 0000 70B5     		push	{r4, r5, r6, lr}
 310              		.cfi_def_cfa_offset 16
 311              		.cfi_offset 4, -16
 312              		.cfi_offset 5, -12
 313              		.cfi_offset 6, -8
 314              		.cfi_offset 14, -4
 315 0002 B6B0     		sub	sp, sp, #216
 316              		.cfi_def_cfa_offset 232
 140:main.c        ****     // enable global interrupts -- DO NOT DELETE
 141:main.c        ****     CyGlobalIntEnable;
 317              		.loc 1 141 0
 318              		.syntax divided
 319              	@ 141 "main.c" 1
 320 0004 62B6     		CPSIE   i
 321              	@ 0 "" 2
 142:main.c        ****     
 143:main.c        ****     // start reset button
 144:main.c        ****     Reset_isr_StartEx(Reset_ISR);
 322              		.loc 1 144 0
 323              		.thumb
 324              		.syntax unified
 325 0006 2748     		ldr	r0, .L24
 326 0008 FFF7FEFF 		bl	Reset_isr_StartEx
 327              	.LVL35:
 145:main.c        ****     
 146:main.c        ****     /* Declare vairables here */
 147:main.c        ****     uint8 i;
 148:main.c        ****     uint8 message[128];
 149:main.c        ****     
 150:main.c        ****     // local EEPROM read variable
 151:main.c        ****     static const uint8 PROVISIONED[1] = {0x00};
 152:main.c        ****     
 153:main.c        ****     // EEPROM write variable
 154:main.c        ****     volatile const uint8 *ptr = PROVISIONED;
 155:main.c        ****     
 156:main.c        ****     /* Place your initialization/startup code here (e.g. MyInst_Start()) */
 157:main.c        ****     USER_INFO_Start();
 328              		.loc 1 157 0
 329 000c FFF7FEFF 		bl	USER_INFO_Start
 330              	.LVL36:
 158:main.c        ****     USB_UART_Start();
 331              		.loc 1 158 0
 332 0010 FFF7FEFF 		bl	USB_UART_Start
 333              	.LVL37:
 159:main.c        ****     
 160:main.c        ****     // Provision card if on first boot
 161:main.c        ****     // ptr = PROVISIONED;
ARM GAS  C:\Users\Ray\AppData\Local\Temp\ccI6quwJ.s 			page 10


 162:main.c        ****     if (*ptr == 0x00) {
 334              		.loc 1 162 0
 335 0014 4823     		movs	r3, #72
 336 0016 244A     		ldr	r2, .L24+4
 337 0018 D35C     		ldrb	r3, [r2, r3]
 338 001a 002B     		cmp	r3, #0
 339 001c 0AD1     		bne	.L21
 163:main.c        ****         provision();
 340              		.loc 1 163 0
 341 001e FFF7FEFF 		bl	provision
 342              	.LVL38:
 164:main.c        ****         
 165:main.c        ****         // Mark as provisioned
 166:main.c        ****         i = 0x01;
 343              		.loc 1 166 0
 344 0022 D720     		movs	r0, #215
 345 0024 6844     		add	r0, r0, sp
 346 0026 0123     		movs	r3, #1
 347 0028 0370     		strb	r3, [r0]
 167:main.c        ****         USER_INFO_Write(&i,PROVISIONED, 1u);
 348              		.loc 1 167 0
 349 002a 0122     		movs	r2, #1
 350 002c 1E49     		ldr	r1, .L24+4
 351 002e 4831     		adds	r1, r1, #72
 352 0030 FFF7FEFF 		bl	USER_INFO_Write
 353              	.LVL39:
 354              	.L21:
 168:main.c        ****     }
 169:main.c        **** 
 170:main.c        ****     // USB_UART_UartPutString("Provisioned!\r\n");
 171:main.c        ****     
 172:main.c        ****     // Go into infinite loop
 173:main.c        ****     while (1) {
 174:main.c        ****                /* Place your application code here. */
 175:main.c        ****         
 176:main.c        ****         // syncronize communication with bank
 177:main.c        ****         syncConnection(SYNC_NORM);
 355              		.loc 1 177 0
 356 0034 0020     		movs	r0, #0
 357 0036 FFF7FEFF 		bl	syncConnection
 358              	.LVL40:
 178:main.c        **** 
 179:main.c        ****         // get command
 180:main.c        ****         pullMessage(message);
 359              		.loc 1 180 0
 360 003a 15AC     		add	r4, sp, #84
 361 003c 2000     		movs	r0, r4
 362 003e FFF7FEFF 		bl	pullMessage
 363              	.LVL41:
 181:main.c        ****         pushMessage((uint8*)RECV_OK, strlen(RECV_OK));
 364              		.loc 1 181 0
 365 0042 0121     		movs	r1, #1
 366 0044 1948     		ldr	r0, .L24+8
 367 0046 FFF7FEFF 		bl	pushMessage
 368              	.LVL42:
 182:main.c        **** 
 183:main.c        ****         if (message[0] == GET_UUID) {
ARM GAS  C:\Users\Ray\AppData\Local\Temp\ccI6quwJ.s 			page 11


 369              		.loc 1 183 0
 370 004a 2378     		ldrb	r3, [r4]
 371 004c 332B     		cmp	r3, #51
 372 004e 05D1     		bne	.L22
 184:main.c        ****             pushMessage(UUID, UUID_LEN);
 373              		.loc 1 184 0
 374 0050 2421     		movs	r1, #36
 375 0052 1548     		ldr	r0, .L24+4
 376 0054 2430     		adds	r0, r0, #36
 377 0056 FFF7FEFF 		bl	pushMessage
 378              	.LVL43:
 379 005a EBE7     		b	.L21
 380              	.L22:
 185:main.c        ****         } else if (message[0] == COMPUTE_HMAC) {
 381              		.loc 1 185 0
 382 005c 322B     		cmp	r3, #50
 383 005e E9D1     		bne	.L21
 384              	.LBB3:
 186:main.c        ****             // receive challenge nonce from ATM
 187:main.c        ****             uint8_t nonce[4];
 188:main.c        ****             pullMessage(message);
 385              		.loc 1 188 0
 386 0060 15A8     		add	r0, sp, #84
 387 0062 FFF7FEFF 		bl	pullMessage
 388              	.LVL44:
 189:main.c        ****             memcpy(nonce, message, sizeof(nonce));
 389              		.loc 1 189 0
 390 0066 159B     		ldr	r3, [sp, #84]
 391 0068 0293     		str	r3, [sp, #8]
 190:main.c        ****             pushMessage((uint8*)NONCE_OK, strlen(NONCE_OK));
 392              		.loc 1 190 0
 393 006a 0221     		movs	r1, #2
 394 006c 1048     		ldr	r0, .L24+12
 395 006e FFF7FEFF 		bl	pushMessage
 396              	.LVL45:
 191:main.c        **** 
 192:main.c        ****             //Send HMAC
 193:main.c        ****             uint8_t hmac_output[32];
 194:main.c        ****             uint8_t hmac_data[40];
 195:main.c        **** 
 196:main.c        ****             memcpy(hmac_data, UUID, UUID_LEN);
 397              		.loc 1 196 0
 398 0072 0BAB     		add	r3, sp, #44
 399 0074 0C49     		ldr	r1, .L24+4
 400 0076 1800     		movs	r0, r3
 401 0078 0A00     		movs	r2, r1
 402 007a 2432     		adds	r2, r2, #36
 403 007c 70CA     		ldmia	r2!, {r4, r5, r6}
 404 007e 70C0     		stmia	r0!, {r4, r5, r6}
 405 0080 70CA     		ldmia	r2!, {r4, r5, r6}
 406 0082 70C0     		stmia	r0!, {r4, r5, r6}
 407 0084 70CA     		ldmia	r2!, {r4, r5, r6}
 408 0086 70C0     		stmia	r0!, {r4, r5, r6}
 197:main.c        ****             memcpy(hmac_data + UUID_LEN, nonce, sizeof(nonce));
 409              		.loc 1 197 0
 410 0088 029A     		ldr	r2, [sp, #8]
 411 008a 5A62     		str	r2, [r3, #36]
ARM GAS  C:\Users\Ray\AppData\Local\Temp\ccI6quwJ.s 			page 12


 198:main.c        **** 
 199:main.c        ****             HMAC(hmac_output, BANK_AES_KEY, 32, hmac_data, sizeof(hmac_data));
 412              		.loc 1 199 0
 413 008c 2822     		movs	r2, #40
 414 008e 0092     		str	r2, [sp]
 415 0090 083A     		subs	r2, r2, #8
 416 0092 03A8     		add	r0, sp, #12
 417 0094 FFF7FEFF 		bl	HMAC
 418              	.LVL46:
 200:main.c        **** 
 201:main.c        ****             // Push UUID so that bank can look up AES Key for comm
 202:main.c        ****             pushMessage(hmac_output, sizeof(hmac_output));
 419              		.loc 1 202 0
 420 0098 2021     		movs	r1, #32
 421 009a 03A8     		add	r0, sp, #12
 422 009c FFF7FEFF 		bl	pushMessage
 423              	.LVL47:
 424 00a0 C8E7     		b	.L21
 425              	.L25:
 426 00a2 C046     		.align	2
 427              	.L24:
 428 00a4 00000000 		.word	Reset_ISR
 429 00a8 00000000 		.word	.LANCHOR0
 430 00ac 1C000000 		.word	.LC7
 431 00b0 20000000 		.word	.LC13
 432              	.LBE3:
 433              		.cfi_endproc
 434              	.LFE39:
 435              		.size	main, .-main
 436              		.section	.rodata
 437              		.align	2
 438              		.set	.LANCHOR0,. + 0
 439              		.type	BANK_AES_KEY, %object
 440              		.size	BANK_AES_KEY, 33
 441              	BANK_AES_KEY:
 442 0000 00000000 		.space	33
 442      00000000 
 442      00000000 
 442      00000000 
 442      00000000 
 443 0021 000000   		.space	3
 444              		.type	UUID, %object
 445              		.size	UUID, 36
 446              	UUID:
 447 0024 37       		.byte	55
 448 0025 33       		.byte	51
 449 0026 36       		.byte	54
 450 0027 35       		.byte	53
 451 0028 36       		.byte	54
 452 0029 33       		.byte	51
 453 002a 37       		.byte	55
 454 002b 35       		.byte	53
 455 002c 37       		.byte	55
 456 002d 32       		.byte	50
 457 002e 36       		.byte	54
 458 002f 39       		.byte	57
 459 0030 37       		.byte	55
ARM GAS  C:\Users\Ray\AppData\Local\Temp\ccI6quwJ.s 			page 13


 460 0031 34       		.byte	52
 461 0032 37       		.byte	55
 462 0033 39       		.byte	57
 463 0034 00000000 		.space	20
 463      00000000 
 463      00000000 
 463      00000000 
 463      00000000 
 464              		.type	PROVISIONED.6668, %object
 465              		.size	PROVISIONED.6668, 1
 466              	PROVISIONED.6668:
 467 0048 00       		.space	1
 468              		.section	.rodata.str1.4,"aMS",%progbits,1
 469              		.align	2
 470              	.LC0:
 471 0000 496E2069 		.ascii	"In interrupt\012\000"
 471      6E746572 
 471      72757074 
 471      0A00
 472 000e 0000     		.space	2
 473              	.LC2:
 474 0010 25303258 		.ascii	"%02X\000"
 474      00
 475 0015 000000   		.space	3
 476              	.LC4:
 477 0018 5000     		.ascii	"P\000"
 478 001a 0000     		.space	2
 479              	.LC7:
 480 001c 4B00     		.ascii	"K\000"
 481 001e 0000     		.space	2
 482              	.LC13:
 483 0020 4F4B00   		.ascii	"OK\000"
 484              		.text
 485              	.Letext0:
 486              		.file 2 "c:\\program files (x86)\\cypress\\psoc creator\\4.1\\psoc creator\\import\\gnu\\arm\\5.4.
 487              		.file 3 "c:\\program files (x86)\\cypress\\psoc creator\\4.1\\psoc creator\\import\\gnu\\arm\\5.4.
 488              		.file 4 "Generated_Source\\PSoC4/cytypes.h"
 489              		.file 5 "usbserialprotocol.h"
 490              		.file 6 "Generated_Source\\PSoC4/SW1.h"
 491              		.file 7 "Generated_Source\\PSoC4/CyLib.h"
 492              		.file 8 "c:\\program files (x86)\\cypress\\psoc creator\\4.1\\psoc creator\\import\\gnu\\arm\\5.4.
 493              		.file 9 "Generated_Source\\PSoC4/USER_INFO.h"
 494              		.file 10 "..\\strong-arm.cylib\\strong-arm\\include/strong-arm/hmac.h"
 495              		.file 11 "Generated_Source\\PSoC4/Reset_isr.h"
 496              		.file 12 "Generated_Source\\PSoC4/USB_UART.h"
 497              		.section	.debug_info,"",%progbits
 498              	.Ldebug_info0:
 499 0000 12060000 		.4byte	0x612
 500 0004 0400     		.2byte	0x4
 501 0006 00000000 		.4byte	.Ldebug_abbrev0
 502 000a 04       		.byte	0x4
 503 000b 01       		.uleb128 0x1
 504 000c A2010000 		.4byte	.LASF46
 505 0010 0C       		.byte	0xc
 506 0011 53020000 		.4byte	.LASF47
 507 0015 5B010000 		.4byte	.LASF48
 508 0019 00000000 		.4byte	.Ldebug_ranges0+0
ARM GAS  C:\Users\Ray\AppData\Local\Temp\ccI6quwJ.s 			page 14


 509 001d 00000000 		.4byte	0
 510 0021 00000000 		.4byte	.Ldebug_line0
 511 0025 02       		.uleb128 0x2
 512 0026 01       		.byte	0x1
 513 0027 06       		.byte	0x6
 514 0028 CF020000 		.4byte	.LASF0
 515 002c 03       		.uleb128 0x3
 516 002d 28000000 		.4byte	.LASF9
 517 0031 02       		.byte	0x2
 518 0032 1D       		.byte	0x1d
 519 0033 37000000 		.4byte	0x37
 520 0037 02       		.uleb128 0x2
 521 0038 01       		.byte	0x1
 522 0039 08       		.byte	0x8
 523 003a 81000000 		.4byte	.LASF1
 524 003e 02       		.uleb128 0x2
 525 003f 02       		.byte	0x2
 526 0040 05       		.byte	0x5
 527 0041 69020000 		.4byte	.LASF2
 528 0045 02       		.uleb128 0x2
 529 0046 02       		.byte	0x2
 530 0047 07       		.byte	0x7
 531 0048 38000000 		.4byte	.LASF3
 532 004c 02       		.uleb128 0x2
 533 004d 04       		.byte	0x4
 534 004e 05       		.byte	0x5
 535 004f B1020000 		.4byte	.LASF4
 536 0053 02       		.uleb128 0x2
 537 0054 04       		.byte	0x4
 538 0055 07       		.byte	0x7
 539 0056 C4000000 		.4byte	.LASF5
 540 005a 02       		.uleb128 0x2
 541 005b 08       		.byte	0x8
 542 005c 05       		.byte	0x5
 543 005d 45020000 		.4byte	.LASF6
 544 0061 02       		.uleb128 0x2
 545 0062 08       		.byte	0x8
 546 0063 07       		.byte	0x7
 547 0064 28010000 		.4byte	.LASF7
 548 0068 04       		.uleb128 0x4
 549 0069 04       		.byte	0x4
 550 006a 05       		.byte	0x5
 551 006b 696E7400 		.ascii	"int\000"
 552 006f 02       		.uleb128 0x2
 553 0070 04       		.byte	0x4
 554 0071 07       		.byte	0x7
 555 0072 1B010000 		.4byte	.LASF8
 556 0076 03       		.uleb128 0x3
 557 0077 3F010000 		.4byte	.LASF10
 558 007b 03       		.byte	0x3
 559 007c 18       		.byte	0x18
 560 007d 2C000000 		.4byte	0x2c
 561 0081 05       		.uleb128 0x5
 562 0082 83020000 		.4byte	.LASF11
 563 0086 04       		.byte	0x4
 564 0087 B901     		.2byte	0x1b9
 565 0089 37000000 		.4byte	0x37
ARM GAS  C:\Users\Ray\AppData\Local\Temp\ccI6quwJ.s 			page 15


 566 008d 02       		.uleb128 0x2
 567 008e 04       		.byte	0x4
 568 008f 04       		.byte	0x4
 569 0090 66000000 		.4byte	.LASF12
 570 0094 02       		.uleb128 0x2
 571 0095 08       		.byte	0x8
 572 0096 04       		.byte	0x4
 573 0097 4B000000 		.4byte	.LASF13
 574 009b 02       		.uleb128 0x2
 575 009c 01       		.byte	0x1
 576 009d 08       		.byte	0x8
 577 009e 5A020000 		.4byte	.LASF14
 578 00a2 02       		.uleb128 0x2
 579 00a3 08       		.byte	0x8
 580 00a4 04       		.byte	0x4
 581 00a5 C3020000 		.4byte	.LASF15
 582 00a9 02       		.uleb128 0x2
 583 00aa 04       		.byte	0x4
 584 00ab 07       		.byte	0x7
 585 00ac 30020000 		.4byte	.LASF16
 586 00b0 06       		.uleb128 0x6
 587 00b1 04       		.byte	0x4
 588 00b2 9B000000 		.4byte	0x9b
 589 00b6 07       		.uleb128 0x7
 590 00b7 5F020000 		.4byte	.LASF19
 591 00bb 01       		.byte	0x1
 592 00bc 61       		.byte	0x61
 593 00bd 00000000 		.4byte	.LFB37
 594 00c1 18000000 		.4byte	.LFE37-.LFB37
 595 00c5 01       		.uleb128 0x1
 596 00c6 9C       		.byte	0x9c
 597 00c7 FA000000 		.4byte	0xfa
 598 00cb 08       		.uleb128 0x8
 599 00cc 0A000000 		.4byte	.LVL0
 600 00d0 8A050000 		.4byte	0x58a
 601 00d4 E7000000 		.4byte	0xe7
 602 00d8 09       		.uleb128 0x9
 603 00d9 01       		.uleb128 0x1
 604 00da 50       		.byte	0x50
 605 00db 05       		.uleb128 0x5
 606 00dc 03       		.byte	0x3
 607 00dd 00000000 		.4byte	.LC0
 608 00e1 09       		.uleb128 0x9
 609 00e2 01       		.uleb128 0x1
 610 00e3 51       		.byte	0x51
 611 00e4 01       		.uleb128 0x1
 612 00e5 3D       		.byte	0x3d
 613 00e6 00       		.byte	0
 614 00e7 0A       		.uleb128 0xa
 615 00e8 0E000000 		.4byte	.LVL1
 616 00ec 95050000 		.4byte	0x595
 617 00f0 0A       		.uleb128 0xa
 618 00f1 12000000 		.4byte	.LVL2
 619 00f5 A0050000 		.4byte	0x5a0
 620 00f9 00       		.byte	0
 621 00fa 0B       		.uleb128 0xb
 622 00fb 8F000000 		.4byte	.LASF49
ARM GAS  C:\Users\Ray\AppData\Local\Temp\ccI6quwJ.s 			page 16


 623 00ff 01       		.byte	0x1
 624 0100 36       		.byte	0x36
 625 0101 76000000 		.4byte	0x76
 626 0105 00000000 		.4byte	.LFB35
 627 0109 6A000000 		.4byte	.LFE35-.LFB35
 628 010d 01       		.uleb128 0x1
 629 010e 9C       		.byte	0x9c
 630 010f 41010000 		.4byte	0x141
 631 0113 0C       		.uleb128 0xc
 632 0114 39020000 		.4byte	.LASF17
 633 0118 01       		.byte	0x1
 634 0119 36       		.byte	0x36
 635 011a 9B000000 		.4byte	0x9b
 636 011e 00000000 		.4byte	.LLST0
 637 0122 0C       		.uleb128 0xc
 638 0123 FF000000 		.4byte	.LASF18
 639 0127 01       		.byte	0x1
 640 0128 36       		.byte	0x36
 641 0129 9B000000 		.4byte	0x9b
 642 012d 21000000 		.4byte	.LLST1
 643 0131 0D       		.uleb128 0xd
 644 0132 32000000 		.4byte	.LASF23
 645 0136 01       		.byte	0x1
 646 0137 38       		.byte	0x38
 647 0138 76000000 		.4byte	0x76
 648 013c 74000000 		.4byte	.LLST2
 649 0140 00       		.byte	0
 650 0141 07       		.uleb128 0x7
 651 0142 DB020000 		.4byte	.LASF20
 652 0146 01       		.byte	0x1
 653 0147 5A       		.byte	0x5a
 654 0148 00000000 		.4byte	.LFB36
 655 014c 14000000 		.4byte	.LFE36-.LFB36
 656 0150 01       		.uleb128 0x1
 657 0151 9C       		.byte	0x9c
 658 0152 8F010000 		.4byte	0x18f
 659 0156 0C       		.uleb128 0xc
 660 0157 52000000 		.4byte	.LASF21
 661 015b 01       		.byte	0x1
 662 015c 5A       		.byte	0x5a
 663 015d 76000000 		.4byte	0x76
 664 0161 E2000000 		.4byte	.LLST3
 665 0165 0C       		.uleb128 0xc
 666 0166 7C000000 		.4byte	.LASF22
 667 016a 01       		.byte	0x1
 668 016b 5A       		.byte	0x5a
 669 016c B0000000 		.4byte	0xb0
 670 0170 03010000 		.4byte	.LLST4
 671 0174 0E       		.uleb128 0xe
 672 0175 0C000000 		.4byte	.LVL22
 673 0179 AB050000 		.4byte	0x5ab
 674 017d 09       		.uleb128 0x9
 675 017e 01       		.uleb128 0x1
 676 017f 50       		.byte	0x50
 677 0180 03       		.uleb128 0x3
 678 0181 F3       		.byte	0xf3
 679 0182 01       		.uleb128 0x1
ARM GAS  C:\Users\Ray\AppData\Local\Temp\ccI6quwJ.s 			page 17


 680 0183 51       		.byte	0x51
 681 0184 09       		.uleb128 0x9
 682 0185 01       		.uleb128 0x1
 683 0186 51       		.byte	0x51
 684 0187 05       		.uleb128 0x5
 685 0188 03       		.byte	0x3
 686 0189 10000000 		.4byte	.LC2
 687 018d 00       		.byte	0
 688 018e 00       		.byte	0
 689 018f 0F       		.uleb128 0xf
 690 0190 F5000000 		.4byte	.LASF50
 691 0194 01       		.byte	0x1
 692 0195 69       		.byte	0x69
 693 0196 00000000 		.4byte	.LFB38
 694 019a 78000000 		.4byte	.LFE38-.LFB38
 695 019e 01       		.uleb128 0x1
 696 019f 9C       		.byte	0x9c
 697 01a0 D4020000 		.4byte	0x2d4
 698 01a4 10       		.uleb128 0x10
 699 01a5 00000000 		.4byte	.LASF24
 700 01a9 01       		.byte	0x1
 701 01aa 6B       		.byte	0x6b
 702 01ab D4020000 		.4byte	0x2d4
 703 01af 03       		.uleb128 0x3
 704 01b0 91       		.byte	0x91
 705 01b1 887F     		.sleb128 -120
 706 01b3 10       		.uleb128 0x10
 707 01b4 E8000000 		.4byte	.LASF25
 708 01b8 01       		.byte	0x1
 709 01b9 79       		.byte	0x79
 710 01ba E4020000 		.4byte	0x2e4
 711 01be 03       		.uleb128 0x3
 712 01bf 91       		.byte	0x91
 713 01c0 C87E     		.sleb128 -184
 714 01c2 10       		.uleb128 0x10
 715 01c3 BA020000 		.4byte	.LASF26
 716 01c7 01       		.byte	0x1
 717 01c8 7C       		.byte	0x7c
 718 01c9 F4020000 		.4byte	0x2f4
 719 01cd 03       		.uleb128 0x3
 720 01ce 91       		.byte	0x91
 721 01cf A87E     		.sleb128 -216
 722 01d1 11       		.uleb128 0x11
 723 01d2 2C000000 		.4byte	.LBB2
 724 01d6 1C000000 		.4byte	.LBE2-.LBB2
 725 01da F5010000 		.4byte	0x1f5
 726 01de 12       		.uleb128 0x12
 727 01df 6900     		.ascii	"i\000"
 728 01e1 01       		.byte	0x1
 729 01e2 7E       		.byte	0x7e
 730 01e3 68000000 		.4byte	0x68
 731 01e7 2F010000 		.4byte	.LLST5
 732 01eb 0A       		.uleb128 0xa
 733 01ec 3E000000 		.4byte	.LVL29
 734 01f0 FA000000 		.4byte	0xfa
 735 01f4 00       		.byte	0
 736 01f5 08       		.uleb128 0x8
ARM GAS  C:\Users\Ray\AppData\Local\Temp\ccI6quwJ.s 			page 18


 737 01f6 0E000000 		.4byte	.LVL23
 738 01fa B6050000 		.4byte	0x5b6
 739 01fe 15020000 		.4byte	0x215
 740 0202 09       		.uleb128 0x9
 741 0203 01       		.uleb128 0x1
 742 0204 50       		.byte	0x50
 743 0205 03       		.uleb128 0x3
 744 0206 91       		.byte	0x91
 745 0207 887F     		.sleb128 -120
 746 0209 09       		.uleb128 0x9
 747 020a 01       		.uleb128 0x1
 748 020b 51       		.byte	0x51
 749 020c 01       		.uleb128 0x1
 750 020d 30       		.byte	0x30
 751 020e 09       		.uleb128 0x9
 752 020f 01       		.uleb128 0x1
 753 0210 52       		.byte	0x52
 754 0211 02       		.uleb128 0x2
 755 0212 08       		.byte	0x8
 756 0213 6D       		.byte	0x6d
 757 0214 00       		.byte	0
 758 0215 08       		.uleb128 0x8
 759 0216 14000000 		.4byte	.LVL24
 760 021a BF050000 		.4byte	0x5bf
 761 021e 28020000 		.4byte	0x228
 762 0222 09       		.uleb128 0x9
 763 0223 01       		.uleb128 0x1
 764 0224 50       		.byte	0x50
 765 0225 01       		.uleb128 0x1
 766 0226 31       		.byte	0x31
 767 0227 00       		.byte	0
 768 0228 08       		.uleb128 0x8
 769 0229 1C000000 		.4byte	.LVL25
 770 022d 8A050000 		.4byte	0x58a
 771 0231 44020000 		.4byte	0x244
 772 0235 09       		.uleb128 0x9
 773 0236 01       		.uleb128 0x1
 774 0237 50       		.byte	0x50
 775 0238 05       		.uleb128 0x5
 776 0239 03       		.byte	0x3
 777 023a 18000000 		.4byte	.LC4
 778 023e 09       		.uleb128 0x9
 779 023f 01       		.uleb128 0x1
 780 0240 51       		.byte	0x51
 781 0241 01       		.uleb128 0x1
 782 0242 31       		.byte	0x31
 783 0243 00       		.byte	0
 784 0244 08       		.uleb128 0x8
 785 0245 22000000 		.4byte	.LVL26
 786 0249 CA050000 		.4byte	0x5ca
 787 024d 59020000 		.4byte	0x259
 788 0251 09       		.uleb128 0x9
 789 0252 01       		.uleb128 0x1
 790 0253 50       		.byte	0x50
 791 0254 03       		.uleb128 0x3
 792 0255 91       		.byte	0x91
 793 0256 887F     		.sleb128 -120
ARM GAS  C:\Users\Ray\AppData\Local\Temp\ccI6quwJ.s 			page 19


 794 0258 00       		.byte	0
 795 0259 08       		.uleb128 0x8
 796 025a 2C000000 		.4byte	.LVL27
 797 025e D5050000 		.4byte	0x5d5
 798 0262 7B020000 		.4byte	0x27b
 799 0266 09       		.uleb128 0x9
 800 0267 01       		.uleb128 0x1
 801 0268 50       		.byte	0x50
 802 0269 03       		.uleb128 0x3
 803 026a 91       		.byte	0x91
 804 026b C87E     		.sleb128 -184
 805 026d 09       		.uleb128 0x9
 806 026e 01       		.uleb128 0x1
 807 026f 51       		.byte	0x51
 808 0270 03       		.uleb128 0x3
 809 0271 91       		.byte	0x91
 810 0272 887F     		.sleb128 -120
 811 0274 09       		.uleb128 0x9
 812 0275 01       		.uleb128 0x1
 813 0276 52       		.byte	0x52
 814 0277 02       		.uleb128 0x2
 815 0278 08       		.byte	0x8
 816 0279 40       		.byte	0x40
 817 027a 00       		.byte	0
 818 027b 08       		.uleb128 0x8
 819 027c 54000000 		.4byte	.LVL32
 820 0280 DE050000 		.4byte	0x5de
 821 0284 9B020000 		.4byte	0x29b
 822 0288 09       		.uleb128 0x9
 823 0289 01       		.uleb128 0x1
 824 028a 50       		.byte	0x50
 825 028b 02       		.uleb128 0x2
 826 028c 7D       		.byte	0x7d
 827 028d 00       		.sleb128 0
 828 028e 09       		.uleb128 0x9
 829 028f 01       		.uleb128 0x1
 830 0290 51       		.byte	0x51
 831 0291 02       		.uleb128 0x2
 832 0292 74       		.byte	0x74
 833 0293 00       		.sleb128 0
 834 0294 09       		.uleb128 0x9
 835 0295 01       		.uleb128 0x1
 836 0296 52       		.byte	0x52
 837 0297 02       		.uleb128 0x2
 838 0298 08       		.byte	0x8
 839 0299 20       		.byte	0x20
 840 029a 00       		.byte	0
 841 029b 08       		.uleb128 0x8
 842 029c 60000000 		.4byte	.LVL33
 843 02a0 DE050000 		.4byte	0x5de
 844 02a4 BB020000 		.4byte	0x2bb
 845 02a8 09       		.uleb128 0x9
 846 02a9 01       		.uleb128 0x1
 847 02aa 50       		.byte	0x50
 848 02ab 02       		.uleb128 0x2
 849 02ac 91       		.byte	0x91
 850 02ad 48       		.sleb128 -56
ARM GAS  C:\Users\Ray\AppData\Local\Temp\ccI6quwJ.s 			page 20


 851 02ae 09       		.uleb128 0x9
 852 02af 01       		.uleb128 0x1
 853 02b0 51       		.byte	0x51
 854 02b1 02       		.uleb128 0x2
 855 02b2 74       		.byte	0x74
 856 02b3 24       		.sleb128 36
 857 02b4 09       		.uleb128 0x9
 858 02b5 01       		.uleb128 0x1
 859 02b6 52       		.byte	0x52
 860 02b7 02       		.uleb128 0x2
 861 02b8 08       		.byte	0x8
 862 02b9 24       		.byte	0x24
 863 02ba 00       		.byte	0
 864 02bb 0E       		.uleb128 0xe
 865 02bc 68000000 		.4byte	.LVL34
 866 02c0 8A050000 		.4byte	0x58a
 867 02c4 09       		.uleb128 0x9
 868 02c5 01       		.uleb128 0x1
 869 02c6 50       		.byte	0x50
 870 02c7 05       		.uleb128 0x5
 871 02c8 03       		.byte	0x3
 872 02c9 1C000000 		.4byte	.LC7
 873 02cd 09       		.uleb128 0x9
 874 02ce 01       		.uleb128 0x1
 875 02cf 51       		.byte	0x51
 876 02d0 01       		.uleb128 0x1
 877 02d1 31       		.byte	0x31
 878 02d2 00       		.byte	0
 879 02d3 00       		.byte	0
 880 02d4 13       		.uleb128 0x13
 881 02d5 81000000 		.4byte	0x81
 882 02d9 E4020000 		.4byte	0x2e4
 883 02dd 14       		.uleb128 0x14
 884 02de A9000000 		.4byte	0xa9
 885 02e2 6C       		.byte	0x6c
 886 02e3 00       		.byte	0
 887 02e4 13       		.uleb128 0x13
 888 02e5 9B000000 		.4byte	0x9b
 889 02e9 F4020000 		.4byte	0x2f4
 890 02ed 14       		.uleb128 0x14
 891 02ee A9000000 		.4byte	0xa9
 892 02f2 3F       		.byte	0x3f
 893 02f3 00       		.byte	0
 894 02f4 13       		.uleb128 0x13
 895 02f5 76000000 		.4byte	0x76
 896 02f9 04030000 		.4byte	0x304
 897 02fd 14       		.uleb128 0x14
 898 02fe A9000000 		.4byte	0xa9
 899 0302 1F       		.byte	0x1f
 900 0303 00       		.byte	0
 901 0304 15       		.uleb128 0x15
 902 0305 D6000000 		.4byte	.LASF51
 903 0309 01       		.byte	0x1
 904 030a 8A       		.byte	0x8a
 905 030b 68000000 		.4byte	0x68
 906 030f 00000000 		.4byte	.LFB39
 907 0313 B4000000 		.4byte	.LFE39-.LFB39
ARM GAS  C:\Users\Ray\AppData\Local\Temp\ccI6quwJ.s 			page 21


 908 0317 01       		.uleb128 0x1
 909 0318 9C       		.byte	0x9c
 910 0319 C0040000 		.4byte	0x4c0
 911 031d 16       		.uleb128 0x16
 912 031e 6900     		.ascii	"i\000"
 913 0320 01       		.byte	0x1
 914 0321 93       		.byte	0x93
 915 0322 81000000 		.4byte	0x81
 916 0326 02       		.uleb128 0x2
 917 0327 91       		.byte	0x91
 918 0328 6F       		.sleb128 -17
 919 0329 10       		.uleb128 0x10
 920 032a 00000000 		.4byte	.LASF24
 921 032e 01       		.byte	0x1
 922 032f 94       		.byte	0x94
 923 0330 C0040000 		.4byte	0x4c0
 924 0334 03       		.uleb128 0x3
 925 0335 91       		.byte	0x91
 926 0336 EC7E     		.sleb128 -148
 927 0338 10       		.uleb128 0x10
 928 0339 47010000 		.4byte	.LASF27
 929 033d 01       		.byte	0x1
 930 033e 97       		.byte	0x97
 931 033f E5040000 		.4byte	0x4e5
 932 0343 05       		.uleb128 0x5
 933 0344 03       		.byte	0x3
 934 0345 48000000 		.4byte	PROVISIONED.6668
 935 0349 16       		.uleb128 0x16
 936 034a 70747200 		.ascii	"ptr\000"
 937 034e 01       		.byte	0x1
 938 034f 9A       		.byte	0x9a
 939 0350 EA040000 		.4byte	0x4ea
 940 0354 06       		.uleb128 0x6
 941 0355 03       		.byte	0x3
 942 0356 48000000 		.4byte	PROVISIONED.6668
 943 035a 9F       		.byte	0x9f
 944 035b 11       		.uleb128 0x11
 945 035c 60000000 		.4byte	.LBB3
 946 0360 54000000 		.4byte	.LBE3-.LBB3
 947 0364 0F040000 		.4byte	0x40f
 948 0368 10       		.uleb128 0x10
 949 0369 BE000000 		.4byte	.LASF28
 950 036d 01       		.byte	0x1
 951 036e BB       		.byte	0xbb
 952 036f F5040000 		.4byte	0x4f5
 953 0373 03       		.uleb128 0x3
 954 0374 91       		.byte	0x91
 955 0375 A07E     		.sleb128 -224
 956 0377 10       		.uleb128 0x10
 957 0378 08000000 		.4byte	.LASF29
 958 037c 01       		.byte	0x1
 959 037d C1       		.byte	0xc1
 960 037e F4020000 		.4byte	0x2f4
 961 0382 03       		.uleb128 0x3
 962 0383 91       		.byte	0x91
 963 0384 A47E     		.sleb128 -220
 964 0386 10       		.uleb128 0x10
ARM GAS  C:\Users\Ray\AppData\Local\Temp\ccI6quwJ.s 			page 22


 965 0387 5C000000 		.4byte	.LASF30
 966 038b 01       		.byte	0x1
 967 038c C2       		.byte	0xc2
 968 038d 05050000 		.4byte	0x505
 969 0391 03       		.uleb128 0x3
 970 0392 91       		.byte	0x91
 971 0393 C47E     		.sleb128 -188
 972 0395 08       		.uleb128 0x8
 973 0396 66000000 		.4byte	.LVL44
 974 039a CA050000 		.4byte	0x5ca
 975 039e A9030000 		.4byte	0x3a9
 976 03a2 09       		.uleb128 0x9
 977 03a3 01       		.uleb128 0x1
 978 03a4 50       		.byte	0x50
 979 03a5 02       		.uleb128 0x2
 980 03a6 74       		.byte	0x74
 981 03a7 00       		.sleb128 0
 982 03a8 00       		.byte	0
 983 03a9 08       		.uleb128 0x8
 984 03aa 72000000 		.4byte	.LVL45
 985 03ae 8A050000 		.4byte	0x58a
 986 03b2 C5030000 		.4byte	0x3c5
 987 03b6 09       		.uleb128 0x9
 988 03b7 01       		.uleb128 0x1
 989 03b8 50       		.byte	0x50
 990 03b9 05       		.uleb128 0x5
 991 03ba 03       		.byte	0x3
 992 03bb 20000000 		.4byte	.LC13
 993 03bf 09       		.uleb128 0x9
 994 03c0 01       		.uleb128 0x1
 995 03c1 51       		.byte	0x51
 996 03c2 01       		.uleb128 0x1
 997 03c3 32       		.byte	0x32
 998 03c4 00       		.byte	0
 999 03c5 08       		.uleb128 0x8
 1000 03c6 98000000 		.4byte	.LVL46
 1001 03ca E9050000 		.4byte	0x5e9
 1002 03ce F7030000 		.4byte	0x3f7
 1003 03d2 09       		.uleb128 0x9
 1004 03d3 01       		.uleb128 0x1
 1005 03d4 50       		.byte	0x50
 1006 03d5 03       		.uleb128 0x3
 1007 03d6 91       		.byte	0x91
 1008 03d7 A47E     		.sleb128 -220
 1009 03d9 09       		.uleb128 0x9
 1010 03da 01       		.uleb128 0x1
 1011 03db 51       		.byte	0x51
 1012 03dc 05       		.uleb128 0x5
 1013 03dd 03       		.byte	0x3
 1014 03de 00000000 		.4byte	.LANCHOR0
 1015 03e2 09       		.uleb128 0x9
 1016 03e3 01       		.uleb128 0x1
 1017 03e4 52       		.byte	0x52
 1018 03e5 02       		.uleb128 0x2
 1019 03e6 08       		.byte	0x8
 1020 03e7 20       		.byte	0x20
 1021 03e8 09       		.uleb128 0x9
ARM GAS  C:\Users\Ray\AppData\Local\Temp\ccI6quwJ.s 			page 23


 1022 03e9 01       		.uleb128 0x1
 1023 03ea 53       		.byte	0x53
 1024 03eb 03       		.uleb128 0x3
 1025 03ec 91       		.byte	0x91
 1026 03ed C47E     		.sleb128 -188
 1027 03ef 09       		.uleb128 0x9
 1028 03f0 02       		.uleb128 0x2
 1029 03f1 7D       		.byte	0x7d
 1030 03f2 00       		.sleb128 0
 1031 03f3 02       		.uleb128 0x2
 1032 03f4 08       		.byte	0x8
 1033 03f5 28       		.byte	0x28
 1034 03f6 00       		.byte	0
 1035 03f7 0E       		.uleb128 0xe
 1036 03f8 A0000000 		.4byte	.LVL47
 1037 03fc 8A050000 		.4byte	0x58a
 1038 0400 09       		.uleb128 0x9
 1039 0401 01       		.uleb128 0x1
 1040 0402 50       		.byte	0x50
 1041 0403 03       		.uleb128 0x3
 1042 0404 91       		.byte	0x91
 1043 0405 A47E     		.sleb128 -220
 1044 0407 09       		.uleb128 0x9
 1045 0408 01       		.uleb128 0x1
 1046 0409 51       		.byte	0x51
 1047 040a 02       		.uleb128 0x2
 1048 040b 08       		.byte	0x8
 1049 040c 20       		.byte	0x20
 1050 040d 00       		.byte	0
 1051 040e 00       		.byte	0
 1052 040f 08       		.uleb128 0x8
 1053 0410 0C000000 		.4byte	.LVL35
 1054 0414 F4050000 		.4byte	0x5f4
 1055 0418 26040000 		.4byte	0x426
 1056 041c 09       		.uleb128 0x9
 1057 041d 01       		.uleb128 0x1
 1058 041e 50       		.byte	0x50
 1059 041f 05       		.uleb128 0x5
 1060 0420 03       		.byte	0x3
 1061 0421 00000000 		.4byte	Reset_ISR
 1062 0425 00       		.byte	0
 1063 0426 0A       		.uleb128 0xa
 1064 0427 10000000 		.4byte	.LVL36
 1065 042b FF050000 		.4byte	0x5ff
 1066 042f 0A       		.uleb128 0xa
 1067 0430 14000000 		.4byte	.LVL37
 1068 0434 0A060000 		.4byte	0x60a
 1069 0438 0A       		.uleb128 0xa
 1070 0439 22000000 		.4byte	.LVL38
 1071 043d 8F010000 		.4byte	0x18f
 1072 0441 08       		.uleb128 0x8
 1073 0442 34000000 		.4byte	.LVL39
 1074 0446 DE050000 		.4byte	0x5de
 1075 044a 63040000 		.4byte	0x463
 1076 044e 09       		.uleb128 0x9
 1077 044f 01       		.uleb128 0x1
 1078 0450 50       		.byte	0x50
ARM GAS  C:\Users\Ray\AppData\Local\Temp\ccI6quwJ.s 			page 24


 1079 0451 02       		.uleb128 0x2
 1080 0452 91       		.byte	0x91
 1081 0453 6F       		.sleb128 -17
 1082 0454 09       		.uleb128 0x9
 1083 0455 01       		.uleb128 0x1
 1084 0456 51       		.byte	0x51
 1085 0457 05       		.uleb128 0x5
 1086 0458 03       		.byte	0x3
 1087 0459 48000000 		.4byte	.LANCHOR0+72
 1088 045d 09       		.uleb128 0x9
 1089 045e 01       		.uleb128 0x1
 1090 045f 52       		.byte	0x52
 1091 0460 01       		.uleb128 0x1
 1092 0461 31       		.byte	0x31
 1093 0462 00       		.byte	0
 1094 0463 08       		.uleb128 0x8
 1095 0464 3A000000 		.4byte	.LVL40
 1096 0468 BF050000 		.4byte	0x5bf
 1097 046c 76040000 		.4byte	0x476
 1098 0470 09       		.uleb128 0x9
 1099 0471 01       		.uleb128 0x1
 1100 0472 50       		.byte	0x50
 1101 0473 01       		.uleb128 0x1
 1102 0474 30       		.byte	0x30
 1103 0475 00       		.byte	0
 1104 0476 08       		.uleb128 0x8
 1105 0477 42000000 		.4byte	.LVL41
 1106 047b CA050000 		.4byte	0x5ca
 1107 047f 8A040000 		.4byte	0x48a
 1108 0483 09       		.uleb128 0x9
 1109 0484 01       		.uleb128 0x1
 1110 0485 50       		.byte	0x50
 1111 0486 02       		.uleb128 0x2
 1112 0487 74       		.byte	0x74
 1113 0488 00       		.sleb128 0
 1114 0489 00       		.byte	0
 1115 048a 08       		.uleb128 0x8
 1116 048b 4A000000 		.4byte	.LVL42
 1117 048f 8A050000 		.4byte	0x58a
 1118 0493 A6040000 		.4byte	0x4a6
 1119 0497 09       		.uleb128 0x9
 1120 0498 01       		.uleb128 0x1
 1121 0499 50       		.byte	0x50
 1122 049a 05       		.uleb128 0x5
 1123 049b 03       		.byte	0x3
 1124 049c 1C000000 		.4byte	.LC7
 1125 04a0 09       		.uleb128 0x9
 1126 04a1 01       		.uleb128 0x1
 1127 04a2 51       		.byte	0x51
 1128 04a3 01       		.uleb128 0x1
 1129 04a4 31       		.byte	0x31
 1130 04a5 00       		.byte	0
 1131 04a6 0E       		.uleb128 0xe
 1132 04a7 5A000000 		.4byte	.LVL43
 1133 04ab 8A050000 		.4byte	0x58a
 1134 04af 09       		.uleb128 0x9
 1135 04b0 01       		.uleb128 0x1
ARM GAS  C:\Users\Ray\AppData\Local\Temp\ccI6quwJ.s 			page 25


 1136 04b1 50       		.byte	0x50
 1137 04b2 05       		.uleb128 0x5
 1138 04b3 03       		.byte	0x3
 1139 04b4 24000000 		.4byte	.LANCHOR0+36
 1140 04b8 09       		.uleb128 0x9
 1141 04b9 01       		.uleb128 0x1
 1142 04ba 51       		.byte	0x51
 1143 04bb 02       		.uleb128 0x2
 1144 04bc 08       		.byte	0x8
 1145 04bd 24       		.byte	0x24
 1146 04be 00       		.byte	0
 1147 04bf 00       		.byte	0
 1148 04c0 13       		.uleb128 0x13
 1149 04c1 81000000 		.4byte	0x81
 1150 04c5 D0040000 		.4byte	0x4d0
 1151 04c9 14       		.uleb128 0x14
 1152 04ca A9000000 		.4byte	0xa9
 1153 04ce 7F       		.byte	0x7f
 1154 04cf 00       		.byte	0
 1155 04d0 13       		.uleb128 0x13
 1156 04d1 E0040000 		.4byte	0x4e0
 1157 04d5 E0040000 		.4byte	0x4e0
 1158 04d9 14       		.uleb128 0x14
 1159 04da A9000000 		.4byte	0xa9
 1160 04de 00       		.byte	0
 1161 04df 00       		.byte	0
 1162 04e0 17       		.uleb128 0x17
 1163 04e1 81000000 		.4byte	0x81
 1164 04e5 17       		.uleb128 0x17
 1165 04e6 D0040000 		.4byte	0x4d0
 1166 04ea 06       		.uleb128 0x6
 1167 04eb 04       		.byte	0x4
 1168 04ec F0040000 		.4byte	0x4f0
 1169 04f0 18       		.uleb128 0x18
 1170 04f1 E0040000 		.4byte	0x4e0
 1171 04f5 13       		.uleb128 0x13
 1172 04f6 76000000 		.4byte	0x76
 1173 04fa 05050000 		.4byte	0x505
 1174 04fe 14       		.uleb128 0x14
 1175 04ff A9000000 		.4byte	0xa9
 1176 0503 03       		.byte	0x3
 1177 0504 00       		.byte	0
 1178 0505 13       		.uleb128 0x13
 1179 0506 76000000 		.4byte	0x76
 1180 050a 15050000 		.4byte	0x515
 1181 050e 14       		.uleb128 0x14
 1182 050f A9000000 		.4byte	0xa9
 1183 0513 27       		.byte	0x27
 1184 0514 00       		.byte	0
 1185 0515 13       		.uleb128 0x13
 1186 0516 E0040000 		.4byte	0x4e0
 1187 051a 25050000 		.4byte	0x525
 1188 051e 14       		.uleb128 0x14
 1189 051f A9000000 		.4byte	0xa9
 1190 0523 07       		.byte	0x7
 1191 0524 00       		.byte	0
 1192 0525 19       		.uleb128 0x19
ARM GAS  C:\Users\Ray\AppData\Local\Temp\ccI6quwJ.s 			page 26


 1193 0526 50494E00 		.ascii	"PIN\000"
 1194 052a 01       		.byte	0x1
 1195 052b 31       		.byte	0x31
 1196 052c 39050000 		.4byte	0x539
 1197 0530 08       		.byte	0x8
 1198 0531 36       		.byte	0x36
 1199 0532 35       		.byte	0x35
 1200 0533 34       		.byte	0x34
 1201 0534 33       		.byte	0x33
 1202 0535 35       		.byte	0x35
 1203 0536 34       		.byte	0x34
 1204 0537 34       		.byte	0x34
 1205 0538 36       		.byte	0x36
 1206 0539 17       		.uleb128 0x17
 1207 053a 15050000 		.4byte	0x515
 1208 053e 13       		.uleb128 0x13
 1209 053f E0040000 		.4byte	0x4e0
 1210 0543 4E050000 		.4byte	0x54e
 1211 0547 14       		.uleb128 0x14
 1212 0548 A9000000 		.4byte	0xa9
 1213 054c 23       		.byte	0x23
 1214 054d 00       		.byte	0
 1215 054e 10       		.uleb128 0x10
 1216 054f 14000000 		.4byte	.LASF31
 1217 0553 01       		.byte	0x1
 1218 0554 32       		.byte	0x32
 1219 0555 5F050000 		.4byte	0x55f
 1220 0559 05       		.uleb128 0x5
 1221 055a 03       		.byte	0x3
 1222 055b 24000000 		.4byte	UUID
 1223 055f 17       		.uleb128 0x17
 1224 0560 3E050000 		.4byte	0x53e
 1225 0564 13       		.uleb128 0x13
 1226 0565 E0040000 		.4byte	0x4e0
 1227 0569 74050000 		.4byte	0x574
 1228 056d 14       		.uleb128 0x14
 1229 056e A9000000 		.4byte	0xa9
 1230 0572 20       		.byte	0x20
 1231 0573 00       		.byte	0
 1232 0574 10       		.uleb128 0x10
 1233 0575 DB000000 		.4byte	.LASF32
 1234 0579 01       		.byte	0x1
 1235 057a 33       		.byte	0x33
 1236 057b 85050000 		.4byte	0x585
 1237 057f 05       		.uleb128 0x5
 1238 0580 03       		.byte	0x3
 1239 0581 00000000 		.4byte	BANK_AES_KEY
 1240 0585 17       		.uleb128 0x17
 1241 0586 64050000 		.4byte	0x564
 1242 058a 1A       		.uleb128 0x1a
 1243 058b AB000000 		.4byte	.LASF33
 1244 058f AB000000 		.4byte	.LASF33
 1245 0593 05       		.byte	0x5
 1246 0594 1E       		.byte	0x1e
 1247 0595 1A       		.uleb128 0x1a
 1248 0596 98000000 		.4byte	.LASF34
 1249 059a 98000000 		.4byte	.LASF34
ARM GAS  C:\Users\Ray\AppData\Local\Temp\ccI6quwJ.s 			page 27


 1250 059e 06       		.byte	0x6
 1251 059f 39       		.byte	0x39
 1252 05a0 1A       		.uleb128 0x1a
 1253 05a1 6C000000 		.4byte	.LASF35
 1254 05a5 6C000000 		.4byte	.LASF35
 1255 05a9 07       		.byte	0x7
 1256 05aa E4       		.byte	0xe4
 1257 05ab 1A       		.uleb128 0x1a
 1258 05ac 53010000 		.4byte	.LASF36
 1259 05b0 53010000 		.4byte	.LASF36
 1260 05b4 08       		.byte	0x8
 1261 05b5 E7       		.byte	0xe7
 1262 05b6 1B       		.uleb128 0x1b
 1263 05b7 B7000000 		.4byte	.LASF39
 1264 05bb B7000000 		.4byte	.LASF39
 1265 05bf 1A       		.uleb128 0x1a
 1266 05c0 19000000 		.4byte	.LASF37
 1267 05c4 19000000 		.4byte	.LASF37
 1268 05c8 05       		.byte	0x5
 1269 05c9 2B       		.byte	0x2b
 1270 05ca 1A       		.uleb128 0x1a
 1271 05cb E5020000 		.4byte	.LASF38
 1272 05cf E5020000 		.4byte	.LASF38
 1273 05d3 05       		.byte	0x5
 1274 05d4 25       		.byte	0x25
 1275 05d5 1B       		.uleb128 0x1b
 1276 05d6 89020000 		.4byte	.LASF40
 1277 05da 89020000 		.4byte	.LASF40
 1278 05de 1A       		.uleb128 0x1a
 1279 05df 73020000 		.4byte	.LASF41
 1280 05e3 73020000 		.4byte	.LASF41
 1281 05e7 09       		.byte	0x9
 1282 05e8 2F       		.byte	0x2f
 1283 05e9 1A       		.uleb128 0x1a
 1284 05ea 57000000 		.4byte	.LASF42
 1285 05ee 57000000 		.4byte	.LASF42
 1286 05f2 0A       		.byte	0xa
 1287 05f3 17       		.byte	0x17
 1288 05f4 1A       		.uleb128 0x1a
 1289 05f5 90020000 		.4byte	.LASF43
 1290 05f9 90020000 		.4byte	.LASF43
 1291 05fd 0B       		.byte	0xb
 1292 05fe 18       		.byte	0x18
 1293 05ff 1A       		.uleb128 0x1a
 1294 0600 0B010000 		.4byte	.LASF44
 1295 0604 0B010000 		.4byte	.LASF44
 1296 0608 09       		.byte	0x9
 1297 0609 29       		.byte	0x29
 1298 060a 1A       		.uleb128 0x1a
 1299 060b A2020000 		.4byte	.LASF45
 1300 060f A2020000 		.4byte	.LASF45
 1301 0613 0C       		.byte	0xc
 1302 0614 6E       		.byte	0x6e
 1303 0615 00       		.byte	0
 1304              		.section	.debug_abbrev,"",%progbits
 1305              	.Ldebug_abbrev0:
 1306 0000 01       		.uleb128 0x1
ARM GAS  C:\Users\Ray\AppData\Local\Temp\ccI6quwJ.s 			page 28


 1307 0001 11       		.uleb128 0x11
 1308 0002 01       		.byte	0x1
 1309 0003 25       		.uleb128 0x25
 1310 0004 0E       		.uleb128 0xe
 1311 0005 13       		.uleb128 0x13
 1312 0006 0B       		.uleb128 0xb
 1313 0007 03       		.uleb128 0x3
 1314 0008 0E       		.uleb128 0xe
 1315 0009 1B       		.uleb128 0x1b
 1316 000a 0E       		.uleb128 0xe
 1317 000b 55       		.uleb128 0x55
 1318 000c 17       		.uleb128 0x17
 1319 000d 11       		.uleb128 0x11
 1320 000e 01       		.uleb128 0x1
 1321 000f 10       		.uleb128 0x10
 1322 0010 17       		.uleb128 0x17
 1323 0011 00       		.byte	0
 1324 0012 00       		.byte	0
 1325 0013 02       		.uleb128 0x2
 1326 0014 24       		.uleb128 0x24
 1327 0015 00       		.byte	0
 1328 0016 0B       		.uleb128 0xb
 1329 0017 0B       		.uleb128 0xb
 1330 0018 3E       		.uleb128 0x3e
 1331 0019 0B       		.uleb128 0xb
 1332 001a 03       		.uleb128 0x3
 1333 001b 0E       		.uleb128 0xe
 1334 001c 00       		.byte	0
 1335 001d 00       		.byte	0
 1336 001e 03       		.uleb128 0x3
 1337 001f 16       		.uleb128 0x16
 1338 0020 00       		.byte	0
 1339 0021 03       		.uleb128 0x3
 1340 0022 0E       		.uleb128 0xe
 1341 0023 3A       		.uleb128 0x3a
 1342 0024 0B       		.uleb128 0xb
 1343 0025 3B       		.uleb128 0x3b
 1344 0026 0B       		.uleb128 0xb
 1345 0027 49       		.uleb128 0x49
 1346 0028 13       		.uleb128 0x13
 1347 0029 00       		.byte	0
 1348 002a 00       		.byte	0
 1349 002b 04       		.uleb128 0x4
 1350 002c 24       		.uleb128 0x24
 1351 002d 00       		.byte	0
 1352 002e 0B       		.uleb128 0xb
 1353 002f 0B       		.uleb128 0xb
 1354 0030 3E       		.uleb128 0x3e
 1355 0031 0B       		.uleb128 0xb
 1356 0032 03       		.uleb128 0x3
 1357 0033 08       		.uleb128 0x8
 1358 0034 00       		.byte	0
 1359 0035 00       		.byte	0
 1360 0036 05       		.uleb128 0x5
 1361 0037 16       		.uleb128 0x16
 1362 0038 00       		.byte	0
 1363 0039 03       		.uleb128 0x3
ARM GAS  C:\Users\Ray\AppData\Local\Temp\ccI6quwJ.s 			page 29


 1364 003a 0E       		.uleb128 0xe
 1365 003b 3A       		.uleb128 0x3a
 1366 003c 0B       		.uleb128 0xb
 1367 003d 3B       		.uleb128 0x3b
 1368 003e 05       		.uleb128 0x5
 1369 003f 49       		.uleb128 0x49
 1370 0040 13       		.uleb128 0x13
 1371 0041 00       		.byte	0
 1372 0042 00       		.byte	0
 1373 0043 06       		.uleb128 0x6
 1374 0044 0F       		.uleb128 0xf
 1375 0045 00       		.byte	0
 1376 0046 0B       		.uleb128 0xb
 1377 0047 0B       		.uleb128 0xb
 1378 0048 49       		.uleb128 0x49
 1379 0049 13       		.uleb128 0x13
 1380 004a 00       		.byte	0
 1381 004b 00       		.byte	0
 1382 004c 07       		.uleb128 0x7
 1383 004d 2E       		.uleb128 0x2e
 1384 004e 01       		.byte	0x1
 1385 004f 3F       		.uleb128 0x3f
 1386 0050 19       		.uleb128 0x19
 1387 0051 03       		.uleb128 0x3
 1388 0052 0E       		.uleb128 0xe
 1389 0053 3A       		.uleb128 0x3a
 1390 0054 0B       		.uleb128 0xb
 1391 0055 3B       		.uleb128 0x3b
 1392 0056 0B       		.uleb128 0xb
 1393 0057 27       		.uleb128 0x27
 1394 0058 19       		.uleb128 0x19
 1395 0059 11       		.uleb128 0x11
 1396 005a 01       		.uleb128 0x1
 1397 005b 12       		.uleb128 0x12
 1398 005c 06       		.uleb128 0x6
 1399 005d 40       		.uleb128 0x40
 1400 005e 18       		.uleb128 0x18
 1401 005f 9742     		.uleb128 0x2117
 1402 0061 19       		.uleb128 0x19
 1403 0062 01       		.uleb128 0x1
 1404 0063 13       		.uleb128 0x13
 1405 0064 00       		.byte	0
 1406 0065 00       		.byte	0
 1407 0066 08       		.uleb128 0x8
 1408 0067 898201   		.uleb128 0x4109
 1409 006a 01       		.byte	0x1
 1410 006b 11       		.uleb128 0x11
 1411 006c 01       		.uleb128 0x1
 1412 006d 31       		.uleb128 0x31
 1413 006e 13       		.uleb128 0x13
 1414 006f 01       		.uleb128 0x1
 1415 0070 13       		.uleb128 0x13
 1416 0071 00       		.byte	0
 1417 0072 00       		.byte	0
 1418 0073 09       		.uleb128 0x9
 1419 0074 8A8201   		.uleb128 0x410a
 1420 0077 00       		.byte	0
ARM GAS  C:\Users\Ray\AppData\Local\Temp\ccI6quwJ.s 			page 30


 1421 0078 02       		.uleb128 0x2
 1422 0079 18       		.uleb128 0x18
 1423 007a 9142     		.uleb128 0x2111
 1424 007c 18       		.uleb128 0x18
 1425 007d 00       		.byte	0
 1426 007e 00       		.byte	0
 1427 007f 0A       		.uleb128 0xa
 1428 0080 898201   		.uleb128 0x4109
 1429 0083 00       		.byte	0
 1430 0084 11       		.uleb128 0x11
 1431 0085 01       		.uleb128 0x1
 1432 0086 31       		.uleb128 0x31
 1433 0087 13       		.uleb128 0x13
 1434 0088 00       		.byte	0
 1435 0089 00       		.byte	0
 1436 008a 0B       		.uleb128 0xb
 1437 008b 2E       		.uleb128 0x2e
 1438 008c 01       		.byte	0x1
 1439 008d 3F       		.uleb128 0x3f
 1440 008e 19       		.uleb128 0x19
 1441 008f 03       		.uleb128 0x3
 1442 0090 0E       		.uleb128 0xe
 1443 0091 3A       		.uleb128 0x3a
 1444 0092 0B       		.uleb128 0xb
 1445 0093 3B       		.uleb128 0x3b
 1446 0094 0B       		.uleb128 0xb
 1447 0095 27       		.uleb128 0x27
 1448 0096 19       		.uleb128 0x19
 1449 0097 49       		.uleb128 0x49
 1450 0098 13       		.uleb128 0x13
 1451 0099 11       		.uleb128 0x11
 1452 009a 01       		.uleb128 0x1
 1453 009b 12       		.uleb128 0x12
 1454 009c 06       		.uleb128 0x6
 1455 009d 40       		.uleb128 0x40
 1456 009e 18       		.uleb128 0x18
 1457 009f 9742     		.uleb128 0x2117
 1458 00a1 19       		.uleb128 0x19
 1459 00a2 01       		.uleb128 0x1
 1460 00a3 13       		.uleb128 0x13
 1461 00a4 00       		.byte	0
 1462 00a5 00       		.byte	0
 1463 00a6 0C       		.uleb128 0xc
 1464 00a7 05       		.uleb128 0x5
 1465 00a8 00       		.byte	0
 1466 00a9 03       		.uleb128 0x3
 1467 00aa 0E       		.uleb128 0xe
 1468 00ab 3A       		.uleb128 0x3a
 1469 00ac 0B       		.uleb128 0xb
 1470 00ad 3B       		.uleb128 0x3b
 1471 00ae 0B       		.uleb128 0xb
 1472 00af 49       		.uleb128 0x49
 1473 00b0 13       		.uleb128 0x13
 1474 00b1 02       		.uleb128 0x2
 1475 00b2 17       		.uleb128 0x17
 1476 00b3 00       		.byte	0
 1477 00b4 00       		.byte	0
ARM GAS  C:\Users\Ray\AppData\Local\Temp\ccI6quwJ.s 			page 31


 1478 00b5 0D       		.uleb128 0xd
 1479 00b6 34       		.uleb128 0x34
 1480 00b7 00       		.byte	0
 1481 00b8 03       		.uleb128 0x3
 1482 00b9 0E       		.uleb128 0xe
 1483 00ba 3A       		.uleb128 0x3a
 1484 00bb 0B       		.uleb128 0xb
 1485 00bc 3B       		.uleb128 0x3b
 1486 00bd 0B       		.uleb128 0xb
 1487 00be 49       		.uleb128 0x49
 1488 00bf 13       		.uleb128 0x13
 1489 00c0 02       		.uleb128 0x2
 1490 00c1 17       		.uleb128 0x17
 1491 00c2 00       		.byte	0
 1492 00c3 00       		.byte	0
 1493 00c4 0E       		.uleb128 0xe
 1494 00c5 898201   		.uleb128 0x4109
 1495 00c8 01       		.byte	0x1
 1496 00c9 11       		.uleb128 0x11
 1497 00ca 01       		.uleb128 0x1
 1498 00cb 31       		.uleb128 0x31
 1499 00cc 13       		.uleb128 0x13
 1500 00cd 00       		.byte	0
 1501 00ce 00       		.byte	0
 1502 00cf 0F       		.uleb128 0xf
 1503 00d0 2E       		.uleb128 0x2e
 1504 00d1 01       		.byte	0x1
 1505 00d2 3F       		.uleb128 0x3f
 1506 00d3 19       		.uleb128 0x19
 1507 00d4 03       		.uleb128 0x3
 1508 00d5 0E       		.uleb128 0xe
 1509 00d6 3A       		.uleb128 0x3a
 1510 00d7 0B       		.uleb128 0xb
 1511 00d8 3B       		.uleb128 0x3b
 1512 00d9 0B       		.uleb128 0xb
 1513 00da 11       		.uleb128 0x11
 1514 00db 01       		.uleb128 0x1
 1515 00dc 12       		.uleb128 0x12
 1516 00dd 06       		.uleb128 0x6
 1517 00de 40       		.uleb128 0x40
 1518 00df 18       		.uleb128 0x18
 1519 00e0 9742     		.uleb128 0x2117
 1520 00e2 19       		.uleb128 0x19
 1521 00e3 01       		.uleb128 0x1
 1522 00e4 13       		.uleb128 0x13
 1523 00e5 00       		.byte	0
 1524 00e6 00       		.byte	0
 1525 00e7 10       		.uleb128 0x10
 1526 00e8 34       		.uleb128 0x34
 1527 00e9 00       		.byte	0
 1528 00ea 03       		.uleb128 0x3
 1529 00eb 0E       		.uleb128 0xe
 1530 00ec 3A       		.uleb128 0x3a
 1531 00ed 0B       		.uleb128 0xb
 1532 00ee 3B       		.uleb128 0x3b
 1533 00ef 0B       		.uleb128 0xb
 1534 00f0 49       		.uleb128 0x49
ARM GAS  C:\Users\Ray\AppData\Local\Temp\ccI6quwJ.s 			page 32


 1535 00f1 13       		.uleb128 0x13
 1536 00f2 02       		.uleb128 0x2
 1537 00f3 18       		.uleb128 0x18
 1538 00f4 00       		.byte	0
 1539 00f5 00       		.byte	0
 1540 00f6 11       		.uleb128 0x11
 1541 00f7 0B       		.uleb128 0xb
 1542 00f8 01       		.byte	0x1
 1543 00f9 11       		.uleb128 0x11
 1544 00fa 01       		.uleb128 0x1
 1545 00fb 12       		.uleb128 0x12
 1546 00fc 06       		.uleb128 0x6
 1547 00fd 01       		.uleb128 0x1
 1548 00fe 13       		.uleb128 0x13
 1549 00ff 00       		.byte	0
 1550 0100 00       		.byte	0
 1551 0101 12       		.uleb128 0x12
 1552 0102 34       		.uleb128 0x34
 1553 0103 00       		.byte	0
 1554 0104 03       		.uleb128 0x3
 1555 0105 08       		.uleb128 0x8
 1556 0106 3A       		.uleb128 0x3a
 1557 0107 0B       		.uleb128 0xb
 1558 0108 3B       		.uleb128 0x3b
 1559 0109 0B       		.uleb128 0xb
 1560 010a 49       		.uleb128 0x49
 1561 010b 13       		.uleb128 0x13
 1562 010c 02       		.uleb128 0x2
 1563 010d 17       		.uleb128 0x17
 1564 010e 00       		.byte	0
 1565 010f 00       		.byte	0
 1566 0110 13       		.uleb128 0x13
 1567 0111 01       		.uleb128 0x1
 1568 0112 01       		.byte	0x1
 1569 0113 49       		.uleb128 0x49
 1570 0114 13       		.uleb128 0x13
 1571 0115 01       		.uleb128 0x1
 1572 0116 13       		.uleb128 0x13
 1573 0117 00       		.byte	0
 1574 0118 00       		.byte	0
 1575 0119 14       		.uleb128 0x14
 1576 011a 21       		.uleb128 0x21
 1577 011b 00       		.byte	0
 1578 011c 49       		.uleb128 0x49
 1579 011d 13       		.uleb128 0x13
 1580 011e 2F       		.uleb128 0x2f
 1581 011f 0B       		.uleb128 0xb
 1582 0120 00       		.byte	0
 1583 0121 00       		.byte	0
 1584 0122 15       		.uleb128 0x15
 1585 0123 2E       		.uleb128 0x2e
 1586 0124 01       		.byte	0x1
 1587 0125 3F       		.uleb128 0x3f
 1588 0126 19       		.uleb128 0x19
 1589 0127 03       		.uleb128 0x3
 1590 0128 0E       		.uleb128 0xe
 1591 0129 3A       		.uleb128 0x3a
ARM GAS  C:\Users\Ray\AppData\Local\Temp\ccI6quwJ.s 			page 33


 1592 012a 0B       		.uleb128 0xb
 1593 012b 3B       		.uleb128 0x3b
 1594 012c 0B       		.uleb128 0xb
 1595 012d 27       		.uleb128 0x27
 1596 012e 19       		.uleb128 0x19
 1597 012f 49       		.uleb128 0x49
 1598 0130 13       		.uleb128 0x13
 1599 0131 8701     		.uleb128 0x87
 1600 0133 19       		.uleb128 0x19
 1601 0134 11       		.uleb128 0x11
 1602 0135 01       		.uleb128 0x1
 1603 0136 12       		.uleb128 0x12
 1604 0137 06       		.uleb128 0x6
 1605 0138 40       		.uleb128 0x40
 1606 0139 18       		.uleb128 0x18
 1607 013a 9742     		.uleb128 0x2117
 1608 013c 19       		.uleb128 0x19
 1609 013d 01       		.uleb128 0x1
 1610 013e 13       		.uleb128 0x13
 1611 013f 00       		.byte	0
 1612 0140 00       		.byte	0
 1613 0141 16       		.uleb128 0x16
 1614 0142 34       		.uleb128 0x34
 1615 0143 00       		.byte	0
 1616 0144 03       		.uleb128 0x3
 1617 0145 08       		.uleb128 0x8
 1618 0146 3A       		.uleb128 0x3a
 1619 0147 0B       		.uleb128 0xb
 1620 0148 3B       		.uleb128 0x3b
 1621 0149 0B       		.uleb128 0xb
 1622 014a 49       		.uleb128 0x49
 1623 014b 13       		.uleb128 0x13
 1624 014c 02       		.uleb128 0x2
 1625 014d 18       		.uleb128 0x18
 1626 014e 00       		.byte	0
 1627 014f 00       		.byte	0
 1628 0150 17       		.uleb128 0x17
 1629 0151 26       		.uleb128 0x26
 1630 0152 00       		.byte	0
 1631 0153 49       		.uleb128 0x49
 1632 0154 13       		.uleb128 0x13
 1633 0155 00       		.byte	0
 1634 0156 00       		.byte	0
 1635 0157 18       		.uleb128 0x18
 1636 0158 35       		.uleb128 0x35
 1637 0159 00       		.byte	0
 1638 015a 49       		.uleb128 0x49
 1639 015b 13       		.uleb128 0x13
 1640 015c 00       		.byte	0
 1641 015d 00       		.byte	0
 1642 015e 19       		.uleb128 0x19
 1643 015f 34       		.uleb128 0x34
 1644 0160 00       		.byte	0
 1645 0161 03       		.uleb128 0x3
 1646 0162 08       		.uleb128 0x8
 1647 0163 3A       		.uleb128 0x3a
 1648 0164 0B       		.uleb128 0xb
ARM GAS  C:\Users\Ray\AppData\Local\Temp\ccI6quwJ.s 			page 34


 1649 0165 3B       		.uleb128 0x3b
 1650 0166 0B       		.uleb128 0xb
 1651 0167 49       		.uleb128 0x49
 1652 0168 13       		.uleb128 0x13
 1653 0169 1C       		.uleb128 0x1c
 1654 016a 0A       		.uleb128 0xa
 1655 016b 00       		.byte	0
 1656 016c 00       		.byte	0
 1657 016d 1A       		.uleb128 0x1a
 1658 016e 2E       		.uleb128 0x2e
 1659 016f 00       		.byte	0
 1660 0170 3F       		.uleb128 0x3f
 1661 0171 19       		.uleb128 0x19
 1662 0172 3C       		.uleb128 0x3c
 1663 0173 19       		.uleb128 0x19
 1664 0174 6E       		.uleb128 0x6e
 1665 0175 0E       		.uleb128 0xe
 1666 0176 03       		.uleb128 0x3
 1667 0177 0E       		.uleb128 0xe
 1668 0178 3A       		.uleb128 0x3a
 1669 0179 0B       		.uleb128 0xb
 1670 017a 3B       		.uleb128 0x3b
 1671 017b 0B       		.uleb128 0xb
 1672 017c 00       		.byte	0
 1673 017d 00       		.byte	0
 1674 017e 1B       		.uleb128 0x1b
 1675 017f 2E       		.uleb128 0x2e
 1676 0180 00       		.byte	0
 1677 0181 3F       		.uleb128 0x3f
 1678 0182 19       		.uleb128 0x19
 1679 0183 3C       		.uleb128 0x3c
 1680 0184 19       		.uleb128 0x19
 1681 0185 6E       		.uleb128 0x6e
 1682 0186 0E       		.uleb128 0xe
 1683 0187 03       		.uleb128 0x3
 1684 0188 0E       		.uleb128 0xe
 1685 0189 00       		.byte	0
 1686 018a 00       		.byte	0
 1687 018b 00       		.byte	0
 1688              		.section	.debug_loc,"",%progbits
 1689              	.Ldebug_loc0:
 1690              	.LLST0:
 1691 0000 00000000 		.4byte	.LVL3
 1692 0004 04000000 		.4byte	.LVL5
 1693 0008 0100     		.2byte	0x1
 1694 000a 50       		.byte	0x50
 1695 000b 04000000 		.4byte	.LVL5
 1696 000f 6A000000 		.4byte	.LFE35
 1697 0013 0400     		.2byte	0x4
 1698 0015 F3       		.byte	0xf3
 1699 0016 01       		.uleb128 0x1
 1700 0017 50       		.byte	0x50
 1701 0018 9F       		.byte	0x9f
 1702 0019 00000000 		.4byte	0
 1703 001d 00000000 		.4byte	0
 1704              	.LLST1:
 1705 0021 00000000 		.4byte	.LVL3
ARM GAS  C:\Users\Ray\AppData\Local\Temp\ccI6quwJ.s 			page 35


 1706 0025 18000000 		.4byte	.LVL6
 1707 0029 0100     		.2byte	0x1
 1708 002b 51       		.byte	0x51
 1709 002c 18000000 		.4byte	.LVL6
 1710 0030 1C000000 		.4byte	.LVL8
 1711 0034 0400     		.2byte	0x4
 1712 0036 F3       		.byte	0xf3
 1713 0037 01       		.uleb128 0x1
 1714 0038 51       		.byte	0x51
 1715 0039 9F       		.byte	0x9f
 1716 003a 1C000000 		.4byte	.LVL8
 1717 003e 28000000 		.4byte	.LVL9
 1718 0042 0100     		.2byte	0x1
 1719 0044 51       		.byte	0x51
 1720 0045 28000000 		.4byte	.LVL9
 1721 0049 2C000000 		.4byte	.LVL11
 1722 004d 0400     		.2byte	0x4
 1723 004f F3       		.byte	0xf3
 1724 0050 01       		.uleb128 0x1
 1725 0051 51       		.byte	0x51
 1726 0052 9F       		.byte	0x9f
 1727 0053 2C000000 		.4byte	.LVL11
 1728 0057 2E000000 		.4byte	.LVL12
 1729 005b 0100     		.2byte	0x1
 1730 005d 51       		.byte	0x51
 1731 005e 2E000000 		.4byte	.LVL12
 1732 0062 6A000000 		.4byte	.LFE35
 1733 0066 0400     		.2byte	0x4
 1734 0068 F3       		.byte	0xf3
 1735 0069 01       		.uleb128 0x1
 1736 006a 51       		.byte	0x51
 1737 006b 9F       		.byte	0x9f
 1738 006c 00000000 		.4byte	0
 1739 0070 00000000 		.4byte	0
 1740              	.LLST2:
 1741 0074 02000000 		.4byte	.LVL4
 1742 0078 1A000000 		.4byte	.LVL7
 1743 007c 0200     		.2byte	0x2
 1744 007e 30       		.byte	0x30
 1745 007f 9F       		.byte	0x9f
 1746 0080 1A000000 		.4byte	.LVL7
 1747 0084 1C000000 		.4byte	.LVL8
 1748 0088 0100     		.2byte	0x1
 1749 008a 50       		.byte	0x50
 1750 008b 1C000000 		.4byte	.LVL8
 1751 008f 2A000000 		.4byte	.LVL10
 1752 0093 0200     		.2byte	0x2
 1753 0095 30       		.byte	0x30
 1754 0096 9F       		.byte	0x9f
 1755 0097 2A000000 		.4byte	.LVL10
 1756 009b 2C000000 		.4byte	.LVL11
 1757 009f 0100     		.2byte	0x1
 1758 00a1 50       		.byte	0x50
 1759 00a2 2C000000 		.4byte	.LVL11
 1760 00a6 2E000000 		.4byte	.LVL12
 1761 00aa 0200     		.2byte	0x2
 1762 00ac 30       		.byte	0x30
ARM GAS  C:\Users\Ray\AppData\Local\Temp\ccI6quwJ.s 			page 36


 1763 00ad 9F       		.byte	0x9f
 1764 00ae 2E000000 		.4byte	.LVL12
 1765 00b2 3E000000 		.4byte	.LVL13
 1766 00b6 0100     		.2byte	0x1
 1767 00b8 50       		.byte	0x50
 1768 00b9 40000000 		.4byte	.LVL14
 1769 00bd 52000000 		.4byte	.LVL15
 1770 00c1 0100     		.2byte	0x1
 1771 00c3 50       		.byte	0x50
 1772 00c4 54000000 		.4byte	.LVL16
 1773 00c8 66000000 		.4byte	.LVL17
 1774 00cc 0100     		.2byte	0x1
 1775 00ce 50       		.byte	0x50
 1776 00cf 68000000 		.4byte	.LVL18
 1777 00d3 6A000000 		.4byte	.LFE35
 1778 00d7 0100     		.2byte	0x1
 1779 00d9 50       		.byte	0x50
 1780 00da 00000000 		.4byte	0
 1781 00de 00000000 		.4byte	0
 1782              	.LLST3:
 1783 00e2 00000000 		.4byte	.LVL19
 1784 00e6 06000000 		.4byte	.LVL20
 1785 00ea 0100     		.2byte	0x1
 1786 00ec 50       		.byte	0x50
 1787 00ed 06000000 		.4byte	.LVL20
 1788 00f1 14000000 		.4byte	.LFE36
 1789 00f5 0400     		.2byte	0x4
 1790 00f7 F3       		.byte	0xf3
 1791 00f8 01       		.uleb128 0x1
 1792 00f9 50       		.byte	0x50
 1793 00fa 9F       		.byte	0x9f
 1794 00fb 00000000 		.4byte	0
 1795 00ff 00000000 		.4byte	0
 1796              	.LLST4:
 1797 0103 00000000 		.4byte	.LVL19
 1798 0107 08000000 		.4byte	.LVL21
 1799 010b 0100     		.2byte	0x1
 1800 010d 51       		.byte	0x51
 1801 010e 08000000 		.4byte	.LVL21
 1802 0112 0B000000 		.4byte	.LVL22-1
 1803 0116 0100     		.2byte	0x1
 1804 0118 50       		.byte	0x50
 1805 0119 0B000000 		.4byte	.LVL22-1
 1806 011d 14000000 		.4byte	.LFE36
 1807 0121 0400     		.2byte	0x4
 1808 0123 F3       		.byte	0xf3
 1809 0124 01       		.uleb128 0x1
 1810 0125 51       		.byte	0x51
 1811 0126 9F       		.byte	0x9f
 1812 0127 00000000 		.4byte	0
 1813 012b 00000000 		.4byte	0
 1814              	.LLST5:
 1815 012f 2C000000 		.4byte	.LVL27
 1816 0133 30000000 		.4byte	.LVL28
 1817 0137 0200     		.2byte	0x2
 1818 0139 30       		.byte	0x30
 1819 013a 9F       		.byte	0x9f
ARM GAS  C:\Users\Ray\AppData\Local\Temp\ccI6quwJ.s 			page 37


 1820 013b 30000000 		.4byte	.LVL28
 1821 013f 4A000000 		.4byte	.LVL31
 1822 0143 0100     		.2byte	0x1
 1823 0145 54       		.byte	0x54
 1824 0146 00000000 		.4byte	0
 1825 014a 00000000 		.4byte	0
 1826              		.section	.debug_aranges,"",%progbits
 1827 0000 3C000000 		.4byte	0x3c
 1828 0004 0200     		.2byte	0x2
 1829 0006 00000000 		.4byte	.Ldebug_info0
 1830 000a 04       		.byte	0x4
 1831 000b 00       		.byte	0
 1832 000c 0000     		.2byte	0
 1833 000e 0000     		.2byte	0
 1834 0010 00000000 		.4byte	.LFB37
 1835 0014 18000000 		.4byte	.LFE37-.LFB37
 1836 0018 00000000 		.4byte	.LFB35
 1837 001c 6A000000 		.4byte	.LFE35-.LFB35
 1838 0020 00000000 		.4byte	.LFB36
 1839 0024 14000000 		.4byte	.LFE36-.LFB36
 1840 0028 00000000 		.4byte	.LFB38
 1841 002c 78000000 		.4byte	.LFE38-.LFB38
 1842 0030 00000000 		.4byte	.LFB39
 1843 0034 B4000000 		.4byte	.LFE39-.LFB39
 1844 0038 00000000 		.4byte	0
 1845 003c 00000000 		.4byte	0
 1846              		.section	.debug_ranges,"",%progbits
 1847              	.Ldebug_ranges0:
 1848 0000 00000000 		.4byte	.LFB37
 1849 0004 18000000 		.4byte	.LFE37
 1850 0008 00000000 		.4byte	.LFB35
 1851 000c 6A000000 		.4byte	.LFE35
 1852 0010 00000000 		.4byte	.LFB36
 1853 0014 14000000 		.4byte	.LFE36
 1854 0018 00000000 		.4byte	.LFB38
 1855 001c 78000000 		.4byte	.LFE38
 1856 0020 00000000 		.4byte	.LFB39
 1857 0024 B4000000 		.4byte	.LFE39
 1858 0028 00000000 		.4byte	0
 1859 002c 00000000 		.4byte	0
 1860              		.section	.debug_line,"",%progbits
 1861              	.Ldebug_line0:
 1862 0000 E4020000 		.section	.debug_str,"MS",%progbits,1
 1862      02004402 
 1862      00000201 
 1862      FB0E0D00 
 1862      01010101 
 1863              	.LASF24:
 1864 0000 6D657373 		.ascii	"message\000"
 1864      61676500 
 1865              	.LASF29:
 1866 0008 686D6163 		.ascii	"hmac_output\000"
 1866      5F6F7574 
 1866      70757400 
 1867              	.LASF31:
 1868 0014 55554944 		.ascii	"UUID\000"
 1868      00
ARM GAS  C:\Users\Ray\AppData\Local\Temp\ccI6quwJ.s 			page 38


 1869              	.LASF37:
 1870 0019 73796E63 		.ascii	"syncConnection\000"
 1870      436F6E6E 
 1870      65637469 
 1870      6F6E00
 1871              	.LASF9:
 1872 0028 5F5F7569 		.ascii	"__uint8_t\000"
 1872      6E74385F 
 1872      7400
 1873              	.LASF23:
 1874 0032 76616C75 		.ascii	"value\000"
 1874      6500
 1875              	.LASF3:
 1876 0038 73686F72 		.ascii	"short unsigned int\000"
 1876      7420756E 
 1876      7369676E 
 1876      65642069 
 1876      6E7400
 1877              	.LASF13:
 1878 004b 646F7562 		.ascii	"double\000"
 1878      6C6500
 1879              	.LASF21:
 1880 0052 62797465 		.ascii	"byte\000"
 1880      00
 1881              	.LASF42:
 1882 0057 484D4143 		.ascii	"HMAC\000"
 1882      00
 1883              	.LASF30:
 1884 005c 686D6163 		.ascii	"hmac_data\000"
 1884      5F646174 
 1884      6100
 1885              	.LASF12:
 1886 0066 666C6F61 		.ascii	"float\000"
 1886      7400
 1887              	.LASF35:
 1888 006c 4379536F 		.ascii	"CySoftwareReset\000"
 1888      66747761 
 1888      72655265 
 1888      73657400 
 1889              	.LASF22:
 1890 007c 64657374 		.ascii	"dest\000"
 1890      00
 1891              	.LASF1:
 1892 0081 756E7369 		.ascii	"unsigned char\000"
 1892      676E6564 
 1892      20636861 
 1892      7200
 1893              	.LASF49:
 1894 008f 68657832 		.ascii	"hex2byte\000"
 1894      62797465 
 1894      00
 1895              	.LASF34:
 1896 0098 5357315F 		.ascii	"SW1_ClearInterrupt\000"
 1896      436C6561 
 1896      72496E74 
 1896      65727275 
 1896      707400
ARM GAS  C:\Users\Ray\AppData\Local\Temp\ccI6quwJ.s 			page 39


 1897              	.LASF33:
 1898 00ab 70757368 		.ascii	"pushMessage\000"
 1898      4D657373 
 1898      61676500 
 1899              	.LASF39:
 1900 00b7 6D656D73 		.ascii	"memset\000"
 1900      657400
 1901              	.LASF28:
 1902 00be 6E6F6E63 		.ascii	"nonce\000"
 1902      6500
 1903              	.LASF5:
 1904 00c4 6C6F6E67 		.ascii	"long unsigned int\000"
 1904      20756E73 
 1904      69676E65 
 1904      6420696E 
 1904      7400
 1905              	.LASF51:
 1906 00d6 6D61696E 		.ascii	"main\000"
 1906      00
 1907              	.LASF32:
 1908 00db 42414E4B 		.ascii	"BANK_AES_KEY\000"
 1908      5F414553 
 1908      5F4B4559 
 1908      00
 1909              	.LASF25:
 1910 00e8 6865785F 		.ascii	"hex_bank_key\000"
 1910      62616E6B 
 1910      5F6B6579 
 1910      00
 1911              	.LASF50:
 1912 00f5 70726F76 		.ascii	"provision\000"
 1912      6973696F 
 1912      6E00
 1913              	.LASF18:
 1914 00ff 6C6F7765 		.ascii	"lower_digit\000"
 1914      725F6469 
 1914      67697400 
 1915              	.LASF44:
 1916 010b 55534552 		.ascii	"USER_INFO_Start\000"
 1916      5F494E46 
 1916      4F5F5374 
 1916      61727400 
 1917              	.LASF8:
 1918 011b 756E7369 		.ascii	"unsigned int\000"
 1918      676E6564 
 1918      20696E74 
 1918      00
 1919              	.LASF7:
 1920 0128 6C6F6E67 		.ascii	"long long unsigned int\000"
 1920      206C6F6E 
 1920      6720756E 
 1920      7369676E 
 1920      65642069 
 1921              	.LASF10:
 1922 013f 75696E74 		.ascii	"uint8_t\000"
 1922      385F7400 
 1923              	.LASF27:
ARM GAS  C:\Users\Ray\AppData\Local\Temp\ccI6quwJ.s 			page 40


 1924 0147 50524F56 		.ascii	"PROVISIONED\000"
 1924      4953494F 
 1924      4E454400 
 1925              	.LASF36:
 1926 0153 73707269 		.ascii	"sprintf\000"
 1926      6E746600 
 1927              	.LASF48:
 1928 015b 5C5C5642 		.ascii	"\\\\VBOXSVR\\raywang\\Dropbox (MIT)\\CTFs\\eCTF\\ec"
 1928      4F585356 
 1928      525C7261 
 1928      7977616E 
 1928      675C4472 
 1929 0187 74662D32 		.ascii	"tf-2018-techsec\\CARD.cydsn\000"
 1929      3031382D 
 1929      74656368 
 1929      7365635C 
 1929      43415244 
 1930              	.LASF46:
 1931 01a2 474E5520 		.ascii	"GNU C11 5.4.1 20160609 (release) [ARM/embedded-5-br"
 1931      43313120 
 1931      352E342E 
 1931      31203230 
 1931      31363036 
 1932 01d5 616E6368 		.ascii	"anch revision 237715] -mcpu=cortex-m0 -mthumb -g -O"
 1932      20726576 
 1932      6973696F 
 1932      6E203233 
 1932      37373135 
 1933 0208 67202D66 		.ascii	"g -ffunction-sections -ffat-lto-objects\000"
 1933      66756E63 
 1933      74696F6E 
 1933      2D736563 
 1933      74696F6E 
 1934              	.LASF16:
 1935 0230 73697A65 		.ascii	"sizetype\000"
 1935      74797065 
 1935      00
 1936              	.LASF17:
 1937 0239 75707065 		.ascii	"upper_digit\000"
 1937      725F6469 
 1937      67697400 
 1938              	.LASF6:
 1939 0245 6C6F6E67 		.ascii	"long long int\000"
 1939      206C6F6E 
 1939      6720696E 
 1939      7400
 1940              	.LASF47:
 1941 0253 6D61696E 		.ascii	"main.c\000"
 1941      2E6300
 1942              	.LASF14:
 1943 025a 63686172 		.ascii	"char\000"
 1943      00
 1944              	.LASF19:
 1945 025f 52657365 		.ascii	"Reset_ISR\000"
 1945      745F4953 
 1945      5200
 1946              	.LASF2:
ARM GAS  C:\Users\Ray\AppData\Local\Temp\ccI6quwJ.s 			page 41


 1947 0269 73686F72 		.ascii	"short int\000"
 1947      7420696E 
 1947      7400
 1948              	.LASF41:
 1949 0273 55534552 		.ascii	"USER_INFO_Write\000"
 1949      5F494E46 
 1949      4F5F5772 
 1949      69746500 
 1950              	.LASF11:
 1951 0283 75696E74 		.ascii	"uint8\000"
 1951      3800
 1952              	.LASF40:
 1953 0289 6D656D63 		.ascii	"memcpy\000"
 1953      707900
 1954              	.LASF43:
 1955 0290 52657365 		.ascii	"Reset_isr_StartEx\000"
 1955      745F6973 
 1955      725F5374 
 1955      61727445 
 1955      7800
 1956              	.LASF45:
 1957 02a2 5553425F 		.ascii	"USB_UART_Start\000"
 1957      55415254 
 1957      5F537461 
 1957      727400
 1958              	.LASF4:
 1959 02b1 6C6F6E67 		.ascii	"long int\000"
 1959      20696E74 
 1959      00
 1960              	.LASF26:
 1961 02ba 62616E6B 		.ascii	"bank_key\000"
 1961      5F6B6579 
 1961      00
 1962              	.LASF15:
 1963 02c3 6C6F6E67 		.ascii	"long double\000"
 1963      20646F75 
 1963      626C6500 
 1964              	.LASF0:
 1965 02cf 7369676E 		.ascii	"signed char\000"
 1965      65642063 
 1965      68617200 
 1966              	.LASF20:
 1967 02db 62797465 		.ascii	"bytes2hex\000"
 1967      73326865 
 1967      7800
 1968              	.LASF38:
 1969 02e5 70756C6C 		.ascii	"pullMessage\000"
 1969      4D657373 
 1969      61676500 
 1970              		.ident	"GCC: (GNU Tools for ARM Embedded Processors) 5.4.1 20160609 (release) [ARM/embedded-5-bran
