ARM GAS  C:\Users\Ray\AppData\Local\Temp\cckwR3Qs.s 			page 1


   1              		.syntax unified
   2              		.cpu cortex-m0
   3              		.fpu softvfp
   4              		.eabi_attribute 20, 1
   5              		.eabi_attribute 21, 1
   6              		.eabi_attribute 23, 3
   7              		.eabi_attribute 24, 1
   8              		.eabi_attribute 25, 1
   9              		.eabi_attribute 26, 1
  10              		.eabi_attribute 30, 1
  11              		.eabi_attribute 34, 0
  12              		.eabi_attribute 18, 4
  13              		.thumb
  14              		.syntax unified
  15              		.file	"der.c"
  16              		.text
  17              	.Ltext0:
  18              		.cfi_sections	.debug_frame
  19              		.section	.text.der_encode_signature,"ax",%progbits
  20              		.align	2
  21              		.global	der_encode_signature
  22              		.code	16
  23              		.thumb_func
  24              		.type	der_encode_signature, %function
  25              	der_encode_signature:
  26              	.LFB0:
  27              		.file 1 "strong-arm\\src\\asn1\\der.c"
   1:strong-arm\src\asn1/der.c **** #include <strong-arm/asn1.h>
   2:strong-arm\src\asn1/der.c **** 
   3:strong-arm\src\asn1/der.c **** 
   4:strong-arm\src\asn1/der.c **** uint32_t der_encode_signature (uint8_t *const dst, uint32_t max_len, FF_NUM const *const r, FF_NUM 
   5:strong-arm\src\asn1/der.c **** {
  28              		.loc 1 5 0
  29              		.cfi_startproc
  30              		@ args = 0, pretend = 0, frame = 0
  31              		@ frame_needed = 0, uses_anonymous_args = 0
  32              	.LVL0:
  33 0000 F8B5     		push	{r3, r4, r5, r6, r7, lr}
  34              		.cfi_def_cfa_offset 24
  35              		.cfi_offset 3, -24
  36              		.cfi_offset 4, -20
  37              		.cfi_offset 5, -16
  38              		.cfi_offset 6, -12
  39              		.cfi_offset 7, -8
  40              		.cfi_offset 14, -4
  41 0002 0600     		movs	r6, r0
  42 0004 0C00     		movs	r4, r1
  43 0006 1D00     		movs	r5, r3
   6:strong-arm\src\asn1/der.c **** 	uint32_t len_r, len_s;
   7:strong-arm\src\asn1/der.c **** 
   8:strong-arm\src\asn1/der.c **** 	if (max_len < 2) return 0;
  44              		.loc 1 8 0
  45 0008 0129     		cmp	r1, #1
  46 000a 18D9     		bls	.L3
   9:strong-arm\src\asn1/der.c **** 
  10:strong-arm\src\asn1/der.c **** 	dst[0] = 0x30;     // type: SEQUENCE
  47              		.loc 1 10 0
ARM GAS  C:\Users\Ray\AppData\Local\Temp\cckwR3Qs.s 			page 2


  48 000c 3023     		movs	r3, #48
  49              	.LVL1:
  50 000e 0370     		strb	r3, [r0]
  11:strong-arm\src\asn1/der.c **** 	dst[1] = 0x00;     // length: unknown
  51              		.loc 1 11 0
  52 0010 0023     		movs	r3, #0
  53 0012 4370     		strb	r3, [r0, #1]
  12:strong-arm\src\asn1/der.c **** 
  13:strong-arm\src\asn1/der.c **** 	if ((len_r = ff_der_serialize (dst + 2, max_len - 2, r)) == 0)
  54              		.loc 1 13 0
  55 0014 0230     		adds	r0, r0, #2
  56              	.LVL2:
  57 0016 0239     		subs	r1, r1, #2
  58              	.LVL3:
  59 0018 FFF7FEFF 		bl	ff_der_serialize
  60              	.LVL4:
  61 001c 071E     		subs	r7, r0, #0
  62              	.LVL5:
  63 001e 10D0     		beq	.L4
  14:strong-arm\src\asn1/der.c **** 		return 0;
  15:strong-arm\src\asn1/der.c **** 
  16:strong-arm\src\asn1/der.c **** 	if ((len_s = ff_der_serialize (dst + 2 + len_r, max_len - 2 - len_r, s)) == 0)
  64              		.loc 1 16 0
  65 0020 0230     		adds	r0, r0, #2
  66              	.LVL6:
  67 0022 3018     		adds	r0, r6, r0
  68 0024 E11B     		subs	r1, r4, r7
  69 0026 0239     		subs	r1, r1, #2
  70 0028 2A00     		movs	r2, r5
  71 002a FFF7FEFF 		bl	ff_der_serialize
  72              	.LVL7:
  73 002e 0028     		cmp	r0, #0
  74 0030 09D0     		beq	.L5
  17:strong-arm\src\asn1/der.c **** 		return 0;
  18:strong-arm\src\asn1/der.c **** 
  19:strong-arm\src\asn1/der.c **** 	if ((len_r + len_s) > 127)
  75              		.loc 1 19 0
  76 0032 3B18     		adds	r3, r7, r0
  77 0034 7F2B     		cmp	r3, #127
  78 0036 08D8     		bhi	.L6
  20:strong-arm\src\asn1/der.c **** 		return 0;    // Function not designed to handle encoding lengths greater than 127
  21:strong-arm\src\asn1/der.c **** 
  22:strong-arm\src\asn1/der.c **** 	dst[1] = len_r + len_s;
  79              		.loc 1 22 0
  80 0038 7370     		strb	r3, [r6, #1]
  23:strong-arm\src\asn1/der.c **** 
  24:strong-arm\src\asn1/der.c **** 	return 2 + len_r + len_s;
  81              		.loc 1 24 0
  82 003a 981C     		adds	r0, r3, #2
  83              	.LVL8:
  84 003c 06E0     		b	.L2
  85              	.LVL9:
  86              	.L3:
   8:strong-arm\src\asn1/der.c **** 
  87              		.loc 1 8 0
  88 003e 0020     		movs	r0, #0
  89              	.LVL10:
ARM GAS  C:\Users\Ray\AppData\Local\Temp\cckwR3Qs.s 			page 3


  90 0040 04E0     		b	.L2
  91              	.LVL11:
  92              	.L4:
  14:strong-arm\src\asn1/der.c **** 
  93              		.loc 1 14 0
  94 0042 0020     		movs	r0, #0
  95              	.LVL12:
  96 0044 02E0     		b	.L2
  97              	.LVL13:
  98              	.L5:
  17:strong-arm\src\asn1/der.c **** 
  99              		.loc 1 17 0
 100 0046 0020     		movs	r0, #0
 101              	.LVL14:
 102 0048 00E0     		b	.L2
 103              	.LVL15:
 104              	.L6:
  20:strong-arm\src\asn1/der.c **** 
 105              		.loc 1 20 0
 106 004a 0020     		movs	r0, #0
 107              	.LVL16:
 108              	.L2:
  25:strong-arm\src\asn1/der.c **** }
 109              		.loc 1 25 0
 110              		@ sp needed
 111              	.LVL17:
 112              	.LVL18:
 113              	.LVL19:
 114 004c F8BD     		pop	{r3, r4, r5, r6, r7, pc}
 115              		.cfi_endproc
 116              	.LFE0:
 117              		.size	der_encode_signature, .-der_encode_signature
 118 004e C046     		.text
 119              	.Letext0:
 120              		.file 2 "c:\\program files (x86)\\cypress\\psoc creator\\4.1\\psoc creator\\import\\gnu\\arm\\5.4.
 121              		.file 3 "c:\\program files (x86)\\cypress\\psoc creator\\4.1\\psoc creator\\import\\gnu\\arm\\5.4.
 122              		.file 4 ".\\strong-arm\\include/strong-arm/finite_field.h"
 123              		.section	.debug_info,"",%progbits
 124              	.Ldebug_info0:
 125 0000 A6010000 		.4byte	0x1a6
 126 0004 0400     		.2byte	0x4
 127 0006 00000000 		.4byte	.Ldebug_abbrev0
 128 000a 04       		.byte	0x4
 129 000b 01       		.uleb128 0x1
 130 000c C3000000 		.4byte	.LASF18
 131 0010 0C       		.byte	0xc
 132 0011 00000000 		.4byte	.LASF19
 133 0015 78010000 		.4byte	.LASF20
 134 0019 00000000 		.4byte	.Ldebug_ranges0+0
 135 001d 00000000 		.4byte	0
 136 0021 00000000 		.4byte	.Ldebug_line0
 137 0025 02       		.uleb128 0x2
 138 0026 01       		.byte	0x1
 139 0027 06       		.byte	0x6
 140 0028 FF010000 		.4byte	.LASF0
 141 002c 03       		.uleb128 0x3
 142 002d 21000000 		.4byte	.LASF5
ARM GAS  C:\Users\Ray\AppData\Local\Temp\cckwR3Qs.s 			page 4


 143 0031 02       		.byte	0x2
 144 0032 1D       		.byte	0x1d
 145 0033 37000000 		.4byte	0x37
 146 0037 02       		.uleb128 0x2
 147 0038 01       		.byte	0x1
 148 0039 08       		.byte	0x8
 149 003a 2B000000 		.4byte	.LASF1
 150 003e 02       		.uleb128 0x2
 151 003f 02       		.byte	0x2
 152 0040 05       		.byte	0x5
 153 0041 6E010000 		.4byte	.LASF2
 154 0045 02       		.uleb128 0x2
 155 0046 02       		.byte	0x2
 156 0047 07       		.byte	0x7
 157 0048 4B000000 		.4byte	.LASF3
 158 004c 02       		.uleb128 0x2
 159 004d 04       		.byte	0x4
 160 004e 05       		.byte	0x5
 161 004f F6010000 		.4byte	.LASF4
 162 0053 03       		.uleb128 0x3
 163 0054 6F000000 		.4byte	.LASF6
 164 0058 02       		.byte	0x2
 165 0059 41       		.byte	0x41
 166 005a 5E000000 		.4byte	0x5e
 167 005e 02       		.uleb128 0x2
 168 005f 04       		.byte	0x4
 169 0060 07       		.byte	0x7
 170 0061 39000000 		.4byte	.LASF7
 171 0065 02       		.uleb128 0x2
 172 0066 08       		.byte	0x8
 173 0067 05       		.byte	0x5
 174 0068 5A010000 		.4byte	.LASF8
 175 006c 02       		.uleb128 0x2
 176 006d 08       		.byte	0x8
 177 006e 07       		.byte	0x7
 178 006f A4000000 		.4byte	.LASF9
 179 0073 04       		.uleb128 0x4
 180 0074 04       		.byte	0x4
 181 0075 05       		.byte	0x5
 182 0076 696E7400 		.ascii	"int\000"
 183 007a 02       		.uleb128 0x2
 184 007b 04       		.byte	0x4
 185 007c 07       		.byte	0x7
 186 007d 97000000 		.4byte	.LASF10
 187 0081 03       		.uleb128 0x3
 188 0082 BB000000 		.4byte	.LASF11
 189 0086 03       		.byte	0x3
 190 0087 18       		.byte	0x18
 191 0088 2C000000 		.4byte	0x2c
 192 008c 03       		.uleb128 0x3
 193 008d ED010000 		.4byte	.LASF12
 194 0091 03       		.byte	0x3
 195 0092 30       		.byte	0x30
 196 0093 53000000 		.4byte	0x53
 197 0097 05       		.uleb128 0x5
 198 0098 20       		.byte	0x20
 199 0099 04       		.byte	0x4
ARM GAS  C:\Users\Ray\AppData\Local\Temp\cckwR3Qs.s 			page 5


 200 009a 12       		.byte	0x12
 201 009b AA000000 		.4byte	0xaa
 202 009f 06       		.uleb128 0x6
 203 00a0 7A00     		.ascii	"z\000"
 204 00a2 04       		.byte	0x4
 205 00a3 13       		.byte	0x13
 206 00a4 AA000000 		.4byte	0xaa
 207 00a8 00       		.byte	0
 208 00a9 00       		.byte	0
 209 00aa 07       		.uleb128 0x7
 210 00ab 8C000000 		.4byte	0x8c
 211 00af BA000000 		.4byte	0xba
 212 00b3 08       		.uleb128 0x8
 213 00b4 BA000000 		.4byte	0xba
 214 00b8 07       		.byte	0x7
 215 00b9 00       		.byte	0
 216 00ba 02       		.uleb128 0x2
 217 00bb 04       		.byte	0x4
 218 00bc 07       		.byte	0x7
 219 00bd 51010000 		.4byte	.LASF13
 220 00c1 03       		.uleb128 0x3
 221 00c2 1A000000 		.4byte	.LASF14
 222 00c6 04       		.byte	0x4
 223 00c7 14       		.byte	0x14
 224 00c8 97000000 		.4byte	0x97
 225 00cc 09       		.uleb128 0x9
 226 00cd 82000000 		.4byte	.LASF21
 227 00d1 01       		.byte	0x1
 228 00d2 04       		.byte	0x4
 229 00d3 8C000000 		.4byte	0x8c
 230 00d7 00000000 		.4byte	.LFB0
 231 00db 4E000000 		.4byte	.LFE0-.LFB0
 232 00df 01       		.uleb128 0x1
 233 00e0 9C       		.byte	0x9c
 234 00e1 83010000 		.4byte	0x183
 235 00e5 0A       		.uleb128 0xa
 236 00e6 64737400 		.ascii	"dst\000"
 237 00ea 01       		.byte	0x1
 238 00eb 04       		.byte	0x4
 239 00ec 89010000 		.4byte	0x189
 240 00f0 00000000 		.4byte	.LLST0
 241 00f4 0B       		.uleb128 0xb
 242 00f5 7A000000 		.4byte	.LASF15
 243 00f9 01       		.byte	0x1
 244 00fa 04       		.byte	0x4
 245 00fb 8C000000 		.4byte	0x8c
 246 00ff 42000000 		.4byte	.LLST1
 247 0103 0A       		.uleb128 0xa
 248 0104 7200     		.ascii	"r\000"
 249 0106 01       		.byte	0x1
 250 0107 04       		.byte	0x4
 251 0108 99010000 		.4byte	0x199
 252 010c 84000000 		.4byte	.LLST2
 253 0110 0A       		.uleb128 0xa
 254 0111 7300     		.ascii	"s\000"
 255 0113 01       		.byte	0x1
 256 0114 04       		.byte	0x4
ARM GAS  C:\Users\Ray\AppData\Local\Temp\cckwR3Qs.s 			page 6


 257 0115 99010000 		.4byte	0x199
 258 0119 BE000000 		.4byte	.LLST3
 259 011d 0C       		.uleb128 0xc
 260 011e 68010000 		.4byte	.LASF16
 261 0122 01       		.byte	0x1
 262 0123 06       		.byte	0x6
 263 0124 8C000000 		.4byte	0x8c
 264 0128 00010000 		.4byte	.LLST4
 265 012c 0C       		.uleb128 0xc
 266 012d E7010000 		.4byte	.LASF17
 267 0131 01       		.byte	0x1
 268 0132 06       		.byte	0x6
 269 0133 8C000000 		.4byte	0x8c
 270 0137 34010000 		.4byte	.LLST5
 271 013b 0D       		.uleb128 0xd
 272 013c 1C000000 		.4byte	.LVL4
 273 0140 9E010000 		.4byte	0x19e
 274 0144 5C010000 		.4byte	0x15c
 275 0148 0E       		.uleb128 0xe
 276 0149 01       		.uleb128 0x1
 277 014a 50       		.byte	0x50
 278 014b 02       		.uleb128 0x2
 279 014c 76       		.byte	0x76
 280 014d 02       		.sleb128 2
 281 014e 0E       		.uleb128 0xe
 282 014f 01       		.uleb128 0x1
 283 0150 51       		.byte	0x51
 284 0151 02       		.uleb128 0x2
 285 0152 74       		.byte	0x74
 286 0153 7E       		.sleb128 -2
 287 0154 0E       		.uleb128 0xe
 288 0155 01       		.uleb128 0x1
 289 0156 52       		.byte	0x52
 290 0157 03       		.uleb128 0x3
 291 0158 F3       		.byte	0xf3
 292 0159 01       		.uleb128 0x1
 293 015a 52       		.byte	0x52
 294 015b 00       		.byte	0
 295 015c 0F       		.uleb128 0xf
 296 015d 2E000000 		.4byte	.LVL7
 297 0161 9E010000 		.4byte	0x19e
 298 0165 0E       		.uleb128 0xe
 299 0166 01       		.uleb128 0x1
 300 0167 50       		.byte	0x50
 301 0168 07       		.uleb128 0x7
 302 0169 76       		.byte	0x76
 303 016a 00       		.sleb128 0
 304 016b 77       		.byte	0x77
 305 016c 00       		.sleb128 0
 306 016d 22       		.byte	0x22
 307 016e 23       		.byte	0x23
 308 016f 02       		.uleb128 0x2
 309 0170 0E       		.uleb128 0xe
 310 0171 01       		.uleb128 0x1
 311 0172 51       		.byte	0x51
 312 0173 07       		.uleb128 0x7
 313 0174 74       		.byte	0x74
ARM GAS  C:\Users\Ray\AppData\Local\Temp\cckwR3Qs.s 			page 7


 314 0175 00       		.sleb128 0
 315 0176 77       		.byte	0x77
 316 0177 00       		.sleb128 0
 317 0178 1C       		.byte	0x1c
 318 0179 32       		.byte	0x32
 319 017a 1C       		.byte	0x1c
 320 017b 0E       		.uleb128 0xe
 321 017c 01       		.uleb128 0x1
 322 017d 52       		.byte	0x52
 323 017e 02       		.uleb128 0x2
 324 017f 75       		.byte	0x75
 325 0180 00       		.sleb128 0
 326 0181 00       		.byte	0
 327 0182 00       		.byte	0
 328 0183 10       		.uleb128 0x10
 329 0184 04       		.byte	0x4
 330 0185 81000000 		.4byte	0x81
 331 0189 11       		.uleb128 0x11
 332 018a 83010000 		.4byte	0x183
 333 018e 10       		.uleb128 0x10
 334 018f 04       		.byte	0x4
 335 0190 94010000 		.4byte	0x194
 336 0194 11       		.uleb128 0x11
 337 0195 C1000000 		.4byte	0xc1
 338 0199 11       		.uleb128 0x11
 339 019a 8E010000 		.4byte	0x18e
 340 019e 12       		.uleb128 0x12
 341 019f 5E000000 		.4byte	.LASF22
 342 01a3 5E000000 		.4byte	.LASF22
 343 01a7 04       		.byte	0x4
 344 01a8 50       		.byte	0x50
 345 01a9 00       		.byte	0
 346              		.section	.debug_abbrev,"",%progbits
 347              	.Ldebug_abbrev0:
 348 0000 01       		.uleb128 0x1
 349 0001 11       		.uleb128 0x11
 350 0002 01       		.byte	0x1
 351 0003 25       		.uleb128 0x25
 352 0004 0E       		.uleb128 0xe
 353 0005 13       		.uleb128 0x13
 354 0006 0B       		.uleb128 0xb
 355 0007 03       		.uleb128 0x3
 356 0008 0E       		.uleb128 0xe
 357 0009 1B       		.uleb128 0x1b
 358 000a 0E       		.uleb128 0xe
 359 000b 55       		.uleb128 0x55
 360 000c 17       		.uleb128 0x17
 361 000d 11       		.uleb128 0x11
 362 000e 01       		.uleb128 0x1
 363 000f 10       		.uleb128 0x10
 364 0010 17       		.uleb128 0x17
 365 0011 00       		.byte	0
 366 0012 00       		.byte	0
 367 0013 02       		.uleb128 0x2
 368 0014 24       		.uleb128 0x24
 369 0015 00       		.byte	0
 370 0016 0B       		.uleb128 0xb
ARM GAS  C:\Users\Ray\AppData\Local\Temp\cckwR3Qs.s 			page 8


 371 0017 0B       		.uleb128 0xb
 372 0018 3E       		.uleb128 0x3e
 373 0019 0B       		.uleb128 0xb
 374 001a 03       		.uleb128 0x3
 375 001b 0E       		.uleb128 0xe
 376 001c 00       		.byte	0
 377 001d 00       		.byte	0
 378 001e 03       		.uleb128 0x3
 379 001f 16       		.uleb128 0x16
 380 0020 00       		.byte	0
 381 0021 03       		.uleb128 0x3
 382 0022 0E       		.uleb128 0xe
 383 0023 3A       		.uleb128 0x3a
 384 0024 0B       		.uleb128 0xb
 385 0025 3B       		.uleb128 0x3b
 386 0026 0B       		.uleb128 0xb
 387 0027 49       		.uleb128 0x49
 388 0028 13       		.uleb128 0x13
 389 0029 00       		.byte	0
 390 002a 00       		.byte	0
 391 002b 04       		.uleb128 0x4
 392 002c 24       		.uleb128 0x24
 393 002d 00       		.byte	0
 394 002e 0B       		.uleb128 0xb
 395 002f 0B       		.uleb128 0xb
 396 0030 3E       		.uleb128 0x3e
 397 0031 0B       		.uleb128 0xb
 398 0032 03       		.uleb128 0x3
 399 0033 08       		.uleb128 0x8
 400 0034 00       		.byte	0
 401 0035 00       		.byte	0
 402 0036 05       		.uleb128 0x5
 403 0037 13       		.uleb128 0x13
 404 0038 01       		.byte	0x1
 405 0039 0B       		.uleb128 0xb
 406 003a 0B       		.uleb128 0xb
 407 003b 3A       		.uleb128 0x3a
 408 003c 0B       		.uleb128 0xb
 409 003d 3B       		.uleb128 0x3b
 410 003e 0B       		.uleb128 0xb
 411 003f 01       		.uleb128 0x1
 412 0040 13       		.uleb128 0x13
 413 0041 00       		.byte	0
 414 0042 00       		.byte	0
 415 0043 06       		.uleb128 0x6
 416 0044 0D       		.uleb128 0xd
 417 0045 00       		.byte	0
 418 0046 03       		.uleb128 0x3
 419 0047 08       		.uleb128 0x8
 420 0048 3A       		.uleb128 0x3a
 421 0049 0B       		.uleb128 0xb
 422 004a 3B       		.uleb128 0x3b
 423 004b 0B       		.uleb128 0xb
 424 004c 49       		.uleb128 0x49
 425 004d 13       		.uleb128 0x13
 426 004e 38       		.uleb128 0x38
 427 004f 0B       		.uleb128 0xb
ARM GAS  C:\Users\Ray\AppData\Local\Temp\cckwR3Qs.s 			page 9


 428 0050 00       		.byte	0
 429 0051 00       		.byte	0
 430 0052 07       		.uleb128 0x7
 431 0053 01       		.uleb128 0x1
 432 0054 01       		.byte	0x1
 433 0055 49       		.uleb128 0x49
 434 0056 13       		.uleb128 0x13
 435 0057 01       		.uleb128 0x1
 436 0058 13       		.uleb128 0x13
 437 0059 00       		.byte	0
 438 005a 00       		.byte	0
 439 005b 08       		.uleb128 0x8
 440 005c 21       		.uleb128 0x21
 441 005d 00       		.byte	0
 442 005e 49       		.uleb128 0x49
 443 005f 13       		.uleb128 0x13
 444 0060 2F       		.uleb128 0x2f
 445 0061 0B       		.uleb128 0xb
 446 0062 00       		.byte	0
 447 0063 00       		.byte	0
 448 0064 09       		.uleb128 0x9
 449 0065 2E       		.uleb128 0x2e
 450 0066 01       		.byte	0x1
 451 0067 3F       		.uleb128 0x3f
 452 0068 19       		.uleb128 0x19
 453 0069 03       		.uleb128 0x3
 454 006a 0E       		.uleb128 0xe
 455 006b 3A       		.uleb128 0x3a
 456 006c 0B       		.uleb128 0xb
 457 006d 3B       		.uleb128 0x3b
 458 006e 0B       		.uleb128 0xb
 459 006f 27       		.uleb128 0x27
 460 0070 19       		.uleb128 0x19
 461 0071 49       		.uleb128 0x49
 462 0072 13       		.uleb128 0x13
 463 0073 11       		.uleb128 0x11
 464 0074 01       		.uleb128 0x1
 465 0075 12       		.uleb128 0x12
 466 0076 06       		.uleb128 0x6
 467 0077 40       		.uleb128 0x40
 468 0078 18       		.uleb128 0x18
 469 0079 9742     		.uleb128 0x2117
 470 007b 19       		.uleb128 0x19
 471 007c 01       		.uleb128 0x1
 472 007d 13       		.uleb128 0x13
 473 007e 00       		.byte	0
 474 007f 00       		.byte	0
 475 0080 0A       		.uleb128 0xa
 476 0081 05       		.uleb128 0x5
 477 0082 00       		.byte	0
 478 0083 03       		.uleb128 0x3
 479 0084 08       		.uleb128 0x8
 480 0085 3A       		.uleb128 0x3a
 481 0086 0B       		.uleb128 0xb
 482 0087 3B       		.uleb128 0x3b
 483 0088 0B       		.uleb128 0xb
 484 0089 49       		.uleb128 0x49
ARM GAS  C:\Users\Ray\AppData\Local\Temp\cckwR3Qs.s 			page 10


 485 008a 13       		.uleb128 0x13
 486 008b 02       		.uleb128 0x2
 487 008c 17       		.uleb128 0x17
 488 008d 00       		.byte	0
 489 008e 00       		.byte	0
 490 008f 0B       		.uleb128 0xb
 491 0090 05       		.uleb128 0x5
 492 0091 00       		.byte	0
 493 0092 03       		.uleb128 0x3
 494 0093 0E       		.uleb128 0xe
 495 0094 3A       		.uleb128 0x3a
 496 0095 0B       		.uleb128 0xb
 497 0096 3B       		.uleb128 0x3b
 498 0097 0B       		.uleb128 0xb
 499 0098 49       		.uleb128 0x49
 500 0099 13       		.uleb128 0x13
 501 009a 02       		.uleb128 0x2
 502 009b 17       		.uleb128 0x17
 503 009c 00       		.byte	0
 504 009d 00       		.byte	0
 505 009e 0C       		.uleb128 0xc
 506 009f 34       		.uleb128 0x34
 507 00a0 00       		.byte	0
 508 00a1 03       		.uleb128 0x3
 509 00a2 0E       		.uleb128 0xe
 510 00a3 3A       		.uleb128 0x3a
 511 00a4 0B       		.uleb128 0xb
 512 00a5 3B       		.uleb128 0x3b
 513 00a6 0B       		.uleb128 0xb
 514 00a7 49       		.uleb128 0x49
 515 00a8 13       		.uleb128 0x13
 516 00a9 02       		.uleb128 0x2
 517 00aa 17       		.uleb128 0x17
 518 00ab 00       		.byte	0
 519 00ac 00       		.byte	0
 520 00ad 0D       		.uleb128 0xd
 521 00ae 898201   		.uleb128 0x4109
 522 00b1 01       		.byte	0x1
 523 00b2 11       		.uleb128 0x11
 524 00b3 01       		.uleb128 0x1
 525 00b4 31       		.uleb128 0x31
 526 00b5 13       		.uleb128 0x13
 527 00b6 01       		.uleb128 0x1
 528 00b7 13       		.uleb128 0x13
 529 00b8 00       		.byte	0
 530 00b9 00       		.byte	0
 531 00ba 0E       		.uleb128 0xe
 532 00bb 8A8201   		.uleb128 0x410a
 533 00be 00       		.byte	0
 534 00bf 02       		.uleb128 0x2
 535 00c0 18       		.uleb128 0x18
 536 00c1 9142     		.uleb128 0x2111
 537 00c3 18       		.uleb128 0x18
 538 00c4 00       		.byte	0
 539 00c5 00       		.byte	0
 540 00c6 0F       		.uleb128 0xf
 541 00c7 898201   		.uleb128 0x4109
ARM GAS  C:\Users\Ray\AppData\Local\Temp\cckwR3Qs.s 			page 11


 542 00ca 01       		.byte	0x1
 543 00cb 11       		.uleb128 0x11
 544 00cc 01       		.uleb128 0x1
 545 00cd 31       		.uleb128 0x31
 546 00ce 13       		.uleb128 0x13
 547 00cf 00       		.byte	0
 548 00d0 00       		.byte	0
 549 00d1 10       		.uleb128 0x10
 550 00d2 0F       		.uleb128 0xf
 551 00d3 00       		.byte	0
 552 00d4 0B       		.uleb128 0xb
 553 00d5 0B       		.uleb128 0xb
 554 00d6 49       		.uleb128 0x49
 555 00d7 13       		.uleb128 0x13
 556 00d8 00       		.byte	0
 557 00d9 00       		.byte	0
 558 00da 11       		.uleb128 0x11
 559 00db 26       		.uleb128 0x26
 560 00dc 00       		.byte	0
 561 00dd 49       		.uleb128 0x49
 562 00de 13       		.uleb128 0x13
 563 00df 00       		.byte	0
 564 00e0 00       		.byte	0
 565 00e1 12       		.uleb128 0x12
 566 00e2 2E       		.uleb128 0x2e
 567 00e3 00       		.byte	0
 568 00e4 3F       		.uleb128 0x3f
 569 00e5 19       		.uleb128 0x19
 570 00e6 3C       		.uleb128 0x3c
 571 00e7 19       		.uleb128 0x19
 572 00e8 6E       		.uleb128 0x6e
 573 00e9 0E       		.uleb128 0xe
 574 00ea 03       		.uleb128 0x3
 575 00eb 0E       		.uleb128 0xe
 576 00ec 3A       		.uleb128 0x3a
 577 00ed 0B       		.uleb128 0xb
 578 00ee 3B       		.uleb128 0x3b
 579 00ef 0B       		.uleb128 0xb
 580 00f0 00       		.byte	0
 581 00f1 00       		.byte	0
 582 00f2 00       		.byte	0
 583              		.section	.debug_loc,"",%progbits
 584              	.Ldebug_loc0:
 585              	.LLST0:
 586 0000 00000000 		.4byte	.LVL0
 587 0004 16000000 		.4byte	.LVL2
 588 0008 0100     		.2byte	0x1
 589 000a 50       		.byte	0x50
 590 000b 16000000 		.4byte	.LVL2
 591 000f 3E000000 		.4byte	.LVL9
 592 0013 0100     		.2byte	0x1
 593 0015 56       		.byte	0x56
 594 0016 3E000000 		.4byte	.LVL9
 595 001a 40000000 		.4byte	.LVL10
 596 001e 0100     		.2byte	0x1
 597 0020 50       		.byte	0x50
 598 0021 40000000 		.4byte	.LVL10
ARM GAS  C:\Users\Ray\AppData\Local\Temp\cckwR3Qs.s 			page 12


 599 0025 4C000000 		.4byte	.LVL19
 600 0029 0100     		.2byte	0x1
 601 002b 56       		.byte	0x56
 602 002c 4C000000 		.4byte	.LVL19
 603 0030 4E000000 		.4byte	.LFE0
 604 0034 0400     		.2byte	0x4
 605 0036 F3       		.byte	0xf3
 606 0037 01       		.uleb128 0x1
 607 0038 50       		.byte	0x50
 608 0039 9F       		.byte	0x9f
 609 003a 00000000 		.4byte	0
 610 003e 00000000 		.4byte	0
 611              	.LLST1:
 612 0042 00000000 		.4byte	.LVL0
 613 0046 18000000 		.4byte	.LVL3
 614 004a 0100     		.2byte	0x1
 615 004c 51       		.byte	0x51
 616 004d 18000000 		.4byte	.LVL3
 617 0051 3E000000 		.4byte	.LVL9
 618 0055 0100     		.2byte	0x1
 619 0057 54       		.byte	0x54
 620 0058 3E000000 		.4byte	.LVL9
 621 005c 42000000 		.4byte	.LVL11
 622 0060 0100     		.2byte	0x1
 623 0062 51       		.byte	0x51
 624 0063 42000000 		.4byte	.LVL11
 625 0067 4C000000 		.4byte	.LVL17
 626 006b 0100     		.2byte	0x1
 627 006d 54       		.byte	0x54
 628 006e 4C000000 		.4byte	.LVL17
 629 0072 4E000000 		.4byte	.LFE0
 630 0076 0400     		.2byte	0x4
 631 0078 F3       		.byte	0xf3
 632 0079 01       		.uleb128 0x1
 633 007a 51       		.byte	0x51
 634 007b 9F       		.byte	0x9f
 635 007c 00000000 		.4byte	0
 636 0080 00000000 		.4byte	0
 637              	.LLST2:
 638 0084 00000000 		.4byte	.LVL0
 639 0088 1B000000 		.4byte	.LVL4-1
 640 008c 0100     		.2byte	0x1
 641 008e 52       		.byte	0x52
 642 008f 1B000000 		.4byte	.LVL4-1
 643 0093 3E000000 		.4byte	.LVL9
 644 0097 0400     		.2byte	0x4
 645 0099 F3       		.byte	0xf3
 646 009a 01       		.uleb128 0x1
 647 009b 52       		.byte	0x52
 648 009c 9F       		.byte	0x9f
 649 009d 3E000000 		.4byte	.LVL9
 650 00a1 42000000 		.4byte	.LVL11
 651 00a5 0100     		.2byte	0x1
 652 00a7 52       		.byte	0x52
 653 00a8 42000000 		.4byte	.LVL11
 654 00ac 4E000000 		.4byte	.LFE0
 655 00b0 0400     		.2byte	0x4
ARM GAS  C:\Users\Ray\AppData\Local\Temp\cckwR3Qs.s 			page 13


 656 00b2 F3       		.byte	0xf3
 657 00b3 01       		.uleb128 0x1
 658 00b4 52       		.byte	0x52
 659 00b5 9F       		.byte	0x9f
 660 00b6 00000000 		.4byte	0
 661 00ba 00000000 		.4byte	0
 662              	.LLST3:
 663 00be 00000000 		.4byte	.LVL0
 664 00c2 0E000000 		.4byte	.LVL1
 665 00c6 0100     		.2byte	0x1
 666 00c8 53       		.byte	0x53
 667 00c9 0E000000 		.4byte	.LVL1
 668 00cd 3E000000 		.4byte	.LVL9
 669 00d1 0100     		.2byte	0x1
 670 00d3 55       		.byte	0x55
 671 00d4 3E000000 		.4byte	.LVL9
 672 00d8 42000000 		.4byte	.LVL11
 673 00dc 0100     		.2byte	0x1
 674 00de 53       		.byte	0x53
 675 00df 42000000 		.4byte	.LVL11
 676 00e3 4C000000 		.4byte	.LVL18
 677 00e7 0100     		.2byte	0x1
 678 00e9 55       		.byte	0x55
 679 00ea 4C000000 		.4byte	.LVL18
 680 00ee 4E000000 		.4byte	.LFE0
 681 00f2 0400     		.2byte	0x4
 682 00f4 F3       		.byte	0xf3
 683 00f5 01       		.uleb128 0x1
 684 00f6 53       		.byte	0x53
 685 00f7 9F       		.byte	0x9f
 686 00f8 00000000 		.4byte	0
 687 00fc 00000000 		.4byte	0
 688              	.LLST4:
 689 0100 1E000000 		.4byte	.LVL5
 690 0104 22000000 		.4byte	.LVL6
 691 0108 0100     		.2byte	0x1
 692 010a 50       		.byte	0x50
 693 010b 22000000 		.4byte	.LVL6
 694 010f 3E000000 		.4byte	.LVL9
 695 0113 0100     		.2byte	0x1
 696 0115 57       		.byte	0x57
 697 0116 42000000 		.4byte	.LVL11
 698 011a 44000000 		.4byte	.LVL12
 699 011e 0100     		.2byte	0x1
 700 0120 50       		.byte	0x50
 701 0121 44000000 		.4byte	.LVL12
 702 0125 4C000000 		.4byte	.LVL16
 703 0129 0100     		.2byte	0x1
 704 012b 57       		.byte	0x57
 705 012c 00000000 		.4byte	0
 706 0130 00000000 		.4byte	0
 707              	.LLST5:
 708 0134 2E000000 		.4byte	.LVL7
 709 0138 3C000000 		.4byte	.LVL8
 710 013c 0100     		.2byte	0x1
 711 013e 50       		.byte	0x50
 712 013f 46000000 		.4byte	.LVL13
ARM GAS  C:\Users\Ray\AppData\Local\Temp\cckwR3Qs.s 			page 14


 713 0143 48000000 		.4byte	.LVL14
 714 0147 0100     		.2byte	0x1
 715 0149 50       		.byte	0x50
 716 014a 4A000000 		.4byte	.LVL15
 717 014e 4C000000 		.4byte	.LVL16
 718 0152 0100     		.2byte	0x1
 719 0154 50       		.byte	0x50
 720 0155 00000000 		.4byte	0
 721 0159 00000000 		.4byte	0
 722              		.section	.debug_aranges,"",%progbits
 723 0000 1C000000 		.4byte	0x1c
 724 0004 0200     		.2byte	0x2
 725 0006 00000000 		.4byte	.Ldebug_info0
 726 000a 04       		.byte	0x4
 727 000b 00       		.byte	0
 728 000c 0000     		.2byte	0
 729 000e 0000     		.2byte	0
 730 0010 00000000 		.4byte	.LFB0
 731 0014 4E000000 		.4byte	.LFE0-.LFB0
 732 0018 00000000 		.4byte	0
 733 001c 00000000 		.4byte	0
 734              		.section	.debug_ranges,"",%progbits
 735              	.Ldebug_ranges0:
 736 0000 00000000 		.4byte	.LFB0
 737 0004 4E000000 		.4byte	.LFE0
 738 0008 00000000 		.4byte	0
 739 000c 00000000 		.4byte	0
 740              		.section	.debug_line,"",%progbits
 741              	.Ldebug_line0:
 742 0000 81010000 		.section	.debug_str,"MS",%progbits,1
 742      02005F01 
 742      00000201 
 742      FB0E0D00 
 742      01010101 
 743              	.LASF19:
 744 0000 7374726F 		.ascii	"strong-arm\\src\\asn1\\der.c\000"
 744      6E672D61 
 744      726D5C73 
 744      72635C61 
 744      736E315C 
 745              	.LASF14:
 746 001a 46465F4E 		.ascii	"FF_NUM\000"
 746      554D00
 747              	.LASF5:
 748 0021 5F5F7569 		.ascii	"__uint8_t\000"
 748      6E74385F 
 748      7400
 749              	.LASF1:
 750 002b 756E7369 		.ascii	"unsigned char\000"
 750      676E6564 
 750      20636861 
 750      7200
 751              	.LASF7:
 752 0039 6C6F6E67 		.ascii	"long unsigned int\000"
 752      20756E73 
 752      69676E65 
 752      6420696E 
ARM GAS  C:\Users\Ray\AppData\Local\Temp\cckwR3Qs.s 			page 15


 752      7400
 753              	.LASF3:
 754 004b 73686F72 		.ascii	"short unsigned int\000"
 754      7420756E 
 754      7369676E 
 754      65642069 
 754      6E7400
 755              	.LASF22:
 756 005e 66665F64 		.ascii	"ff_der_serialize\000"
 756      65725F73 
 756      65726961 
 756      6C697A65 
 756      00
 757              	.LASF6:
 758 006f 5F5F7569 		.ascii	"__uint32_t\000"
 758      6E743332 
 758      5F7400
 759              	.LASF15:
 760 007a 6D61785F 		.ascii	"max_len\000"
 760      6C656E00 
 761              	.LASF21:
 762 0082 6465725F 		.ascii	"der_encode_signature\000"
 762      656E636F 
 762      64655F73 
 762      69676E61 
 762      74757265 
 763              	.LASF10:
 764 0097 756E7369 		.ascii	"unsigned int\000"
 764      676E6564 
 764      20696E74 
 764      00
 765              	.LASF9:
 766 00a4 6C6F6E67 		.ascii	"long long unsigned int\000"
 766      206C6F6E 
 766      6720756E 
 766      7369676E 
 766      65642069 
 767              	.LASF11:
 768 00bb 75696E74 		.ascii	"uint8_t\000"
 768      385F7400 
 769              	.LASF18:
 770 00c3 474E5520 		.ascii	"GNU C11 5.4.1 20160609 (release) [ARM/embedded-5-br"
 770      43313120 
 770      352E342E 
 770      31203230 
 770      31363036 
 771 00f6 616E6368 		.ascii	"anch revision 237715] -mcpu=cortex-m0 -mthumb -g -O"
 771      20726576 
 771      6973696F 
 771      6E203233 
 771      37373135 
 772 0129 67202D66 		.ascii	"g -ffunction-sections -ffat-lto-objects\000"
 772      66756E63 
 772      74696F6E 
 772      2D736563 
 772      74696F6E 
 773              	.LASF13:
ARM GAS  C:\Users\Ray\AppData\Local\Temp\cckwR3Qs.s 			page 16


 774 0151 73697A65 		.ascii	"sizetype\000"
 774      74797065 
 774      00
 775              	.LASF8:
 776 015a 6C6F6E67 		.ascii	"long long int\000"
 776      206C6F6E 
 776      6720696E 
 776      7400
 777              	.LASF16:
 778 0168 6C656E5F 		.ascii	"len_r\000"
 778      7200
 779              	.LASF2:
 780 016e 73686F72 		.ascii	"short int\000"
 780      7420696E 
 780      7400
 781              	.LASF20:
 782 0178 5C5C5642 		.ascii	"\\\\VBOXSVR\\raywang\\Dropbox (MIT)\\CTFs\\eCTF\\20"
 782      4F585356 
 782      525C7261 
 782      7977616E 
 782      675C4472 
 783 01a4 31382D65 		.ascii	"18-ectf-milestones-demo\\Milestones Demo Workspace\\"
 783      6374662D 
 783      6D696C65 
 783      73746F6E 
 783      65732D64 
 784 01d6 7374726F 		.ascii	"strong-arm.cylib\000"
 784      6E672D61 
 784      726D2E63 
 784      796C6962 
 784      00
 785              	.LASF17:
 786 01e7 6C656E5F 		.ascii	"len_s\000"
 786      7300
 787              	.LASF12:
 788 01ed 75696E74 		.ascii	"uint32_t\000"
 788      33325F74 
 788      00
 789              	.LASF4:
 790 01f6 6C6F6E67 		.ascii	"long int\000"
 790      20696E74 
 790      00
 791              	.LASF0:
 792 01ff 7369676E 		.ascii	"signed char\000"
 792      65642063 
 792      68617200 
 793              		.ident	"GCC: (GNU Tools for ARM Embedded Processors) 5.4.1 20160609 (release) [ARM/embedded-5-bran
