ARM GAS  C:\Users\Ray\AppData\Local\Temp\ccQbescd.s 			page 1


   1              		.syntax unified
   2              		.cpu cortex-m0
   3              		.fpu softvfp
   4              		.eabi_attribute 20, 1
   5              		.eabi_attribute 21, 1
   6              		.eabi_attribute 23, 3
   7              		.eabi_attribute 24, 1
   8              		.eabi_attribute 25, 1
   9              		.eabi_attribute 26, 1
  10              		.eabi_attribute 30, 1
  11              		.eabi_attribute 34, 0
  12              		.eabi_attribute 18, 4
  13              		.thumb
  14              		.syntax unified
  15              		.file	"strong-arm.c"
  16              		.text
  17              	.Ltext0:
  18              		.cfi_sections	.debug_frame
  19              		.section	.text.strongarm_init,"ax",%progbits
  20              		.align	2
  21              		.global	strongarm_init
  22              		.code	16
  23              		.thumb_func
  24              		.type	strongarm_init, %function
  25              	strongarm_init:
  26              	.LFB0:
  27              		.file 1 "strong-arm\\src\\strong-arm.c"
   1:strong-arm\src/strong-arm.c **** #include <strong-arm/strong-arm.h>
   2:strong-arm\src/strong-arm.c **** #include <strong-arm/random.h>
   3:strong-arm\src/strong-arm.c **** 
   4:strong-arm\src/strong-arm.c **** void strongarm_init (void)
   5:strong-arm\src/strong-arm.c **** {
  28              		.loc 1 5 0
  29              		.cfi_startproc
  30              		@ args = 0, pretend = 0, frame = 0
  31              		@ frame_needed = 0, uses_anonymous_args = 0
  32 0000 10B5     		push	{r4, lr}
  33              		.cfi_def_cfa_offset 8
  34              		.cfi_offset 4, -8
  35              		.cfi_offset 14, -4
   6:strong-arm\src/strong-arm.c **** 	random_init ();
  36              		.loc 1 6 0
  37 0002 FFF7FEFF 		bl	random_init
  38              	.LVL0:
   7:strong-arm\src/strong-arm.c **** }
  39              		.loc 1 7 0
  40              		@ sp needed
  41 0006 10BD     		pop	{r4, pc}
  42              		.cfi_endproc
  43              	.LFE0:
  44              		.size	strongarm_init, .-strongarm_init
  45              		.text
  46              	.Letext0:
  47              		.file 2 ".\\strong-arm\\include/strong-arm/random.h"
  48              		.section	.debug_info,"",%progbits
  49              	.Ldebug_info0:
  50 0000 92000000 		.4byte	0x92
ARM GAS  C:\Users\Ray\AppData\Local\Temp\ccQbescd.s 			page 2


  51 0004 0400     		.2byte	0x4
  52 0006 00000000 		.4byte	.Ldebug_abbrev0
  53 000a 04       		.byte	0x4
  54 000b 01       		.uleb128 0x1
  55 000c F3000000 		.4byte	.LASF9
  56 0010 0C       		.byte	0xc
  57 0011 9C010000 		.4byte	.LASF10
  58 0015 2B000000 		.4byte	.LASF11
  59 0019 00000000 		.4byte	.Ldebug_ranges0+0
  60 001d 00000000 		.4byte	0
  61 0021 00000000 		.4byte	.Ldebug_line0
  62 0025 02       		.uleb128 0x2
  63 0026 01       		.byte	0x1
  64 0027 06       		.byte	0x6
  65 0028 1F000000 		.4byte	.LASF0
  66 002c 02       		.uleb128 0x2
  67 002d 01       		.byte	0x1
  68 002e 08       		.byte	0x8
  69 002f CE000000 		.4byte	.LASF1
  70 0033 02       		.uleb128 0x2
  71 0034 02       		.byte	0x2
  72 0035 05       		.byte	0x5
  73 0036 AD000000 		.4byte	.LASF2
  74 003a 02       		.uleb128 0x2
  75 003b 02       		.byte	0x2
  76 003c 07       		.byte	0x7
  77 003d 9A000000 		.4byte	.LASF3
  78 0041 02       		.uleb128 0x2
  79 0042 04       		.byte	0x4
  80 0043 05       		.byte	0x5
  81 0044 DC000000 		.4byte	.LASF4
  82 0048 02       		.uleb128 0x2
  83 0049 04       		.byte	0x4
  84 004a 07       		.byte	0x7
  85 004b 0D000000 		.4byte	.LASF5
  86 004f 02       		.uleb128 0x2
  87 0050 08       		.byte	0x8
  88 0051 05       		.byte	0x5
  89 0052 E5000000 		.4byte	.LASF6
  90 0056 02       		.uleb128 0x2
  91 0057 08       		.byte	0x8
  92 0058 07       		.byte	0x7
  93 0059 B7000000 		.4byte	.LASF7
  94 005d 03       		.uleb128 0x3
  95 005e 04       		.byte	0x4
  96 005f 05       		.byte	0x5
  97 0060 696E7400 		.ascii	"int\000"
  98 0064 02       		.uleb128 0x2
  99 0065 04       		.byte	0x4
 100 0066 07       		.byte	0x7
 101 0067 00000000 		.4byte	.LASF8
 102 006b 04       		.uleb128 0x4
 103 006c 81010000 		.4byte	.LASF12
 104 0070 01       		.byte	0x1
 105 0071 04       		.byte	0x4
 106 0072 00000000 		.4byte	.LFB0
 107 0076 08000000 		.4byte	.LFE0-.LFB0
ARM GAS  C:\Users\Ray\AppData\Local\Temp\ccQbescd.s 			page 3


 108 007a 01       		.uleb128 0x1
 109 007b 9C       		.byte	0x9c
 110 007c 8A000000 		.4byte	0x8a
 111 0080 05       		.uleb128 0x5
 112 0081 06000000 		.4byte	.LVL0
 113 0085 8A000000 		.4byte	0x8a
 114 0089 00       		.byte	0
 115 008a 06       		.uleb128 0x6
 116 008b 90010000 		.4byte	.LASF13
 117 008f 90010000 		.4byte	.LASF13
 118 0093 02       		.byte	0x2
 119 0094 0E       		.byte	0xe
 120 0095 00       		.byte	0
 121              		.section	.debug_abbrev,"",%progbits
 122              	.Ldebug_abbrev0:
 123 0000 01       		.uleb128 0x1
 124 0001 11       		.uleb128 0x11
 125 0002 01       		.byte	0x1
 126 0003 25       		.uleb128 0x25
 127 0004 0E       		.uleb128 0xe
 128 0005 13       		.uleb128 0x13
 129 0006 0B       		.uleb128 0xb
 130 0007 03       		.uleb128 0x3
 131 0008 0E       		.uleb128 0xe
 132 0009 1B       		.uleb128 0x1b
 133 000a 0E       		.uleb128 0xe
 134 000b 55       		.uleb128 0x55
 135 000c 17       		.uleb128 0x17
 136 000d 11       		.uleb128 0x11
 137 000e 01       		.uleb128 0x1
 138 000f 10       		.uleb128 0x10
 139 0010 17       		.uleb128 0x17
 140 0011 00       		.byte	0
 141 0012 00       		.byte	0
 142 0013 02       		.uleb128 0x2
 143 0014 24       		.uleb128 0x24
 144 0015 00       		.byte	0
 145 0016 0B       		.uleb128 0xb
 146 0017 0B       		.uleb128 0xb
 147 0018 3E       		.uleb128 0x3e
 148 0019 0B       		.uleb128 0xb
 149 001a 03       		.uleb128 0x3
 150 001b 0E       		.uleb128 0xe
 151 001c 00       		.byte	0
 152 001d 00       		.byte	0
 153 001e 03       		.uleb128 0x3
 154 001f 24       		.uleb128 0x24
 155 0020 00       		.byte	0
 156 0021 0B       		.uleb128 0xb
 157 0022 0B       		.uleb128 0xb
 158 0023 3E       		.uleb128 0x3e
 159 0024 0B       		.uleb128 0xb
 160 0025 03       		.uleb128 0x3
 161 0026 08       		.uleb128 0x8
 162 0027 00       		.byte	0
 163 0028 00       		.byte	0
 164 0029 04       		.uleb128 0x4
ARM GAS  C:\Users\Ray\AppData\Local\Temp\ccQbescd.s 			page 4


 165 002a 2E       		.uleb128 0x2e
 166 002b 01       		.byte	0x1
 167 002c 3F       		.uleb128 0x3f
 168 002d 19       		.uleb128 0x19
 169 002e 03       		.uleb128 0x3
 170 002f 0E       		.uleb128 0xe
 171 0030 3A       		.uleb128 0x3a
 172 0031 0B       		.uleb128 0xb
 173 0032 3B       		.uleb128 0x3b
 174 0033 0B       		.uleb128 0xb
 175 0034 27       		.uleb128 0x27
 176 0035 19       		.uleb128 0x19
 177 0036 11       		.uleb128 0x11
 178 0037 01       		.uleb128 0x1
 179 0038 12       		.uleb128 0x12
 180 0039 06       		.uleb128 0x6
 181 003a 40       		.uleb128 0x40
 182 003b 18       		.uleb128 0x18
 183 003c 9742     		.uleb128 0x2117
 184 003e 19       		.uleb128 0x19
 185 003f 01       		.uleb128 0x1
 186 0040 13       		.uleb128 0x13
 187 0041 00       		.byte	0
 188 0042 00       		.byte	0
 189 0043 05       		.uleb128 0x5
 190 0044 898201   		.uleb128 0x4109
 191 0047 00       		.byte	0
 192 0048 11       		.uleb128 0x11
 193 0049 01       		.uleb128 0x1
 194 004a 31       		.uleb128 0x31
 195 004b 13       		.uleb128 0x13
 196 004c 00       		.byte	0
 197 004d 00       		.byte	0
 198 004e 06       		.uleb128 0x6
 199 004f 2E       		.uleb128 0x2e
 200 0050 00       		.byte	0
 201 0051 3F       		.uleb128 0x3f
 202 0052 19       		.uleb128 0x19
 203 0053 3C       		.uleb128 0x3c
 204 0054 19       		.uleb128 0x19
 205 0055 6E       		.uleb128 0x6e
 206 0056 0E       		.uleb128 0xe
 207 0057 03       		.uleb128 0x3
 208 0058 0E       		.uleb128 0xe
 209 0059 3A       		.uleb128 0x3a
 210 005a 0B       		.uleb128 0xb
 211 005b 3B       		.uleb128 0x3b
 212 005c 0B       		.uleb128 0xb
 213 005d 00       		.byte	0
 214 005e 00       		.byte	0
 215 005f 00       		.byte	0
 216              		.section	.debug_aranges,"",%progbits
 217 0000 1C000000 		.4byte	0x1c
 218 0004 0200     		.2byte	0x2
 219 0006 00000000 		.4byte	.Ldebug_info0
 220 000a 04       		.byte	0x4
 221 000b 00       		.byte	0
ARM GAS  C:\Users\Ray\AppData\Local\Temp\ccQbescd.s 			page 5


 222 000c 0000     		.2byte	0
 223 000e 0000     		.2byte	0
 224 0010 00000000 		.4byte	.LFB0
 225 0014 08000000 		.4byte	.LFE0-.LFB0
 226 0018 00000000 		.4byte	0
 227 001c 00000000 		.4byte	0
 228              		.section	.debug_ranges,"",%progbits
 229              	.Ldebug_ranges0:
 230 0000 00000000 		.4byte	.LFB0
 231 0004 08000000 		.4byte	.LFE0
 232 0008 00000000 		.4byte	0
 233 000c 00000000 		.4byte	0
 234              		.section	.debug_line,"",%progbits
 235              	.Ldebug_line0:
 236 0000 73000000 		.section	.debug_str,"MS",%progbits,1
 236      02005E00 
 236      00000201 
 236      FB0E0D00 
 236      01010101 
 237              	.LASF8:
 238 0000 756E7369 		.ascii	"unsigned int\000"
 238      676E6564 
 238      20696E74 
 238      00
 239              	.LASF5:
 240 000d 6C6F6E67 		.ascii	"long unsigned int\000"
 240      20756E73 
 240      69676E65 
 240      6420696E 
 240      7400
 241              	.LASF0:
 242 001f 7369676E 		.ascii	"signed char\000"
 242      65642063 
 242      68617200 
 243              	.LASF11:
 244 002b 5C5C5642 		.ascii	"\\\\VBOXSVR\\raywang\\Dropbox (MIT)\\CTFs\\eCTF\\20"
 244      4F585356 
 244      525C7261 
 244      7977616E 
 244      675C4472 
 245 0057 31382D65 		.ascii	"18-ectf-milestones-demo\\Milestones Demo Workspace\\"
 245      6374662D 
 245      6D696C65 
 245      73746F6E 
 245      65732D64 
 246 0089 7374726F 		.ascii	"strong-arm.cylib\000"
 246      6E672D61 
 246      726D2E63 
 246      796C6962 
 246      00
 247              	.LASF3:
 248 009a 73686F72 		.ascii	"short unsigned int\000"
 248      7420756E 
 248      7369676E 
 248      65642069 
 248      6E7400
 249              	.LASF2:
ARM GAS  C:\Users\Ray\AppData\Local\Temp\ccQbescd.s 			page 6


 250 00ad 73686F72 		.ascii	"short int\000"
 250      7420696E 
 250      7400
 251              	.LASF7:
 252 00b7 6C6F6E67 		.ascii	"long long unsigned int\000"
 252      206C6F6E 
 252      6720756E 
 252      7369676E 
 252      65642069 
 253              	.LASF1:
 254 00ce 756E7369 		.ascii	"unsigned char\000"
 254      676E6564 
 254      20636861 
 254      7200
 255              	.LASF4:
 256 00dc 6C6F6E67 		.ascii	"long int\000"
 256      20696E74 
 256      00
 257              	.LASF6:
 258 00e5 6C6F6E67 		.ascii	"long long int\000"
 258      206C6F6E 
 258      6720696E 
 258      7400
 259              	.LASF9:
 260 00f3 474E5520 		.ascii	"GNU C11 5.4.1 20160609 (release) [ARM/embedded-5-br"
 260      43313120 
 260      352E342E 
 260      31203230 
 260      31363036 
 261 0126 616E6368 		.ascii	"anch revision 237715] -mcpu=cortex-m0 -mthumb -g -O"
 261      20726576 
 261      6973696F 
 261      6E203233 
 261      37373135 
 262 0159 67202D66 		.ascii	"g -ffunction-sections -ffat-lto-objects\000"
 262      66756E63 
 262      74696F6E 
 262      2D736563 
 262      74696F6E 
 263              	.LASF12:
 264 0181 7374726F 		.ascii	"strongarm_init\000"
 264      6E676172 
 264      6D5F696E 
 264      697400
 265              	.LASF13:
 266 0190 72616E64 		.ascii	"random_init\000"
 266      6F6D5F69 
 266      6E697400 
 267              	.LASF10:
 268 019c 7374726F 		.ascii	"strong-arm\\src\\strong-arm.c\000"
 268      6E672D61 
 268      726D5C73 
 268      72635C73 
 268      74726F6E 
 269              		.ident	"GCC: (GNU Tools for ARM Embedded Processors) 5.4.1 20160609 (release) [ARM/embedded-5-bran
