ARM GAS  C:\Users\Ray\AppData\Local\Temp\cc9Fg5wi.s 			page 1


   1              		.syntax unified
   2              		.cpu cortex-m0
   3              		.fpu softvfp
   4              		.eabi_attribute 20, 1
   5              		.eabi_attribute 21, 1
   6              		.eabi_attribute 23, 3
   7              		.eabi_attribute 24, 1
   8              		.eabi_attribute 25, 1
   9              		.eabi_attribute 26, 1
  10              		.eabi_attribute 30, 1
  11              		.eabi_attribute 34, 0
  12              		.eabi_attribute 18, 4
  13              		.thumb
  14              		.syntax unified
  15              		.file	"utils.c"
  16              		.text
  17              	.Ltext0:
  18              		.cfi_sections	.debug_frame
  19              		.section	.text.secure_memset,"ax",%progbits
  20              		.align	2
  21              		.global	secure_memset
  22              		.code	16
  23              		.thumb_func
  24              		.type	secure_memset, %function
  25              	secure_memset:
  26              	.LFB0:
  27              		.file 1 "strong-arm\\src\\utils.c"
   1:strong-arm\src/utils.c **** #include <strong-arm/utils.h>
   2:strong-arm\src/utils.c **** 
   3:strong-arm\src/utils.c **** 
   4:strong-arm\src/utils.c **** /* This is needed until C11's memset_c becomes more prevalent. */
   5:strong-arm\src/utils.c **** void secure_memset (void *b, int c, size_t len)
   6:strong-arm\src/utils.c **** {
  28              		.loc 1 6 0
  29              		.cfi_startproc
  30              		@ args = 0, pretend = 0, frame = 0
  31              		@ frame_needed = 0, uses_anonymous_args = 0
  32              		@ link register save eliminated.
  33              	.LVL0:
   7:strong-arm\src/utils.c **** 	if (b == NULL) return;
  34              		.loc 1 7 0
  35 0000 0028     		cmp	r0, #0
  36 0002 04D1     		bne	.L3
  37 0004 06E0     		b	.L1
  38              	.LVL1:
  39              	.L4:
   8:strong-arm\src/utils.c **** 
   9:strong-arm\src/utils.c **** 	volatile unsigned char *p = b;
  10:strong-arm\src/utils.c **** 
  11:strong-arm\src/utils.c **** 	while (len--)
  12:strong-arm\src/utils.c **** 	{
  13:strong-arm\src/utils.c **** 		*p++ = c;
  40              		.loc 1 13 0
  41 0006 CAB2     		uxtb	r2, r1
  42 0008 0270     		strb	r2, [r0]
  11:strong-arm\src/utils.c **** 	{
  43              		.loc 1 11 0
ARM GAS  C:\Users\Ray\AppData\Local\Temp\cc9Fg5wi.s 			page 2


  44 000a 1A00     		movs	r2, r3
  45              		.loc 1 13 0
  46 000c 0130     		adds	r0, r0, #1
  47              	.LVL2:
  48              	.L3:
  11:strong-arm\src/utils.c **** 	{
  49              		.loc 1 11 0
  50 000e 531E     		subs	r3, r2, #1
  51              	.LVL3:
  52 0010 002A     		cmp	r2, #0
  53 0012 F8D1     		bne	.L4
  54              	.LVL4:
  55              	.L1:
  14:strong-arm\src/utils.c **** 	}
  15:strong-arm\src/utils.c **** }
  56              		.loc 1 15 0
  57              		@ sp needed
  58 0014 7047     		bx	lr
  59              		.cfi_endproc
  60              	.LFE0:
  61              		.size	secure_memset, .-secure_memset
  62 0016 C046     		.text
  63              	.Letext0:
  64              		.file 2 "c:\\program files (x86)\\cypress\\psoc creator\\4.1\\psoc creator\\import\\gnu\\arm\\5.4.
  65              		.section	.debug_info,"",%progbits
  66              	.Ldebug_info0:
  67 0000 A7000000 		.4byte	0xa7
  68 0004 0400     		.2byte	0x4
  69 0006 00000000 		.4byte	.Ldebug_abbrev0
  70 000a 04       		.byte	0x4
  71 000b 01       		.uleb128 0x1
  72 000c B9000000 		.4byte	.LASF4
  73 0010 0C       		.byte	0xc
  74 0011 47010000 		.4byte	.LASF5
  75 0015 14000000 		.4byte	.LASF6
  76 0019 00000000 		.4byte	.Ldebug_ranges0+0
  77 001d 00000000 		.4byte	0
  78 0021 00000000 		.4byte	.Ldebug_line0
  79 0025 02       		.uleb128 0x2
  80 0026 04       		.byte	0x4
  81 0027 05       		.byte	0x5
  82 0028 696E7400 		.ascii	"int\000"
  83 002c 03       		.uleb128 0x3
  84 002d 0D000000 		.4byte	.LASF7
  85 0031 02       		.byte	0x2
  86 0032 D8       		.byte	0xd8
  87 0033 37000000 		.4byte	0x37
  88 0037 04       		.uleb128 0x4
  89 0038 04       		.byte	0x4
  90 0039 07       		.byte	0x7
  91 003a 00000000 		.4byte	.LASF0
  92 003e 04       		.uleb128 0x4
  93 003f 08       		.byte	0x8
  94 0040 05       		.byte	0x5
  95 0041 AB000000 		.4byte	.LASF1
  96 0045 04       		.uleb128 0x4
  97 0046 08       		.byte	0x8
ARM GAS  C:\Users\Ray\AppData\Local\Temp\cc9Fg5wi.s 			page 3


  98 0047 04       		.byte	0x4
  99 0048 9F000000 		.4byte	.LASF2
 100 004c 05       		.uleb128 0x5
 101 004d 83000000 		.4byte	.LASF8
 102 0051 01       		.byte	0x1
 103 0052 05       		.byte	0x5
 104 0053 00000000 		.4byte	.LFB0
 105 0057 16000000 		.4byte	.LFE0-.LFB0
 106 005b 01       		.uleb128 0x1
 107 005c 9C       		.byte	0x9c
 108 005d 96000000 		.4byte	0x96
 109 0061 06       		.uleb128 0x6
 110 0062 6200     		.ascii	"b\000"
 111 0064 01       		.byte	0x1
 112 0065 05       		.byte	0x5
 113 0066 96000000 		.4byte	0x96
 114 006a 00000000 		.4byte	.LLST0
 115 006e 07       		.uleb128 0x7
 116 006f 6300     		.ascii	"c\000"
 117 0071 01       		.byte	0x1
 118 0072 05       		.byte	0x5
 119 0073 25000000 		.4byte	0x25
 120 0077 01       		.uleb128 0x1
 121 0078 51       		.byte	0x51
 122 0079 06       		.uleb128 0x6
 123 007a 6C656E00 		.ascii	"len\000"
 124 007e 01       		.byte	0x1
 125 007f 05       		.byte	0x5
 126 0080 2C000000 		.4byte	0x2c
 127 0084 21000000 		.4byte	.LLST1
 128 0088 08       		.uleb128 0x8
 129 0089 7000     		.ascii	"p\000"
 130 008b 01       		.byte	0x1
 131 008c 09       		.byte	0x9
 132 008d 98000000 		.4byte	0x98
 133 0091 55000000 		.4byte	.LLST2
 134 0095 00       		.byte	0
 135 0096 09       		.uleb128 0x9
 136 0097 04       		.byte	0x4
 137 0098 0A       		.uleb128 0xa
 138 0099 04       		.byte	0x4
 139 009a A5000000 		.4byte	0xa5
 140 009e 04       		.uleb128 0x4
 141 009f 01       		.byte	0x1
 142 00a0 08       		.byte	0x8
 143 00a1 91000000 		.4byte	.LASF3
 144 00a5 0B       		.uleb128 0xb
 145 00a6 9E000000 		.4byte	0x9e
 146 00aa 00       		.byte	0
 147              		.section	.debug_abbrev,"",%progbits
 148              	.Ldebug_abbrev0:
 149 0000 01       		.uleb128 0x1
 150 0001 11       		.uleb128 0x11
 151 0002 01       		.byte	0x1
 152 0003 25       		.uleb128 0x25
 153 0004 0E       		.uleb128 0xe
 154 0005 13       		.uleb128 0x13
ARM GAS  C:\Users\Ray\AppData\Local\Temp\cc9Fg5wi.s 			page 4


 155 0006 0B       		.uleb128 0xb
 156 0007 03       		.uleb128 0x3
 157 0008 0E       		.uleb128 0xe
 158 0009 1B       		.uleb128 0x1b
 159 000a 0E       		.uleb128 0xe
 160 000b 55       		.uleb128 0x55
 161 000c 17       		.uleb128 0x17
 162 000d 11       		.uleb128 0x11
 163 000e 01       		.uleb128 0x1
 164 000f 10       		.uleb128 0x10
 165 0010 17       		.uleb128 0x17
 166 0011 00       		.byte	0
 167 0012 00       		.byte	0
 168 0013 02       		.uleb128 0x2
 169 0014 24       		.uleb128 0x24
 170 0015 00       		.byte	0
 171 0016 0B       		.uleb128 0xb
 172 0017 0B       		.uleb128 0xb
 173 0018 3E       		.uleb128 0x3e
 174 0019 0B       		.uleb128 0xb
 175 001a 03       		.uleb128 0x3
 176 001b 08       		.uleb128 0x8
 177 001c 00       		.byte	0
 178 001d 00       		.byte	0
 179 001e 03       		.uleb128 0x3
 180 001f 16       		.uleb128 0x16
 181 0020 00       		.byte	0
 182 0021 03       		.uleb128 0x3
 183 0022 0E       		.uleb128 0xe
 184 0023 3A       		.uleb128 0x3a
 185 0024 0B       		.uleb128 0xb
 186 0025 3B       		.uleb128 0x3b
 187 0026 0B       		.uleb128 0xb
 188 0027 49       		.uleb128 0x49
 189 0028 13       		.uleb128 0x13
 190 0029 00       		.byte	0
 191 002a 00       		.byte	0
 192 002b 04       		.uleb128 0x4
 193 002c 24       		.uleb128 0x24
 194 002d 00       		.byte	0
 195 002e 0B       		.uleb128 0xb
 196 002f 0B       		.uleb128 0xb
 197 0030 3E       		.uleb128 0x3e
 198 0031 0B       		.uleb128 0xb
 199 0032 03       		.uleb128 0x3
 200 0033 0E       		.uleb128 0xe
 201 0034 00       		.byte	0
 202 0035 00       		.byte	0
 203 0036 05       		.uleb128 0x5
 204 0037 2E       		.uleb128 0x2e
 205 0038 01       		.byte	0x1
 206 0039 3F       		.uleb128 0x3f
 207 003a 19       		.uleb128 0x19
 208 003b 03       		.uleb128 0x3
 209 003c 0E       		.uleb128 0xe
 210 003d 3A       		.uleb128 0x3a
 211 003e 0B       		.uleb128 0xb
ARM GAS  C:\Users\Ray\AppData\Local\Temp\cc9Fg5wi.s 			page 5


 212 003f 3B       		.uleb128 0x3b
 213 0040 0B       		.uleb128 0xb
 214 0041 27       		.uleb128 0x27
 215 0042 19       		.uleb128 0x19
 216 0043 11       		.uleb128 0x11
 217 0044 01       		.uleb128 0x1
 218 0045 12       		.uleb128 0x12
 219 0046 06       		.uleb128 0x6
 220 0047 40       		.uleb128 0x40
 221 0048 18       		.uleb128 0x18
 222 0049 9742     		.uleb128 0x2117
 223 004b 19       		.uleb128 0x19
 224 004c 01       		.uleb128 0x1
 225 004d 13       		.uleb128 0x13
 226 004e 00       		.byte	0
 227 004f 00       		.byte	0
 228 0050 06       		.uleb128 0x6
 229 0051 05       		.uleb128 0x5
 230 0052 00       		.byte	0
 231 0053 03       		.uleb128 0x3
 232 0054 08       		.uleb128 0x8
 233 0055 3A       		.uleb128 0x3a
 234 0056 0B       		.uleb128 0xb
 235 0057 3B       		.uleb128 0x3b
 236 0058 0B       		.uleb128 0xb
 237 0059 49       		.uleb128 0x49
 238 005a 13       		.uleb128 0x13
 239 005b 02       		.uleb128 0x2
 240 005c 17       		.uleb128 0x17
 241 005d 00       		.byte	0
 242 005e 00       		.byte	0
 243 005f 07       		.uleb128 0x7
 244 0060 05       		.uleb128 0x5
 245 0061 00       		.byte	0
 246 0062 03       		.uleb128 0x3
 247 0063 08       		.uleb128 0x8
 248 0064 3A       		.uleb128 0x3a
 249 0065 0B       		.uleb128 0xb
 250 0066 3B       		.uleb128 0x3b
 251 0067 0B       		.uleb128 0xb
 252 0068 49       		.uleb128 0x49
 253 0069 13       		.uleb128 0x13
 254 006a 02       		.uleb128 0x2
 255 006b 18       		.uleb128 0x18
 256 006c 00       		.byte	0
 257 006d 00       		.byte	0
 258 006e 08       		.uleb128 0x8
 259 006f 34       		.uleb128 0x34
 260 0070 00       		.byte	0
 261 0071 03       		.uleb128 0x3
 262 0072 08       		.uleb128 0x8
 263 0073 3A       		.uleb128 0x3a
 264 0074 0B       		.uleb128 0xb
 265 0075 3B       		.uleb128 0x3b
 266 0076 0B       		.uleb128 0xb
 267 0077 49       		.uleb128 0x49
 268 0078 13       		.uleb128 0x13
ARM GAS  C:\Users\Ray\AppData\Local\Temp\cc9Fg5wi.s 			page 6


 269 0079 02       		.uleb128 0x2
 270 007a 17       		.uleb128 0x17
 271 007b 00       		.byte	0
 272 007c 00       		.byte	0
 273 007d 09       		.uleb128 0x9
 274 007e 0F       		.uleb128 0xf
 275 007f 00       		.byte	0
 276 0080 0B       		.uleb128 0xb
 277 0081 0B       		.uleb128 0xb
 278 0082 00       		.byte	0
 279 0083 00       		.byte	0
 280 0084 0A       		.uleb128 0xa
 281 0085 0F       		.uleb128 0xf
 282 0086 00       		.byte	0
 283 0087 0B       		.uleb128 0xb
 284 0088 0B       		.uleb128 0xb
 285 0089 49       		.uleb128 0x49
 286 008a 13       		.uleb128 0x13
 287 008b 00       		.byte	0
 288 008c 00       		.byte	0
 289 008d 0B       		.uleb128 0xb
 290 008e 35       		.uleb128 0x35
 291 008f 00       		.byte	0
 292 0090 49       		.uleb128 0x49
 293 0091 13       		.uleb128 0x13
 294 0092 00       		.byte	0
 295 0093 00       		.byte	0
 296 0094 00       		.byte	0
 297              		.section	.debug_loc,"",%progbits
 298              	.Ldebug_loc0:
 299              	.LLST0:
 300 0000 00000000 		.4byte	.LVL0
 301 0004 06000000 		.4byte	.LVL1
 302 0008 0100     		.2byte	0x1
 303 000a 50       		.byte	0x50
 304 000b 06000000 		.4byte	.LVL1
 305 000f 16000000 		.4byte	.LFE0
 306 0013 0400     		.2byte	0x4
 307 0015 F3       		.byte	0xf3
 308 0016 01       		.uleb128 0x1
 309 0017 50       		.byte	0x50
 310 0018 9F       		.byte	0x9f
 311 0019 00000000 		.4byte	0
 312 001d 00000000 		.4byte	0
 313              	.LLST1:
 314 0021 00000000 		.4byte	.LVL0
 315 0025 06000000 		.4byte	.LVL1
 316 0029 0100     		.2byte	0x1
 317 002b 52       		.byte	0x52
 318 002c 06000000 		.4byte	.LVL1
 319 0030 0E000000 		.4byte	.LVL2
 320 0034 0100     		.2byte	0x1
 321 0036 53       		.byte	0x53
 322 0037 0E000000 		.4byte	.LVL2
 323 003b 10000000 		.4byte	.LVL3
 324 003f 0100     		.2byte	0x1
 325 0041 52       		.byte	0x52
ARM GAS  C:\Users\Ray\AppData\Local\Temp\cc9Fg5wi.s 			page 7


 326 0042 10000000 		.4byte	.LVL3
 327 0046 14000000 		.4byte	.LVL4
 328 004a 0100     		.2byte	0x1
 329 004c 53       		.byte	0x53
 330 004d 00000000 		.4byte	0
 331 0051 00000000 		.4byte	0
 332              	.LLST2:
 333 0055 06000000 		.4byte	.LVL1
 334 0059 0E000000 		.4byte	.LVL2
 335 005d 0300     		.2byte	0x3
 336 005f 70       		.byte	0x70
 337 0060 01       		.sleb128 1
 338 0061 9F       		.byte	0x9f
 339 0062 0E000000 		.4byte	.LVL2
 340 0066 14000000 		.4byte	.LVL4
 341 006a 0100     		.2byte	0x1
 342 006c 50       		.byte	0x50
 343 006d 00000000 		.4byte	0
 344 0071 00000000 		.4byte	0
 345              		.section	.debug_aranges,"",%progbits
 346 0000 1C000000 		.4byte	0x1c
 347 0004 0200     		.2byte	0x2
 348 0006 00000000 		.4byte	.Ldebug_info0
 349 000a 04       		.byte	0x4
 350 000b 00       		.byte	0
 351 000c 0000     		.2byte	0
 352 000e 0000     		.2byte	0
 353 0010 00000000 		.4byte	.LFB0
 354 0014 16000000 		.4byte	.LFE0-.LFB0
 355 0018 00000000 		.4byte	0
 356 001c 00000000 		.4byte	0
 357              		.section	.debug_ranges,"",%progbits
 358              	.Ldebug_ranges0:
 359 0000 00000000 		.4byte	.LFB0
 360 0004 16000000 		.4byte	.LFE0
 361 0008 00000000 		.4byte	0
 362 000c 00000000 		.4byte	0
 363              		.section	.debug_line,"",%progbits
 364              	.Ldebug_line0:
 365 0000 C8000000 		.section	.debug_str,"MS",%progbits,1
 365      0200AF00 
 365      00000201 
 365      FB0E0D00 
 365      01010101 
 366              	.LASF0:
 367 0000 756E7369 		.ascii	"unsigned int\000"
 367      676E6564 
 367      20696E74 
 367      00
 368              	.LASF7:
 369 000d 73697A65 		.ascii	"size_t\000"
 369      5F7400
 370              	.LASF6:
 371 0014 5C5C5642 		.ascii	"\\\\VBOXSVR\\raywang\\Dropbox (MIT)\\CTFs\\eCTF\\20"
 371      4F585356 
 371      525C7261 
 371      7977616E 
ARM GAS  C:\Users\Ray\AppData\Local\Temp\cc9Fg5wi.s 			page 8


 371      675C4472 
 372 0040 31382D65 		.ascii	"18-ectf-milestones-demo\\Milestones Demo Workspace\\"
 372      6374662D 
 372      6D696C65 
 372      73746F6E 
 372      65732D64 
 373 0072 7374726F 		.ascii	"strong-arm.cylib\000"
 373      6E672D61 
 373      726D2E63 
 373      796C6962 
 373      00
 374              	.LASF8:
 375 0083 73656375 		.ascii	"secure_memset\000"
 375      72655F6D 
 375      656D7365 
 375      7400
 376              	.LASF3:
 377 0091 756E7369 		.ascii	"unsigned char\000"
 377      676E6564 
 377      20636861 
 377      7200
 378              	.LASF2:
 379 009f 6C6F6E67 		.ascii	"long double\000"
 379      20646F75 
 379      626C6500 
 380              	.LASF1:
 381 00ab 6C6F6E67 		.ascii	"long long int\000"
 381      206C6F6E 
 381      6720696E 
 381      7400
 382              	.LASF4:
 383 00b9 474E5520 		.ascii	"GNU C11 5.4.1 20160609 (release) [ARM/embedded-5-br"
 383      43313120 
 383      352E342E 
 383      31203230 
 383      31363036 
 384 00ec 616E6368 		.ascii	"anch revision 237715] -mcpu=cortex-m0 -mthumb -g -O"
 384      20726576 
 384      6973696F 
 384      6E203233 
 384      37373135 
 385 011f 67202D66 		.ascii	"g -ffunction-sections -ffat-lto-objects\000"
 385      66756E63 
 385      74696F6E 
 385      2D736563 
 385      74696F6E 
 386              	.LASF5:
 387 0147 7374726F 		.ascii	"strong-arm\\src\\utils.c\000"
 387      6E672D61 
 387      726D5C73 
 387      72635C75 
 387      74696C73 
 388              		.ident	"GCC: (GNU Tools for ARM Embedded Processors) 5.4.1 20160609 (release) [ARM/embedded-5-bran
