ARM GAS  C:\Users\Ray\AppData\Local\Temp\ccL2yTiy.s 			page 1


   1              		.syntax unified
   2              		.cpu cortex-m0
   3              		.fpu softvfp
   4              		.eabi_attribute 20, 1
   5              		.eabi_attribute 21, 1
   6              		.eabi_attribute 23, 3
   7              		.eabi_attribute 24, 1
   8              		.eabi_attribute 25, 1
   9              		.eabi_attribute 26, 1
  10              		.eabi_attribute 30, 1
  11              		.eabi_attribute 34, 0
  12              		.eabi_attribute 18, 4
  13              		.thumb
  14              		.syntax unified
  15              		.file	"util.c"
  16              		.text
  17              	.Ltext0:
  18              		.cfi_sections	.debug_frame
  19              		.section	.text.error_state,"ax",%progbits
  20              		.align	2
  21              		.global	error_state
  22              		.code	16
  23              		.thumb_func
  24              		.type	error_state, %function
  25              	error_state:
  26              	.LFB0:
  27              		.file 1 "strong-arm\\src\\private\\util.c"
   1:strong-arm\src\private/util.c **** #include "util.h"
   2:strong-arm\src\private/util.c **** 
   3:strong-arm\src\private/util.c **** #ifdef TARGET_STM32F4
   4:strong-arm\src\private/util.c **** 	#include <stm32f4xx.h>
   5:strong-arm\src\private/util.c **** #endif
   6:strong-arm\src\private/util.c **** 
   7:strong-arm\src\private/util.c **** 
   8:strong-arm\src\private/util.c **** // TODO: Go into low power mode, blink LED? Maybe even poweroff?
   9:strong-arm\src\private/util.c **** void error_state (void)
  10:strong-arm\src\private/util.c **** {
  28              		.loc 1 10 0
  29              		.cfi_startproc
  30              		@ Volatile: function does not return.
  31              		@ args = 0, pretend = 0, frame = 0
  32              		@ frame_needed = 0, uses_anonymous_args = 0
  33              		@ link register save eliminated.
  34              	.L2:
  35 0000 FEE7     		b	.L2
  36              		.cfi_endproc
  37              	.LFE0:
  38              		.size	error_state, .-error_state
  39 0002 C046     		.section	.text.blog2,"ax",%progbits
  40              		.align	2
  41              		.global	blog2
  42              		.code	16
  43              		.thumb_func
  44              		.type	blog2, %function
  45              	blog2:
  46              	.LFB1:
  11:strong-arm\src\private/util.c **** 	// Disable interrupts
ARM GAS  C:\Users\Ray\AppData\Local\Temp\ccL2yTiy.s 			page 2


  12:strong-arm\src\private/util.c **** #ifdef TARGET_STM32F4
  13:strong-arm\src\private/util.c **** 	__disable_irq ();
  14:strong-arm\src\private/util.c **** #endif
  15:strong-arm\src\private/util.c **** 
  16:strong-arm\src\private/util.c **** 	while (1)
  17:strong-arm\src\private/util.c **** 	{
  18:strong-arm\src\private/util.c **** 	}
  19:strong-arm\src\private/util.c **** }
  20:strong-arm\src\private/util.c **** 
  21:strong-arm\src\private/util.c **** uint32_t blog2 (uint32_t a)
  22:strong-arm\src\private/util.c **** {
  47              		.loc 1 22 0
  48              		.cfi_startproc
  49              		@ args = 0, pretend = 0, frame = 40
  50              		@ frame_needed = 0, uses_anonymous_args = 0
  51              	.LVL0:
  52              		.loc 1 22 0
  53 0000 70B5     		push	{r4, r5, r6, lr}
  54              		.cfi_def_cfa_offset 16
  55              		.cfi_offset 4, -16
  56              		.cfi_offset 5, -12
  57              		.cfi_offset 6, -8
  58              		.cfi_offset 14, -4
  59 0002 8AB0     		sub	sp, sp, #40
  60              		.cfi_def_cfa_offset 56
  61 0004 0100     		movs	r1, r0
  23:strong-arm\src\private/util.c **** 	const uint32_t b[] = {0x2, 0xC, 0xF0, 0xFF00, 0xFFFF0000};
  62              		.loc 1 23 0
  63 0006 05AC     		add	r4, sp, #20
  64 0008 0F4B     		ldr	r3, .L7
  65 000a 2200     		movs	r2, r4
  66 000c 1800     		movs	r0, r3
  67              	.LVL1:
  68 000e 70C8     		ldmia	r0!, {r4, r5, r6}
  69 0010 70C2     		stmia	r2!, {r4, r5, r6}
  70 0012 30C8     		ldmia	r0!, {r4, r5}
  71 0014 30C2     		stmia	r2!, {r4, r5}
  24:strong-arm\src\private/util.c **** 	const uint32_t S[] = {1, 2, 4, 8, 16};
  72              		.loc 1 24 0
  73 0016 6A46     		mov	r2, sp
  74 0018 1433     		adds	r3, r3, #20
  75 001a 31CB     		ldmia	r3!, {r0, r4, r5}
  76 001c 31C2     		stmia	r2!, {r0, r4, r5}
  77 001e 11CB     		ldmia	r3!, {r0, r4}
  78 0020 11C2     		stmia	r2!, {r0, r4}
  79              	.LVL2:
  80              	.LBB2:
  25:strong-arm\src\private/util.c **** 	uint32_t r = 0;
  26:strong-arm\src\private/util.c **** 
  27:strong-arm\src\private/util.c **** 	for (int i = 4; i >= 0; --i)
  81              		.loc 1 27 0
  82 0022 0423     		movs	r3, #4
  83              	.LBE2:
  25:strong-arm\src\private/util.c **** 	uint32_t r = 0;
  84              		.loc 1 25 0
  85 0024 0020     		movs	r0, #0
  86              	.LBB3:
ARM GAS  C:\Users\Ray\AppData\Local\Temp\ccL2yTiy.s 			page 3


  87              		.loc 1 27 0
  88 0026 0AE0     		b	.L4
  89              	.LVL3:
  90              	.L6:
  28:strong-arm\src\private/util.c **** 	{
  29:strong-arm\src\private/util.c **** 		if (a & b[i])
  91              		.loc 1 29 0
  92 0028 9A00     		lsls	r2, r3, #2
  93 002a 05AC     		add	r4, sp, #20
  94 002c 1259     		ldr	r2, [r2, r4]
  95 002e 0A42     		tst	r2, r1
  96 0030 04D0     		beq	.L5
  30:strong-arm\src\private/util.c **** 		{
  31:strong-arm\src\private/util.c **** 			a >>= S[i];
  97              		.loc 1 31 0
  98 0032 9A00     		lsls	r2, r3, #2
  99 0034 6C46     		mov	r4, sp
 100 0036 1259     		ldr	r2, [r2, r4]
 101 0038 D140     		lsrs	r1, r1, r2
 102              	.LVL4:
  32:strong-arm\src\private/util.c **** 			r |= S[i];
 103              		.loc 1 32 0
 104 003a 1043     		orrs	r0, r2
 105              	.LVL5:
 106              	.L5:
  27:strong-arm\src\private/util.c **** 	{
 107              		.loc 1 27 0 discriminator 2
 108 003c 013B     		subs	r3, r3, #1
 109              	.LVL6:
 110              	.L4:
  27:strong-arm\src\private/util.c **** 	{
 111              		.loc 1 27 0 is_stmt 0 discriminator 1
 112 003e 002B     		cmp	r3, #0
 113 0040 F2DA     		bge	.L6
 114              	.LBE3:
  33:strong-arm\src\private/util.c **** 		} 
  34:strong-arm\src\private/util.c **** 	}
  35:strong-arm\src\private/util.c **** 
  36:strong-arm\src\private/util.c **** 	return r;
  37:strong-arm\src\private/util.c **** }
 115              		.loc 1 37 0 is_stmt 1
 116 0042 0AB0     		add	sp, sp, #40
 117              		@ sp needed
 118 0044 70BD     		pop	{r4, r5, r6, pc}
 119              	.L8:
 120 0046 C046     		.align	2
 121              	.L7:
 122 0048 00000000 		.word	.LANCHOR0
 123              		.cfi_endproc
 124              	.LFE1:
 125              		.size	blog2, .-blog2
 126              		.section	.rodata
 127              		.align	2
 128              		.set	.LANCHOR0,. + 0
 129              	.LC0:
 130 0000 02000000 		.word	2
 131 0004 0C000000 		.word	12
ARM GAS  C:\Users\Ray\AppData\Local\Temp\ccL2yTiy.s 			page 4


 132 0008 F0000000 		.word	240
 133 000c 00FF0000 		.word	65280
 134 0010 0000FFFF 		.word	-65536
 135              	.LC1:
 136 0014 01000000 		.word	1
 137 0018 02000000 		.word	2
 138 001c 04000000 		.word	4
 139 0020 08000000 		.word	8
 140 0024 10000000 		.word	16
 141              		.text
 142              	.Letext0:
 143              		.file 2 "c:\\program files (x86)\\cypress\\psoc creator\\4.1\\psoc creator\\import\\gnu\\arm\\5.4.
 144              		.file 3 "c:\\program files (x86)\\cypress\\psoc creator\\4.1\\psoc creator\\import\\gnu\\arm\\5.4.
 145              		.section	.debug_info,"",%progbits
 146              	.Ldebug_info0:
 147 0000 14010000 		.4byte	0x114
 148 0004 0400     		.2byte	0x4
 149 0006 00000000 		.4byte	.Ldebug_abbrev0
 150 000a 04       		.byte	0x4
 151 000b 01       		.uleb128 0x1
 152 000c 70000000 		.4byte	.LASF12
 153 0010 0C       		.byte	0xc
 154 0011 07010000 		.4byte	.LASF13
 155 0015 2F010000 		.4byte	.LASF14
 156 0019 18000000 		.4byte	.Ldebug_ranges0+0x18
 157 001d 00000000 		.4byte	0
 158 0021 00000000 		.4byte	.Ldebug_line0
 159 0025 02       		.uleb128 0x2
 160 0026 01       		.byte	0x1
 161 0027 06       		.byte	0x6
 162 0028 BC010000 		.4byte	.LASF0
 163 002c 02       		.uleb128 0x2
 164 002d 01       		.byte	0x1
 165 002e 08       		.byte	0x8
 166 002f 0E000000 		.4byte	.LASF1
 167 0033 02       		.uleb128 0x2
 168 0034 02       		.byte	0x2
 169 0035 05       		.byte	0x5
 170 0036 25010000 		.4byte	.LASF2
 171 003a 02       		.uleb128 0x2
 172 003b 02       		.byte	0x2
 173 003c 07       		.byte	0x7
 174 003d 2E000000 		.4byte	.LASF3
 175 0041 02       		.uleb128 0x2
 176 0042 04       		.byte	0x4
 177 0043 05       		.byte	0x5
 178 0044 B3010000 		.4byte	.LASF4
 179 0048 03       		.uleb128 0x3
 180 0049 41000000 		.4byte	.LASF9
 181 004d 02       		.byte	0x2
 182 004e 41       		.byte	0x41
 183 004f 53000000 		.4byte	0x53
 184 0053 02       		.uleb128 0x2
 185 0054 04       		.byte	0x4
 186 0055 07       		.byte	0x7
 187 0056 1C000000 		.4byte	.LASF5
 188 005a 02       		.uleb128 0x2
ARM GAS  C:\Users\Ray\AppData\Local\Temp\ccL2yTiy.s 			page 5


 189 005b 08       		.byte	0x8
 190 005c 05       		.byte	0x5
 191 005d 00000000 		.4byte	.LASF6
 192 0061 02       		.uleb128 0x2
 193 0062 08       		.byte	0x8
 194 0063 07       		.byte	0x7
 195 0064 59000000 		.4byte	.LASF7
 196 0068 04       		.uleb128 0x4
 197 0069 04       		.byte	0x4
 198 006a 05       		.byte	0x5
 199 006b 696E7400 		.ascii	"int\000"
 200 006f 02       		.uleb128 0x2
 201 0070 04       		.byte	0x4
 202 0071 07       		.byte	0x7
 203 0072 4C000000 		.4byte	.LASF8
 204 0076 03       		.uleb128 0x3
 205 0077 AA010000 		.4byte	.LASF10
 206 007b 03       		.byte	0x3
 207 007c 30       		.byte	0x30
 208 007d 48000000 		.4byte	0x48
 209 0081 05       		.uleb128 0x5
 210 0082 9E010000 		.4byte	.LASF15
 211 0086 01       		.byte	0x1
 212 0087 09       		.byte	0x9
 213 0088 00000000 		.4byte	.LFB0
 214 008c 02000000 		.4byte	.LFE0-.LFB0
 215 0090 01       		.uleb128 0x1
 216 0091 9C       		.byte	0x9c
 217 0092 06       		.uleb128 0x6
 218 0093 C8010000 		.4byte	.LASF16
 219 0097 01       		.byte	0x1
 220 0098 15       		.byte	0x15
 221 0099 76000000 		.4byte	0x76
 222 009d 00000000 		.4byte	.LFB1
 223 00a1 4C000000 		.4byte	.LFE1-.LFB1
 224 00a5 01       		.uleb128 0x1
 225 00a6 9C       		.byte	0x9c
 226 00a7 F1000000 		.4byte	0xf1
 227 00ab 07       		.uleb128 0x7
 228 00ac 6100     		.ascii	"a\000"
 229 00ae 01       		.byte	0x1
 230 00af 15       		.byte	0x15
 231 00b0 76000000 		.4byte	0x76
 232 00b4 00000000 		.4byte	.LLST0
 233 00b8 08       		.uleb128 0x8
 234 00b9 6200     		.ascii	"b\000"
 235 00bb 01       		.byte	0x1
 236 00bc 17       		.byte	0x17
 237 00bd 0D010000 		.4byte	0x10d
 238 00c1 02       		.uleb128 0x2
 239 00c2 91       		.byte	0x91
 240 00c3 5C       		.sleb128 -36
 241 00c4 08       		.uleb128 0x8
 242 00c5 5300     		.ascii	"S\000"
 243 00c7 01       		.byte	0x1
 244 00c8 18       		.byte	0x18
 245 00c9 12010000 		.4byte	0x112
ARM GAS  C:\Users\Ray\AppData\Local\Temp\ccL2yTiy.s 			page 6


 246 00cd 02       		.uleb128 0x2
 247 00ce 91       		.byte	0x91
 248 00cf 48       		.sleb128 -56
 249 00d0 09       		.uleb128 0x9
 250 00d1 7200     		.ascii	"r\000"
 251 00d3 01       		.byte	0x1
 252 00d4 19       		.byte	0x19
 253 00d5 76000000 		.4byte	0x76
 254 00d9 1E000000 		.4byte	.LLST1
 255 00dd 0A       		.uleb128 0xa
 256 00de 00000000 		.4byte	.Ldebug_ranges0+0
 257 00e2 09       		.uleb128 0x9
 258 00e3 6900     		.ascii	"i\000"
 259 00e5 01       		.byte	0x1
 260 00e6 1B       		.byte	0x1b
 261 00e7 68000000 		.4byte	0x68
 262 00eb 3D000000 		.4byte	.LLST2
 263 00ef 00       		.byte	0
 264 00f0 00       		.byte	0
 265 00f1 0B       		.uleb128 0xb
 266 00f2 08010000 		.4byte	0x108
 267 00f6 01010000 		.4byte	0x101
 268 00fa 0C       		.uleb128 0xc
 269 00fb 01010000 		.4byte	0x101
 270 00ff 04       		.byte	0x4
 271 0100 00       		.byte	0
 272 0101 02       		.uleb128 0x2
 273 0102 04       		.byte	0x4
 274 0103 07       		.byte	0x7
 275 0104 FE000000 		.4byte	.LASF11
 276 0108 0D       		.uleb128 0xd
 277 0109 76000000 		.4byte	0x76
 278 010d 0D       		.uleb128 0xd
 279 010e F1000000 		.4byte	0xf1
 280 0112 0D       		.uleb128 0xd
 281 0113 F1000000 		.4byte	0xf1
 282 0117 00       		.byte	0
 283              		.section	.debug_abbrev,"",%progbits
 284              	.Ldebug_abbrev0:
 285 0000 01       		.uleb128 0x1
 286 0001 11       		.uleb128 0x11
 287 0002 01       		.byte	0x1
 288 0003 25       		.uleb128 0x25
 289 0004 0E       		.uleb128 0xe
 290 0005 13       		.uleb128 0x13
 291 0006 0B       		.uleb128 0xb
 292 0007 03       		.uleb128 0x3
 293 0008 0E       		.uleb128 0xe
 294 0009 1B       		.uleb128 0x1b
 295 000a 0E       		.uleb128 0xe
 296 000b 55       		.uleb128 0x55
 297 000c 17       		.uleb128 0x17
 298 000d 11       		.uleb128 0x11
 299 000e 01       		.uleb128 0x1
 300 000f 10       		.uleb128 0x10
 301 0010 17       		.uleb128 0x17
 302 0011 00       		.byte	0
ARM GAS  C:\Users\Ray\AppData\Local\Temp\ccL2yTiy.s 			page 7


 303 0012 00       		.byte	0
 304 0013 02       		.uleb128 0x2
 305 0014 24       		.uleb128 0x24
 306 0015 00       		.byte	0
 307 0016 0B       		.uleb128 0xb
 308 0017 0B       		.uleb128 0xb
 309 0018 3E       		.uleb128 0x3e
 310 0019 0B       		.uleb128 0xb
 311 001a 03       		.uleb128 0x3
 312 001b 0E       		.uleb128 0xe
 313 001c 00       		.byte	0
 314 001d 00       		.byte	0
 315 001e 03       		.uleb128 0x3
 316 001f 16       		.uleb128 0x16
 317 0020 00       		.byte	0
 318 0021 03       		.uleb128 0x3
 319 0022 0E       		.uleb128 0xe
 320 0023 3A       		.uleb128 0x3a
 321 0024 0B       		.uleb128 0xb
 322 0025 3B       		.uleb128 0x3b
 323 0026 0B       		.uleb128 0xb
 324 0027 49       		.uleb128 0x49
 325 0028 13       		.uleb128 0x13
 326 0029 00       		.byte	0
 327 002a 00       		.byte	0
 328 002b 04       		.uleb128 0x4
 329 002c 24       		.uleb128 0x24
 330 002d 00       		.byte	0
 331 002e 0B       		.uleb128 0xb
 332 002f 0B       		.uleb128 0xb
 333 0030 3E       		.uleb128 0x3e
 334 0031 0B       		.uleb128 0xb
 335 0032 03       		.uleb128 0x3
 336 0033 08       		.uleb128 0x8
 337 0034 00       		.byte	0
 338 0035 00       		.byte	0
 339 0036 05       		.uleb128 0x5
 340 0037 2E       		.uleb128 0x2e
 341 0038 00       		.byte	0
 342 0039 3F       		.uleb128 0x3f
 343 003a 19       		.uleb128 0x19
 344 003b 03       		.uleb128 0x3
 345 003c 0E       		.uleb128 0xe
 346 003d 3A       		.uleb128 0x3a
 347 003e 0B       		.uleb128 0xb
 348 003f 3B       		.uleb128 0x3b
 349 0040 0B       		.uleb128 0xb
 350 0041 27       		.uleb128 0x27
 351 0042 19       		.uleb128 0x19
 352 0043 8701     		.uleb128 0x87
 353 0045 19       		.uleb128 0x19
 354 0046 11       		.uleb128 0x11
 355 0047 01       		.uleb128 0x1
 356 0048 12       		.uleb128 0x12
 357 0049 06       		.uleb128 0x6
 358 004a 40       		.uleb128 0x40
 359 004b 18       		.uleb128 0x18
ARM GAS  C:\Users\Ray\AppData\Local\Temp\ccL2yTiy.s 			page 8


 360 004c 9742     		.uleb128 0x2117
 361 004e 19       		.uleb128 0x19
 362 004f 00       		.byte	0
 363 0050 00       		.byte	0
 364 0051 06       		.uleb128 0x6
 365 0052 2E       		.uleb128 0x2e
 366 0053 01       		.byte	0x1
 367 0054 3F       		.uleb128 0x3f
 368 0055 19       		.uleb128 0x19
 369 0056 03       		.uleb128 0x3
 370 0057 0E       		.uleb128 0xe
 371 0058 3A       		.uleb128 0x3a
 372 0059 0B       		.uleb128 0xb
 373 005a 3B       		.uleb128 0x3b
 374 005b 0B       		.uleb128 0xb
 375 005c 27       		.uleb128 0x27
 376 005d 19       		.uleb128 0x19
 377 005e 49       		.uleb128 0x49
 378 005f 13       		.uleb128 0x13
 379 0060 11       		.uleb128 0x11
 380 0061 01       		.uleb128 0x1
 381 0062 12       		.uleb128 0x12
 382 0063 06       		.uleb128 0x6
 383 0064 40       		.uleb128 0x40
 384 0065 18       		.uleb128 0x18
 385 0066 9742     		.uleb128 0x2117
 386 0068 19       		.uleb128 0x19
 387 0069 01       		.uleb128 0x1
 388 006a 13       		.uleb128 0x13
 389 006b 00       		.byte	0
 390 006c 00       		.byte	0
 391 006d 07       		.uleb128 0x7
 392 006e 05       		.uleb128 0x5
 393 006f 00       		.byte	0
 394 0070 03       		.uleb128 0x3
 395 0071 08       		.uleb128 0x8
 396 0072 3A       		.uleb128 0x3a
 397 0073 0B       		.uleb128 0xb
 398 0074 3B       		.uleb128 0x3b
 399 0075 0B       		.uleb128 0xb
 400 0076 49       		.uleb128 0x49
 401 0077 13       		.uleb128 0x13
 402 0078 02       		.uleb128 0x2
 403 0079 17       		.uleb128 0x17
 404 007a 00       		.byte	0
 405 007b 00       		.byte	0
 406 007c 08       		.uleb128 0x8
 407 007d 34       		.uleb128 0x34
 408 007e 00       		.byte	0
 409 007f 03       		.uleb128 0x3
 410 0080 08       		.uleb128 0x8
 411 0081 3A       		.uleb128 0x3a
 412 0082 0B       		.uleb128 0xb
 413 0083 3B       		.uleb128 0x3b
 414 0084 0B       		.uleb128 0xb
 415 0085 49       		.uleb128 0x49
 416 0086 13       		.uleb128 0x13
ARM GAS  C:\Users\Ray\AppData\Local\Temp\ccL2yTiy.s 			page 9


 417 0087 02       		.uleb128 0x2
 418 0088 18       		.uleb128 0x18
 419 0089 00       		.byte	0
 420 008a 00       		.byte	0
 421 008b 09       		.uleb128 0x9
 422 008c 34       		.uleb128 0x34
 423 008d 00       		.byte	0
 424 008e 03       		.uleb128 0x3
 425 008f 08       		.uleb128 0x8
 426 0090 3A       		.uleb128 0x3a
 427 0091 0B       		.uleb128 0xb
 428 0092 3B       		.uleb128 0x3b
 429 0093 0B       		.uleb128 0xb
 430 0094 49       		.uleb128 0x49
 431 0095 13       		.uleb128 0x13
 432 0096 02       		.uleb128 0x2
 433 0097 17       		.uleb128 0x17
 434 0098 00       		.byte	0
 435 0099 00       		.byte	0
 436 009a 0A       		.uleb128 0xa
 437 009b 0B       		.uleb128 0xb
 438 009c 01       		.byte	0x1
 439 009d 55       		.uleb128 0x55
 440 009e 17       		.uleb128 0x17
 441 009f 00       		.byte	0
 442 00a0 00       		.byte	0
 443 00a1 0B       		.uleb128 0xb
 444 00a2 01       		.uleb128 0x1
 445 00a3 01       		.byte	0x1
 446 00a4 49       		.uleb128 0x49
 447 00a5 13       		.uleb128 0x13
 448 00a6 01       		.uleb128 0x1
 449 00a7 13       		.uleb128 0x13
 450 00a8 00       		.byte	0
 451 00a9 00       		.byte	0
 452 00aa 0C       		.uleb128 0xc
 453 00ab 21       		.uleb128 0x21
 454 00ac 00       		.byte	0
 455 00ad 49       		.uleb128 0x49
 456 00ae 13       		.uleb128 0x13
 457 00af 2F       		.uleb128 0x2f
 458 00b0 0B       		.uleb128 0xb
 459 00b1 00       		.byte	0
 460 00b2 00       		.byte	0
 461 00b3 0D       		.uleb128 0xd
 462 00b4 26       		.uleb128 0x26
 463 00b5 00       		.byte	0
 464 00b6 49       		.uleb128 0x49
 465 00b7 13       		.uleb128 0x13
 466 00b8 00       		.byte	0
 467 00b9 00       		.byte	0
 468 00ba 00       		.byte	0
 469              		.section	.debug_loc,"",%progbits
 470              	.Ldebug_loc0:
 471              	.LLST0:
 472 0000 00000000 		.4byte	.LVL0
 473 0004 0E000000 		.4byte	.LVL1
ARM GAS  C:\Users\Ray\AppData\Local\Temp\ccL2yTiy.s 			page 10


 474 0008 0100     		.2byte	0x1
 475 000a 50       		.byte	0x50
 476 000b 0E000000 		.4byte	.LVL1
 477 000f 4C000000 		.4byte	.LFE1
 478 0013 0100     		.2byte	0x1
 479 0015 51       		.byte	0x51
 480 0016 00000000 		.4byte	0
 481 001a 00000000 		.4byte	0
 482              	.LLST1:
 483 001e 22000000 		.4byte	.LVL2
 484 0022 28000000 		.4byte	.LVL3
 485 0026 0200     		.2byte	0x2
 486 0028 30       		.byte	0x30
 487 0029 9F       		.byte	0x9f
 488 002a 28000000 		.4byte	.LVL3
 489 002e 4C000000 		.4byte	.LFE1
 490 0032 0100     		.2byte	0x1
 491 0034 50       		.byte	0x50
 492 0035 00000000 		.4byte	0
 493 0039 00000000 		.4byte	0
 494              	.LLST2:
 495 003d 22000000 		.4byte	.LVL2
 496 0041 28000000 		.4byte	.LVL3
 497 0045 0200     		.2byte	0x2
 498 0047 34       		.byte	0x34
 499 0048 9F       		.byte	0x9f
 500 0049 28000000 		.4byte	.LVL3
 501 004d 4C000000 		.4byte	.LFE1
 502 0051 0100     		.2byte	0x1
 503 0053 53       		.byte	0x53
 504 0054 00000000 		.4byte	0
 505 0058 00000000 		.4byte	0
 506              		.section	.debug_aranges,"",%progbits
 507 0000 24000000 		.4byte	0x24
 508 0004 0200     		.2byte	0x2
 509 0006 00000000 		.4byte	.Ldebug_info0
 510 000a 04       		.byte	0x4
 511 000b 00       		.byte	0
 512 000c 0000     		.2byte	0
 513 000e 0000     		.2byte	0
 514 0010 00000000 		.4byte	.LFB0
 515 0014 02000000 		.4byte	.LFE0-.LFB0
 516 0018 00000000 		.4byte	.LFB1
 517 001c 4C000000 		.4byte	.LFE1-.LFB1
 518 0020 00000000 		.4byte	0
 519 0024 00000000 		.4byte	0
 520              		.section	.debug_ranges,"",%progbits
 521              	.Ldebug_ranges0:
 522 0000 22000000 		.4byte	.LBB2
 523 0004 24000000 		.4byte	.LBE2
 524 0008 26000000 		.4byte	.LBB3
 525 000c 42000000 		.4byte	.LBE3
 526 0010 00000000 		.4byte	0
 527 0014 00000000 		.4byte	0
 528 0018 00000000 		.4byte	.LFB0
 529 001c 02000000 		.4byte	.LFE0
 530 0020 00000000 		.4byte	.LFB1
ARM GAS  C:\Users\Ray\AppData\Local\Temp\ccL2yTiy.s 			page 11


 531 0024 4C000000 		.4byte	.LFE1
 532 0028 00000000 		.4byte	0
 533 002c 00000000 		.4byte	0
 534              		.section	.debug_line,"",%progbits
 535              	.Ldebug_line0:
 536 0000 6D010000 		.section	.debug_str,"MS",%progbits,1
 536      02003101 
 536      00000201 
 536      FB0E0D00 
 536      01010101 
 537              	.LASF6:
 538 0000 6C6F6E67 		.ascii	"long long int\000"
 538      206C6F6E 
 538      6720696E 
 538      7400
 539              	.LASF1:
 540 000e 756E7369 		.ascii	"unsigned char\000"
 540      676E6564 
 540      20636861 
 540      7200
 541              	.LASF5:
 542 001c 6C6F6E67 		.ascii	"long unsigned int\000"
 542      20756E73 
 542      69676E65 
 542      6420696E 
 542      7400
 543              	.LASF3:
 544 002e 73686F72 		.ascii	"short unsigned int\000"
 544      7420756E 
 544      7369676E 
 544      65642069 
 544      6E7400
 545              	.LASF9:
 546 0041 5F5F7569 		.ascii	"__uint32_t\000"
 546      6E743332 
 546      5F7400
 547              	.LASF8:
 548 004c 756E7369 		.ascii	"unsigned int\000"
 548      676E6564 
 548      20696E74 
 548      00
 549              	.LASF7:
 550 0059 6C6F6E67 		.ascii	"long long unsigned int\000"
 550      206C6F6E 
 550      6720756E 
 550      7369676E 
 550      65642069 
 551              	.LASF12:
 552 0070 474E5520 		.ascii	"GNU C11 5.4.1 20160609 (release) [ARM/embedded-5-br"
 552      43313120 
 552      352E342E 
 552      31203230 
 552      31363036 
 553 00a3 616E6368 		.ascii	"anch revision 237715] -mcpu=cortex-m0 -mthumb -g -O"
 553      20726576 
 553      6973696F 
 553      6E203233 
ARM GAS  C:\Users\Ray\AppData\Local\Temp\ccL2yTiy.s 			page 12


 553      37373135 
 554 00d6 67202D66 		.ascii	"g -ffunction-sections -ffat-lto-objects\000"
 554      66756E63 
 554      74696F6E 
 554      2D736563 
 554      74696F6E 
 555              	.LASF11:
 556 00fe 73697A65 		.ascii	"sizetype\000"
 556      74797065 
 556      00
 557              	.LASF13:
 558 0107 7374726F 		.ascii	"strong-arm\\src\\private\\util.c\000"
 558      6E672D61 
 558      726D5C73 
 558      72635C70 
 558      72697661 
 559              	.LASF2:
 560 0125 73686F72 		.ascii	"short int\000"
 560      7420696E 
 560      7400
 561              	.LASF14:
 562 012f 5C5C5642 		.ascii	"\\\\VBOXSVR\\raywang\\Dropbox (MIT)\\CTFs\\eCTF\\20"
 562      4F585356 
 562      525C7261 
 562      7977616E 
 562      675C4472 
 563 015b 31382D65 		.ascii	"18-ectf-milestones-demo\\Milestones Demo Workspace\\"
 563      6374662D 
 563      6D696C65 
 563      73746F6E 
 563      65732D64 
 564 018d 7374726F 		.ascii	"strong-arm.cylib\000"
 564      6E672D61 
 564      726D2E63 
 564      796C6962 
 564      00
 565              	.LASF15:
 566 019e 6572726F 		.ascii	"error_state\000"
 566      725F7374 
 566      61746500 
 567              	.LASF10:
 568 01aa 75696E74 		.ascii	"uint32_t\000"
 568      33325F74 
 568      00
 569              	.LASF4:
 570 01b3 6C6F6E67 		.ascii	"long int\000"
 570      20696E74 
 570      00
 571              	.LASF0:
 572 01bc 7369676E 		.ascii	"signed char\000"
 572      65642063 
 572      68617200 
 573              	.LASF16:
 574 01c8 626C6F67 		.ascii	"blog2\000"
 574      3200
 575              		.ident	"GCC: (GNU Tools for ARM Embedded Processors) 5.4.1 20160609 (release) [ARM/embedded-5-bran
